Mplus VERSION 8.8
MUTHEN & MUTHEN
04/03/2023  10:23 AM

INPUT INSTRUCTIONS

  TITLE:
  model 1 with 3 classes
  DATA:
  FILE = "data_62339a89bd516bfbbc8576cfc6c62338.dat";

  VARIABLE:
  NAMES = broad_interest enjoyment instrumental_mot self_efficacy;
   MISSING=.;
   CLASSES = c1(3);

  ANALYSIS:
  TYPE = mixture;
  starts = 100, 20;
  MODEL:
  %c1#1%
  broad_interest (vbroad_interest);
  enjoyment (venjoyment);
  instrumental_mot (vinstrumental_mot);
  self_efficacy (vself_efficacy);

  broad_interest WITH enjoyment@0;
  broad_interest WITH instrumental_mot@0;
  broad_interest WITH self_efficacy@0;
  enjoyment WITH instrumental_mot@0;
  enjoyment WITH self_efficacy@0;
  instrumental_mot WITH self_efficacy@0;

  %c1#2%
  broad_interest (vbroad_interest);
  enjoyment (venjoyment);
  instrumental_mot (vinstrumental_mot);
  self_efficacy (vself_efficacy);

  broad_interest WITH enjoyment@0;
  broad_interest WITH instrumental_mot@0;
  broad_interest WITH self_efficacy@0;
  enjoyment WITH instrumental_mot@0;
  enjoyment WITH self_efficacy@0;
  instrumental_mot WITH self_efficacy@0;

  %c1#3%
  broad_interest (vbroad_interest);
  enjoyment (venjoyment);
  instrumental_mot (vinstrumental_mot);
  self_efficacy (vself_efficacy);

  broad_interest WITH enjoyment@0;
  broad_interest WITH instrumental_mot@0;
  broad_interest WITH self_efficacy@0;
  enjoyment WITH instrumental_mot@0;
  enjoyment WITH self_efficacy@0;
  instrumental_mot WITH self_efficacy@0;


  OUTPUT:
  TECH14;

  SAVEDATA:
  FILE IS model_1_class_3.dat;
  SAVE = cprobabilities;



*** WARNING in VARIABLE command
  Note that only the first 8 characters of variable names are used in the output.
  Shorten variable names to avoid any confusion.
*** WARNING in MODEL command
  All variables are uncorrelated with all other variables within class.
  Check that this is what is intended.
   2 WARNING(S) FOUND IN THE INPUT INSTRUCTIONS




model 1 with 3 classes

SUMMARY OF ANALYSIS

Number of groups                                                 1
Number of observations                                         488

Number of dependent variables                                    4
Number of independent variables                                  0
Number of continuous latent variables                            0
Number of categorical latent variables                           1

Observed dependent variables

  Continuous
   BROAD_INTE  ENJOYMENT   INSTRUMENT  SELF_EFFIC

Categorical latent variables
   C1


Estimator                                                      MLR
Information matrix                                        OBSERVED
Optimization Specifications for the Quasi-Newton Algorithm for
Continuous Outcomes
  Maximum number of iterations                                 100
  Convergence criterion                                  0.100D-05
Optimization Specifications for the EM Algorithm
  Maximum number of iterations                                 500
  Convergence criteria
    Loglikelihood change                                 0.100D-06
    Relative loglikelihood change                        0.100D-06
    Derivative                                           0.100D-05
Optimization Specifications for the M step of the EM Algorithm for
Categorical Latent variables
  Number of M step iterations                                    1
  M step convergence criterion                           0.100D-05
  Basis for M step termination                           ITERATION
Optimization Specifications for the M step of the EM Algorithm for
Censored, Binary or Ordered Categorical (Ordinal), Unordered
Categorical (Nominal) and Count Outcomes
  Number of M step iterations                                    1
  M step convergence criterion                           0.100D-05
  Basis for M step termination                           ITERATION
  Maximum value for logit thresholds                            15
  Minimum value for logit thresholds                           -15
  Minimum expected cell size for chi-square              0.100D-01
Maximum number of iterations for H1                           2000
Convergence criterion for H1                             0.100D-03
Optimization algorithm                                         EMA
Random Starts Specifications
  Number of initial stage random starts                        100
  Number of final stage optimizations                           20
  Number of initial stage iterations                            10
  Initial stage convergence criterion                    0.100D+01
  Random starts scale                                    0.500D+01
  Random seed for generating random starts                       0

Input data file(s)
  data_62339a89bd516bfbbc8576cfc6c62338.dat
Input data format  FREE


SUMMARY OF DATA

     Number of missing data patterns             8
     Number of y missing data patterns           8
     Number of u missing data patterns           0


COVARIANCE COVERAGE OF DATA

Minimum covariance coverage value   0.100


     PROPORTION OF DATA PRESENT FOR Y


           Covariance Coverage
              BROAD_IN      ENJOYMEN      INSTRUME      SELF_EFF
              ________      ________      ________      ________
 BROAD_IN       0.977
 ENJOYMEN       0.977         0.996
 INSTRUME       0.971         0.977         0.982
 SELF_EFF       0.969         0.975         0.973         0.977



UNIVARIATE SAMPLE STATISTICS


     UNIVARIATE HIGHER-ORDER MOMENT DESCRIPTIVE STATISTICS

         Variable/         Mean/     Skewness/   Minimum/ % with                Percentiles
        Sample Size      Variance    Kurtosis    Maximum  Min/Max      20%/60%    40%/80%    Median

     BROAD_INTEREST        2.666      -0.140       1.000    4.82%       2.000      2.600      2.800
             477.000       0.595      -0.053       5.000    0.21%       3.000      3.200
     ENJOYMENT             2.820      -0.454       1.000    3.70%       2.400      2.800      3.000
             486.000       0.514       0.248       4.000   10.49%       3.000      3.400
     INSTRUMENTAL_MO       2.129       0.455       1.000   14.82%       1.500      2.000      2.000
             479.000       0.561       0.120       4.000    4.38%       2.000      2.750
     SELF_EFFICACY         2.125       0.398       1.000    6.29%       1.625      2.000      2.000
             477.000       0.414       0.138       4.000    1.26%       2.250      2.625

RANDOM STARTS RESULTS RANKED FROM THE BEST TO THE WORST LOGLIKELIHOOD VALUES

Final stage loglikelihood values at local maxima, seeds, and initial stage start numbers:

           -1952.978  407168           44
           -1952.978  569131           26
           -1952.978  939021           8
           -1952.978  443917           60
           -1952.978  887676           22
           -1952.978  399671           13
           -1952.978  963053           43
           -1952.978  259507           53
           -1952.978  370466           41
           -1952.978  987090           70
           -1952.978  314084           81
           -1952.978  247224           94
           -1952.978  848163           47
           -1952.978  372176           23
           -1952.978  153942           31
           -1952.978  637345           19

4 perturbed starting value run(s) did not converge or were rejected in the third stage.



THE BEST LOGLIKELIHOOD VALUE HAS BEEN REPLICATED.  RERUN WITH AT LEAST TWICE THE
RANDOM STARTS TO CHECK THAT THE BEST LOGLIKELIHOOD IS STILL OBTAINED AND REPLICATED.


THE MODEL ESTIMATION TERMINATED NORMALLY



MODEL FIT INFORMATION

Number of Free Parameters                       18

Loglikelihood

          H0 Value                       -1952.978
          H0 Scaling Correction Factor      1.2376
            for MLR

Information Criteria

          Akaike (AIC)                    3941.956
          Bayesian (BIC)                  4017.382
          Sample-Size Adjusted BIC        3960.250
            (n* = (n + 2) / 24)



FINAL CLASS COUNTS AND PROPORTIONS FOR THE LATENT CLASSES
BASED ON THE ESTIMATED MODEL

    Latent
   Classes

       1         81.97700          0.16799
       2         90.67902          0.18582
       3        315.34398          0.64620


FINAL CLASS COUNTS AND PROPORTIONS FOR THE LATENT CLASSES
BASED ON ESTIMATED POSTERIOR PROBABILITIES

    Latent
   Classes

       1         81.97700          0.16799
       2         90.67902          0.18582
       3        315.34398          0.64620


FINAL CLASS COUNTS AND PROPORTIONS FOR THE LATENT CLASSES
BASED ON THEIR MOST LIKELY LATENT CLASS MEMBERSHIP

Class Counts and Proportions

    Latent
   Classes

       1               79          0.16189
       2               86          0.17623
       3              323          0.66189


CLASSIFICATION QUALITY

     Entropy                         0.837


Average Latent Class Probabilities for Most Likely Latent Class Membership (Row)
by Latent Class (Column)

           1        2        3

    1   0.913    0.000    0.087
    2   0.000    0.924    0.076
    3   0.030    0.035    0.935


Classification Probabilities for the Most Likely Latent Class Membership (Column)
by Latent Class (Row)

           1        2        3

    1   0.880    0.000    0.120
    2   0.000    0.877    0.123
    3   0.022    0.021    0.958


Logits for the Classification Probabilities for the Most Likely Latent Class Membership (Column)
by Latent Class (Row)

              1        2        3

    1      1.992  -11.696    0.000
    2    -11.722    1.962    0.000
    3     -3.783   -3.838    0.000


MODEL RESULTS

                                                    Two-Tailed
                    Estimate       S.E.  Est./S.E.    P-Value

Latent Class 1

 BROAD_IN WITH
    ENJOYMENT          0.000      0.000    999.000    999.000
    INSTRUMENT         0.000      0.000    999.000    999.000
    SELF_EFFIC         0.000      0.000    999.000    999.000

 ENJOYMEN WITH
    INSTRUMENT         0.000      0.000    999.000    999.000
    SELF_EFFIC         0.000      0.000    999.000    999.000

 INSTRUME WITH
    SELF_EFFIC         0.000      0.000    999.000    999.000

 Means
    BROAD_INTE         1.926      0.112     17.227      0.000
    ENJOYMENT          1.684      0.102     16.452      0.000
    INSTRUMENT         2.567      0.112     22.978      0.000
    SELF_EFFIC         2.476      0.100     24.773      0.000

 Variances
    BROAD_INTE         0.449      0.039     11.427      0.000
    ENJOYMENT          0.118      0.019      6.350      0.000
    INSTRUMENT         0.497      0.038     12.976      0.000
    SELF_EFFIC         0.361      0.024     15.267      0.000

Latent Class 2

 BROAD_IN WITH
    ENJOYMENT          0.000      0.000    999.000    999.000
    INSTRUMENT         0.000      0.000    999.000    999.000
    SELF_EFFIC         0.000      0.000    999.000    999.000

 ENJOYMEN WITH
    INSTRUMENT         0.000      0.000    999.000    999.000
    SELF_EFFIC         0.000      0.000    999.000    999.000

 INSTRUME WITH
    SELF_EFFIC         0.000      0.000    999.000    999.000

 Means
    BROAD_INTE         3.198      0.077     41.378      0.000
    ENJOYMENT          3.800      0.051     75.050      0.000
    INSTRUMENT         1.724      0.093     18.579      0.000
    SELF_EFFIC         1.714      0.066     25.972      0.000

 Variances
    BROAD_INTE         0.449      0.039     11.427      0.000
    ENJOYMENT          0.118      0.019      6.350      0.000
    INSTRUMENT         0.497      0.038     12.976      0.000
    SELF_EFFIC         0.361      0.024     15.267      0.000

Latent Class 3

 BROAD_IN WITH
    ENJOYMENT          0.000      0.000    999.000    999.000
    INSTRUMENT         0.000      0.000    999.000    999.000
    SELF_EFFIC         0.000      0.000    999.000    999.000

 ENJOYMEN WITH
    INSTRUMENT         0.000      0.000    999.000    999.000
    SELF_EFFIC         0.000      0.000    999.000    999.000

 INSTRUME WITH
    SELF_EFFIC         0.000      0.000    999.000    999.000

 Means
    BROAD_INTE         2.706      0.048     56.580      0.000
    ENJOYMENT          2.835      0.035     80.259      0.000
    INSTRUMENT         2.131      0.041     51.587      0.000
    SELF_EFFIC         2.152      0.037     57.724      0.000

 Variances
    BROAD_INTE         0.449      0.039     11.427      0.000
    ENJOYMENT          0.118      0.019      6.350      0.000
    INSTRUMENT         0.497      0.038     12.976      0.000
    SELF_EFFIC         0.361      0.024     15.267      0.000

Categorical Latent Variables

 Means
    C1#1              -1.347      0.203     -6.650      0.000
    C1#2              -1.246      0.140     -8.928      0.000


QUALITY OF NUMERICAL RESULTS

     Condition Number for the Information Matrix              0.260E-02
       (ratio of smallest to largest eigenvalue)


TECHNICAL 14 OUTPUT

     Random Starts Specifications for the k-1 Class Analysis Model
        Number of initial stage random starts                 100
        Number of final stage optimizations                    20

     Random Starts Specification for the k-1 Class Model for Generated Data
        Number of initial stage random starts                   0
        Number of final stage optimizations for the
           initial stage random starts                          0
     Random Starts Specification for the k Class Model for Generated Data
        Number of initial stage random starts                  40
        Number of final stage optimizations                     8
     Number of bootstrap draws requested                   Varies


     PARAMETRIC BOOTSTRAPPED LIKELIHOOD RATIO TEST FOR 2 (H0) VERSUS 3 CLASSES

          H0 Loglikelihood Value                        -1996.513
          2 Times the Loglikelihood Difference             87.070
          Difference in the Number of Parameters                5
          Approximate P-Value                              0.0000
          Successful Bootstrap Draws                            5


SAVEDATA INFORMATION


  Save file
    model_1_class_3.dat

  Order and format of variables

    BROAD_IN       F10.3
    ENJOYMEN       F10.3
    INSTRUME       F10.3
    SELF_EFF       F10.3
    CPROB1         F10.3
    CPROB2         F10.3
    CPROB3         F10.3
    C1             F10.3

  Save file format
    8F10.3

  Save file record length    10000

  Save missing symbol        *


     Beginning Time:  10:23:21
        Ending Time:  10:23:27
       Elapsed Time:  00:00:06



MUTHEN & MUTHEN
3463 Stoner Ave.
Los Angeles, CA  90066

Tel: (310) 391-9971
Fax: (310) 391-8971
Web: www.StatModel.com
Support: Support@StatModel.com

Copyright (c) 1998-2022 Muthen & Muthen
