Mplus VERSION 8.11
MUTHEN & MUTHEN
10/31/2024   4:05 PM

INPUT INSTRUCTIONS

  TITLE:
  model 5 with 2 classes
  DATA:
  FILE = "data_62339a89bd516bfbbc8576cfc6c62338.dat";
  VARIABLE:
  NAMES = broad_interest enjoyment instrumental_mot self_efficacy;
   MISSING=.;
   CLASSES = c1(2);

  ANALYSIS:
  TYPE = mixture;
  starts = 500 100;
  MODEL:
  %c1#1%
  broad_interest (vbroad_interest);
  enjoyment (venjoyment);
  instrumental_mot (vinstrumental_mot);
  self_efficacy (vself_efficacy);

  broad_interest WITH enjoyment (broad_interestWenjoyment1);
  broad_interest WITH instrumental_mot (broad_interestWinstrumental_mot1);
  broad_interest WITH self_efficacy (broad_interestWself_efficacy1);
  enjoyment WITH instrumental_mot (enjoymentWinstrumental_mot1);
  enjoyment WITH self_efficacy (enjoymentWself_efficacy1);
  instrumental_mot WITH self_efficacy (instrumental_motWself_efficacy1);

  %c1#2%
  broad_interest (vbroad_interest);
  enjoyment (venjoyment);
  instrumental_mot (vinstrumental_mot);
  self_efficacy (vself_efficacy);

  broad_interest WITH enjoyment (broad_interestWenjoyment2);
  broad_interest WITH instrumental_mot (broad_interestWinstrumental_mot2);
  broad_interest WITH self_efficacy (broad_interestWself_efficacy2);
  enjoyment WITH instrumental_mot (enjoymentWinstrumental_mot2);
  enjoyment WITH self_efficacy (enjoymentWself_efficacy2);
  instrumental_mot WITH self_efficacy (instrumental_motWself_efficacy2);


  OUTPUT:
  TECH14;
  sampstat residual tech11 tech14
  SAVEDATA:
  FILE IS model_5_class_2.dat;
  SAVE = cprobabilities;



*** WARNING in VARIABLE command
  Note that only the first 8 characters of variable names are used in the output.
  Shorten variable names to avoid any confusion.
*** WARNING in MODEL command
  All variables are uncorrelated with all other variables within class.
  Check that this is what is intended.
   2 WARNING(S) FOUND IN THE INPUT INSTRUCTIONS




model 5 with 2 classes

SUMMARY OF ANALYSIS

Number of groups                                                 1
Number of observations                                         488

Number of dependent variables                                    4
Number of independent variables                                  0
Number of continuous latent variables                            0
Number of categorical latent variables                           1

Observed dependent variables

  Continuous
   BROAD_INTE  ENJOYMENT   INSTRUMENT  SELF_EFFIC

Categorical latent variables
   C1


Estimator                                                      MLR
Information matrix                                        OBSERVED
Optimization Specifications for the Quasi-Newton Algorithm for
Continuous Outcomes
  Maximum number of iterations                                 100
  Convergence criterion                                  0.100D-05
Optimization Specifications for the EM Algorithm
  Maximum number of iterations                                 500
  Convergence criteria
    Loglikelihood change                                 0.100D-06
    Relative loglikelihood change                        0.100D-06
    Derivative                                           0.100D-05
Optimization Specifications for the M step of the EM Algorithm for
Categorical Latent variables
  Number of M step iterations                                    1
  M step convergence criterion                           0.100D-05
  Basis for M step termination                           ITERATION
Optimization Specifications for the M step of the EM Algorithm for
Censored, Binary or Ordered Categorical (Ordinal), Unordered
Categorical (Nominal) and Count Outcomes
  Number of M step iterations                                    1
  M step convergence criterion                           0.100D-05
  Basis for M step termination                           ITERATION
  Maximum value for logit thresholds                            15
  Minimum value for logit thresholds                           -15
  Minimum expected cell size for chi-square              0.100D-01
Maximum number of iterations for H1                           2000
Convergence criterion for H1                             0.100D-03
Optimization algorithm                                         EMA
Random Starts Specifications
  Number of initial stage random starts                        500
  Number of final stage optimizations                          100
  Number of initial stage iterations                            10
  Initial stage convergence criterion                    0.100D+01
  Random starts scale                                    0.500D+01
  Random seed for generating random starts                       0

Input data file(s)
  data_62339a89bd516bfbbc8576cfc6c62338.dat
Input data format  FREE


SUMMARY OF DATA

     Number of missing data patterns             8
     Number of y missing data patterns           8
     Number of u missing data patterns           0


COVARIANCE COVERAGE OF DATA

Minimum covariance coverage value   0.100


     PROPORTION OF DATA PRESENT FOR Y


           Covariance Coverage
              BROAD_IN      ENJOYMEN      INSTRUME      SELF_EFF
              ________      ________      ________      ________
 BROAD_IN       0.977
 ENJOYMEN       0.977         0.996
 INSTRUME       0.971         0.977         0.982
 SELF_EFF       0.969         0.975         0.973         0.977


SAMPLE STATISTICS


     ESTIMATED SAMPLE STATISTICS


           Means
              BROAD_IN      ENJOYMEN      INSTRUME      SELF_EFF
              ________      ________      ________      ________
                2.666         2.821         2.129         2.125


           Covariances
              BROAD_IN      ENJOYMEN      INSTRUME      SELF_EFF
              ________      ________      ________      ________
 BROAD_IN       0.595
 ENJOYMEN       0.272         0.514
 INSTRUME      -0.100        -0.171         0.560
 SELF_EFF      -0.099        -0.145         0.095         0.414


           Correlations
              BROAD_IN      ENJOYMEN      INSTRUME      SELF_EFF
              ________      ________      ________      ________
 BROAD_IN       1.000
 ENJOYMEN       0.492         1.000
 INSTRUME      -0.173        -0.319         1.000
 SELF_EFF      -0.199        -0.314         0.197         1.000


     MAXIMUM LOG-LIKELIHOOD VALUE FOR THE UNRESTRICTED (H1) MODEL IS -1968.348


UNIVARIATE SAMPLE STATISTICS


     UNIVARIATE HIGHER-ORDER MOMENT DESCRIPTIVE STATISTICS

         Variable/         Mean/     Skewness/   Minimum/ % with                Percentiles
        Sample Size      Variance    Kurtosis    Maximum  Min/Max      20%/60%    40%/80%    Median

     BROAD_INTEREST        2.666      -0.140       1.000    4.82%       2.000      2.600      2.800
             477.000       0.595      -0.053       5.000    0.21%       3.000      3.200
     ENJOYMENT             2.820      -0.454       1.000    3.70%       2.400      2.800      3.000
             486.000       0.514       0.248       4.000   10.49%       3.000      3.400
     INSTRUMENTAL_MO       2.129       0.455       1.000   14.82%       1.500      2.000      2.000
             479.000       0.561       0.120       4.000    4.38%       2.000      2.750
     SELF_EFFICACY         2.125       0.398       1.000    6.29%       1.625      2.000      2.000
             477.000       0.414       0.138       4.000    1.26%       2.250      2.625

RANDOM STARTS RESULTS RANKED FROM THE BEST TO THE WORST LOGLIKELIHOOD VALUES

20 perturbed starting value run(s) did not converge in the initial stage
optimizations.

Final stage loglikelihood values at local maxima, seeds, and initial stage start numbers:

           -1927.095  699554           427
           -1927.095  539751           459
           -1927.095  131856           90
           -1927.095  644297           340
           -1927.095  264081           186
           -1927.095  898745           466
           -1927.095  526324           178
           -1927.095  358488           264
           -1927.095  637095           207
           -1927.095  479273           156
           -1927.095  399380           436
           -1927.095  879338           309
           -1927.095  629320           222
           -1927.095  471438           252
           -1927.095  123985           248
           -1927.095  168762           200
           -1927.095  285380           1
           -1927.095  263268           165
           -1927.095  798821           423
           -1927.095  777045           377
           -1927.095  631413           439
           -1937.039  871851           257
           -1937.039  608496           4
           -1937.039  55115            408
           -1937.039  762461           425
           -1937.039  928287           197
           -1937.039  520177           262
           -1937.095  281558           184
           -1939.515  801717           364
           -1939.515  366706           29
           -1939.515  210870           383
           -1939.515  165853           105
           -1939.515  780698           337
           -1939.515  922042           492
           -1939.515  625191           350
           -1939.515  417035           149
           -1939.515  723775           97
           -1939.515  848969           173
           -1939.515  73576            213
           -1939.515  153053           378
           -1939.515  399848           220
           -1939.515  509733           130
           -1939.515  788796           145
           -1939.515  49221            254
           -1939.515  741888           138
           -1939.515  997222           229
           -1939.515  464179           106
           -1939.515  608460           244
           -1940.548  268217           83
           -1940.548  592219           119
           -1940.548  366533           484
           -1940.548  15715            274
           -1940.548  471398           74
           -1940.548  476498           179
           -1940.548  793035           187
           -1940.548  432148           30
           -1941.330  321390           133
           -1941.330  405079           68
           -1942.462  957392           79
           -1942.966  701525           239
           -1943.379  787985           482
           -1943.708  188498           258
           -1943.710  190339           102
           -1943.968  887676           22
           -1943.968  364676           27
           -1943.968  392407           221

34 perturbed starting value run(s) did not converge or were rejected in the third stage.



THE BEST LOGLIKELIHOOD VALUE HAS BEEN REPLICATED.  RERUN WITH AT LEAST TWICE THE
RANDOM STARTS TO CHECK THAT THE BEST LOGLIKELIHOOD IS STILL OBTAINED AND REPLICATED.


THE MODEL ESTIMATION TERMINATED NORMALLY



MODEL FIT INFORMATION

Number of Free Parameters                       25

Loglikelihood

          H0 Value                       -1927.095
          H0 Scaling Correction Factor      1.0843
            for MLR

Information Criteria

          Akaike (AIC)                    3904.189
          Bayesian (BIC)                  4008.947
          Sample-Size Adjusted BIC        3929.598
            (n* = (n + 2) / 24)



FINAL CLASS COUNTS AND PROPORTIONS FOR THE LATENT CLASSES
BASED ON THE ESTIMATED MODEL

    Latent
   Classes

       1        216.73192          0.44412
       2        271.26808          0.55588


FINAL CLASS COUNTS AND PROPORTIONS FOR THE LATENT CLASSES
BASED ON ESTIMATED POSTERIOR PROBABILITIES

    Latent
   Classes

       1        216.73192          0.44412
       2        271.26808          0.55588


FINAL CLASS COUNTS AND PROPORTIONS FOR THE LATENT CLASSES
BASED ON THEIR MOST LIKELY LATENT CLASS MEMBERSHIP

Class Counts and Proportions

    Latent
   Classes

       1              162          0.33197
       2              326          0.66803


CLASSIFICATION QUALITY

     Entropy                         0.284


Average Latent Class Probabilities for Most Likely Latent Class Membership (Row)
by Latent Class (Column)

           1        2

    1   0.786    0.214
    2   0.274    0.726


Classification Probabilities for the Most Likely Latent Class Membership (Column)
by Latent Class (Row)

           1        2

    1   0.587    0.413
    2   0.128    0.872


Logits for the Classification Probabilities for the Most Likely Latent Class Membership (Column)
by Latent Class (Row)

              1        2

    1      0.353    0.000
    2     -1.920    0.000


MODEL RESULTS

                                                    Two-Tailed
                    Estimate       S.E.  Est./S.E.    P-Value

Latent Class 1

 BROAD_IN WITH
    ENJOYMENT          0.125      0.049      2.548      0.011
    INSTRUMENT         0.159      0.053      3.017      0.003
    SELF_EFFIC         0.020      0.053      0.385      0.701

 ENJOYMEN WITH
    INSTRUMENT         0.043      0.050      0.871      0.384
    SELF_EFFIC        -0.169      0.049     -3.425      0.001

 INSTRUME WITH
    SELF_EFFIC        -0.003      0.040     -0.088      0.930

 Means
    BROAD_INTE         2.691      0.074     36.209      0.000
    ENJOYMENT          2.795      0.074     37.968      0.000
    INSTRUMENT         2.161      0.079     27.407      0.000
    SELF_EFFIC         2.108      0.062     34.015      0.000

 Variances
    BROAD_INTE         0.605      0.038     15.780      0.000
    ENJOYMENT          0.529      0.036     14.612      0.000
    INSTRUMENT         0.568      0.037     15.533      0.000
    SELF_EFFIC         0.416      0.028     14.919      0.000

Latent Class 2

 BROAD_IN WITH
    ENJOYMENT          0.427      0.036     12.012      0.000
    INSTRUMENT        -0.368      0.045     -8.156      0.000
    SELF_EFFIC        -0.198      0.046     -4.302      0.000

 ENJOYMEN WITH
    INSTRUMENT        -0.392      0.042     -9.407      0.000
    SELF_EFFIC        -0.139      0.048     -2.910      0.004

 INSTRUME WITH
    SELF_EFFIC         0.180      0.041      4.370      0.000

 Means
    BROAD_INTE         2.645      0.059     44.658      0.000
    ENJOYMENT          2.842      0.056     50.851      0.000
    INSTRUMENT         2.103      0.060     35.000      0.000
    SELF_EFFIC         2.138      0.055     38.773      0.000

 Variances
    BROAD_INTE         0.605      0.038     15.780      0.000
    ENJOYMENT          0.529      0.036     14.612      0.000
    INSTRUMENT         0.568      0.037     15.533      0.000
    SELF_EFFIC         0.416      0.028     14.919      0.000

Categorical Latent Variables

 Means
    C1#1              -0.224      0.289     -0.776      0.437


QUALITY OF NUMERICAL RESULTS

     Condition Number for the Information Matrix              0.132E-03
       (ratio of smallest to largest eigenvalue)


RESIDUAL OUTPUT


     ESTIMATED MODEL AND RESIDUALS (OBSERVED - ESTIMATED) FOR CLASS 1


           Model Estimated Means
              BROAD_IN      ENJOYMEN      INSTRUME      SELF_EFF
              ________      ________      ________      ________
                2.691         2.795         2.161         2.108


           Residuals for Means
              BROAD_IN      ENJOYMEN      INSTRUME      SELF_EFF
              ________      ________      ________      ________
                0.001        -0.001         0.001        -0.001


           Model Estimated Covariances
              BROAD_IN      ENJOYMEN      INSTRUME      SELF_EFF
              ________      ________      ________      ________
 BROAD_IN       0.605
 ENJOYMEN       0.125         0.529
 INSTRUME       0.159         0.043         0.568
 SELF_EFF       0.020        -0.169        -0.003         0.416


           Residuals for Covariances
              BROAD_IN      ENJOYMEN      INSTRUME      SELF_EFF
              ________      ________      ________      ________
 BROAD_IN       0.044
 ENJOYMEN       0.026         0.027
 INSTRUME       0.036         0.015         0.035
 SELF_EFF       0.018         0.018         0.009        -0.033


     ESTIMATED MODEL AND RESIDUALS (OBSERVED - ESTIMATED) FOR CLASS 2


           Model Estimated Means
              BROAD_IN      ENJOYMEN      INSTRUME      SELF_EFF
              ________      ________      ________      ________
                2.645         2.842         2.103         2.138


           Residuals for Means
              BROAD_IN      ENJOYMEN      INSTRUME      SELF_EFF
              ________      ________      ________      ________
                0.001        -0.002        -0.001         0.001


           Model Estimated Covariances
              BROAD_IN      ENJOYMEN      INSTRUME      SELF_EFF
              ________      ________      ________      ________
 BROAD_IN       0.605
 ENJOYMEN       0.427         0.529
 INSTRUME      -0.368        -0.392         0.568
 SELF_EFF      -0.198        -0.139         0.180         0.416


           Residuals for Covariances
              BROAD_IN      ENJOYMEN      INSTRUME      SELF_EFF
              ________      ________      ________      ________
 BROAD_IN      -0.054
 ENJOYMEN      -0.041        -0.049
 INSTRUME       0.058         0.049        -0.041
 SELF_EFF       0.010         0.009         0.008         0.022


TECHNICAL 11 OUTPUT

     Random Starts Specifications for the k-1 Class Analysis Model
        Number of initial stage random starts                 500
        Number of final stage optimizations                   100



     VUONG-LO-MENDELL-RUBIN LIKELIHOOD RATIO TEST FOR 1 (H0) VERSUS 2 CLASSES

          H0 Loglikelihood Value                        -1968.348
          2 Times the Loglikelihood Difference             82.507
          Difference in the Number of Parameters               11
          Mean                                             12.570
          Standard Deviation                               11.678
          P-Value                                          0.0001

     LO-MENDELL-RUBIN ADJUSTED LRT TEST

          Value                                            81.313
          P-Value                                          0.0002


TECHNICAL 14 OUTPUT

     Random Starts Specifications for the k-1 Class Analysis Model
        Number of initial stage random starts                 500
        Number of final stage optimizations                   100

     Random Starts Specification for the k-1 Class Model for Generated Data
        Number of initial stage random starts                   0
        Number of final stage optimizations for the
           initial stage random starts                          0
     Random Starts Specification for the k Class Model for Generated Data
        Number of initial stage random starts                  40
        Number of final stage optimizations                     8
     Number of bootstrap draws requested                   Varies


     PARAMETRIC BOOTSTRAPPED LIKELIHOOD RATIO TEST FOR 1 (H0) VERSUS 2 CLASSES

          H0 Loglikelihood Value                        -1968.348
          2 Times the Loglikelihood Difference             82.507
          Difference in the Number of Parameters               11
          Approximate P-Value                              0.0000
          Successful Bootstrap Draws                           49

     WARNING:  OF THE 49 BOOTSTRAP DRAWS, 43 DRAWS HAD BOTH A SMALLER LRT VALUE THAN THE
     OBSERVED LRT VALUE AND NOT A REPLICATED BEST LOGLIKELIHOOD VALUE FOR THE 2-CLASS MODEL.
     THIS MEANS THAT THE P-VALUE MAY NOT BE TRUSTWORTHY DUE TO LOCAL MAXIMA.
     INCREASE THE NUMBER OF RANDOM STARTS USING THE LRTSTARTS OPTION.



SAVEDATA INFORMATION


  Save file
    model_5_class_2.dat

  Order and format of variables

    BROAD_IN       F10.3
    ENJOYMEN       F10.3
    INSTRUME       F10.3
    SELF_EFF       F10.3
    CPROB1         F10.3
    CPROB2         F10.3
    C1             F10.3

  Save file format
    7F10.3

  Save file record length    10000

  Save missing symbol        *


     Beginning Time:  16:05:36
        Ending Time:  16:06:13
       Elapsed Time:  00:00:37



MUTHEN & MUTHEN
3463 Stoner Ave.
Los Angeles, CA  90066

Tel: (310) 391-9971
Fax: (310) 391-8971
Web: www.StatModel.com
Support: Support@StatModel.com

Copyright (c) 1998-2024 Muthen & Muthen
