Mplus VERSION 8.11
MUTHEN & MUTHEN
10/31/2024   4:03 PM

INPUT INSTRUCTIONS

  TITLE:
  model 4 with 3 classes
  DATA:
  FILE = "data_62339a89bd516bfbbc8576cfc6c62338.dat";
  VARIABLE:
  NAMES = broad_interest enjoyment instrumental_mot self_efficacy;
   MISSING=.;
   CLASSES = c1(3);

  ANALYSIS:
  TYPE = mixture;
  starts = 500 100;
  MODEL:
  %c1#1%
  broad_interest (vbroad_interest1);
  enjoyment (venjoyment1);
  instrumental_mot (vinstrumental_mot1);
  self_efficacy (vself_efficacy1);

  broad_interest WITH enjoyment (broad_interestWenjoyment);
  broad_interest WITH instrumental_mot (broad_interestWinstrumental_mot);
  broad_interest WITH self_efficacy (broad_interestWself_efficacy);
  enjoyment WITH instrumental_mot (enjoymentWinstrumental_mot);
  enjoyment WITH self_efficacy (enjoymentWself_efficacy);
  instrumental_mot WITH self_efficacy (instrumental_motWself_efficacy);

  %c1#2%
  broad_interest (vbroad_interest2);
  enjoyment (venjoyment2);
  instrumental_mot (vinstrumental_mot2);
  self_efficacy (vself_efficacy2);

  broad_interest WITH enjoyment (broad_interestWenjoyment);
  broad_interest WITH instrumental_mot (broad_interestWinstrumental_mot);
  broad_interest WITH self_efficacy (broad_interestWself_efficacy);
  enjoyment WITH instrumental_mot (enjoymentWinstrumental_mot);
  enjoyment WITH self_efficacy (enjoymentWself_efficacy);
  instrumental_mot WITH self_efficacy (instrumental_motWself_efficacy);

  %c1#3%
  broad_interest (vbroad_interest3);
  enjoyment (venjoyment3);
  instrumental_mot (vinstrumental_mot3);
  self_efficacy (vself_efficacy3);

  broad_interest WITH enjoyment (broad_interestWenjoyment);
  broad_interest WITH instrumental_mot (broad_interestWinstrumental_mot);
  broad_interest WITH self_efficacy (broad_interestWself_efficacy);
  enjoyment WITH instrumental_mot (enjoymentWinstrumental_mot);
  enjoyment WITH self_efficacy (enjoymentWself_efficacy);
  instrumental_mot WITH self_efficacy (instrumental_motWself_efficacy);


  OUTPUT:
  TECH14;
  sampstat residual tech11 tech14
  SAVEDATA:
  FILE IS model_4_class_3.dat;
  SAVE = cprobabilities;



*** WARNING in VARIABLE command
  Note that only the first 8 characters of variable names are used in the output.
  Shorten variable names to avoid any confusion.
*** WARNING in MODEL command
  All variables are uncorrelated with all other variables within class.
  Check that this is what is intended.
   2 WARNING(S) FOUND IN THE INPUT INSTRUCTIONS




model 4 with 3 classes

SUMMARY OF ANALYSIS

Number of groups                                                 1
Number of observations                                         488

Number of dependent variables                                    4
Number of independent variables                                  0
Number of continuous latent variables                            0
Number of categorical latent variables                           1

Observed dependent variables

  Continuous
   BROAD_INTE  ENJOYMENT   INSTRUMENT  SELF_EFFIC

Categorical latent variables
   C1


Estimator                                                      MLR
Information matrix                                        OBSERVED
Optimization Specifications for the Quasi-Newton Algorithm for
Continuous Outcomes
  Maximum number of iterations                                 100
  Convergence criterion                                  0.100D-05
Optimization Specifications for the EM Algorithm
  Maximum number of iterations                                 500
  Convergence criteria
    Loglikelihood change                                 0.100D-06
    Relative loglikelihood change                        0.100D-06
    Derivative                                           0.100D-05
Optimization Specifications for the M step of the EM Algorithm for
Categorical Latent variables
  Number of M step iterations                                    1
  M step convergence criterion                           0.100D-05
  Basis for M step termination                           ITERATION
Optimization Specifications for the M step of the EM Algorithm for
Censored, Binary or Ordered Categorical (Ordinal), Unordered
Categorical (Nominal) and Count Outcomes
  Number of M step iterations                                    1
  M step convergence criterion                           0.100D-05
  Basis for M step termination                           ITERATION
  Maximum value for logit thresholds                            15
  Minimum value for logit thresholds                           -15
  Minimum expected cell size for chi-square              0.100D-01
Maximum number of iterations for H1                           2000
Convergence criterion for H1                             0.100D-03
Optimization algorithm                                         EMA
Random Starts Specifications
  Number of initial stage random starts                        500
  Number of final stage optimizations                          100
  Number of initial stage iterations                            10
  Initial stage convergence criterion                    0.100D+01
  Random starts scale                                    0.500D+01
  Random seed for generating random starts                       0

Input data file(s)
  data_62339a89bd516bfbbc8576cfc6c62338.dat
Input data format  FREE


SUMMARY OF DATA

     Number of missing data patterns             8
     Number of y missing data patterns           8
     Number of u missing data patterns           0


COVARIANCE COVERAGE OF DATA

Minimum covariance coverage value   0.100


     PROPORTION OF DATA PRESENT FOR Y


           Covariance Coverage
              BROAD_IN      ENJOYMEN      INSTRUME      SELF_EFF
              ________      ________      ________      ________
 BROAD_IN       0.977
 ENJOYMEN       0.977         0.996
 INSTRUME       0.971         0.977         0.982
 SELF_EFF       0.969         0.975         0.973         0.977


SAMPLE STATISTICS


     ESTIMATED SAMPLE STATISTICS


           Means
              BROAD_IN      ENJOYMEN      INSTRUME      SELF_EFF
              ________      ________      ________      ________
                2.666         2.821         2.129         2.125


           Covariances
              BROAD_IN      ENJOYMEN      INSTRUME      SELF_EFF
              ________      ________      ________      ________
 BROAD_IN       0.595
 ENJOYMEN       0.272         0.514
 INSTRUME      -0.100        -0.171         0.560
 SELF_EFF      -0.099        -0.145         0.095         0.414


           Correlations
              BROAD_IN      ENJOYMEN      INSTRUME      SELF_EFF
              ________      ________      ________      ________
 BROAD_IN       1.000
 ENJOYMEN       0.492         1.000
 INSTRUME      -0.173        -0.319         1.000
 SELF_EFF      -0.199        -0.314         0.197         1.000


     MAXIMUM LOG-LIKELIHOOD VALUE FOR THE UNRESTRICTED (H1) MODEL IS -1968.348


UNIVARIATE SAMPLE STATISTICS


     UNIVARIATE HIGHER-ORDER MOMENT DESCRIPTIVE STATISTICS

         Variable/         Mean/     Skewness/   Minimum/ % with                Percentiles
        Sample Size      Variance    Kurtosis    Maximum  Min/Max      20%/60%    40%/80%    Median

     BROAD_INTEREST        2.666      -0.140       1.000    4.82%       2.000      2.600      2.800
             477.000       0.595      -0.053       5.000    0.21%       3.000      3.200
     ENJOYMENT             2.820      -0.454       1.000    3.70%       2.400      2.800      3.000
             486.000       0.514       0.248       4.000   10.49%       3.000      3.400
     INSTRUMENTAL_MO       2.129       0.455       1.000   14.82%       1.500      2.000      2.000
             479.000       0.561       0.120       4.000    4.38%       2.000      2.750
     SELF_EFFICACY         2.125       0.398       1.000    6.29%       1.625      2.000      2.000
             477.000       0.414       0.138       4.000    1.26%       2.250      2.625

RANDOM STARTS RESULTS RANKED FROM THE BEST TO THE WORST LOGLIKELIHOOD VALUES

74 perturbed starting value run(s) did not converge in the initial stage
optimizations.

Final stage loglikelihood values at local maxima, seeds, and initial stage start numbers:

           -1859.466  930323           267
           -1859.466  939709           112
           -1859.466  405079           68
           -1859.466  751054           117
           -1859.466  717754           180
           -1859.466  509733           130
           -1859.466  829540           324
           -1859.466  939021           8
           -1892.248  349360           464
           -1899.139  85734            411
           -1904.847  136842           58
           -1904.847  195873           6
           -1904.847  65651            214
           -1904.847  188498           258
           -1904.847  202790           198
           -1904.847  652266           490
           -1904.847  193847           354
           -1904.847  50887            389
           -1904.847  996231           310
           -1906.569  79945            395
           -1906.569  967237           48
           -1906.569  595153           230
           -1906.569  654136           167
           -1906.569  945065           255
           -1906.569  76974            16
           -1906.569  252949           487
           -1906.569  395754           388
           -1906.569  694303           282
           -1906.569  562716           300
           -1906.569  860772           174
           -1906.569  478421           311
           -1906.569  153053           378
           -1906.569  313407           132
           -1906.569  281558           184
           -1906.569  471438           252
           -1906.569  292884           103
           -1906.569  626891           32
           -1906.569  879338           309
           -1906.569  751153           110
           -1910.531  301180           236
           -1910.837  603842           61
           -1910.837  383986           159
           -1910.837  789985           67
           -1910.837  618000           190
           -1910.837  930872           277
           -1910.837  341041           34
           -1910.837  507154           387
           -1910.837  275475           413
           -1910.837  772131           407
           -1911.901  131856           90
           -1911.901  790059           469
           -1913.188  371246           101
           -1913.188  621542           375
           -1915.294  569131           26
           -1915.294  741888           138
           -1915.294  70118            104
           -1915.294  181293           212
           -1915.294  746978           410
           -1915.818  900268           327
           -1918.026  992389           77
           -1920.885  485256           371

39 perturbed starting value run(s) did not converge or were rejected in the third stage.



THE BEST LOGLIKELIHOOD VALUE HAS BEEN REPLICATED.  RERUN WITH AT LEAST TWICE THE
RANDOM STARTS TO CHECK THAT THE BEST LOGLIKELIHOOD IS STILL OBTAINED AND REPLICATED.


THE MODEL ESTIMATION TERMINATED NORMALLY



MODEL FIT INFORMATION

Number of Free Parameters                       32

Loglikelihood

          H0 Value                       -1859.466
          H0 Scaling Correction Factor      1.2452
            for MLR

Information Criteria

          Akaike (AIC)                    3782.932
          Bayesian (BIC)                  3917.022
          Sample-Size Adjusted BIC        3815.455
            (n* = (n + 2) / 24)



FINAL CLASS COUNTS AND PROPORTIONS FOR THE LATENT CLASSES
BASED ON THE ESTIMATED MODEL

    Latent
   Classes

       1        225.92797          0.46297
       2         66.16452          0.13558
       3        195.90750          0.40145


FINAL CLASS COUNTS AND PROPORTIONS FOR THE LATENT CLASSES
BASED ON ESTIMATED POSTERIOR PROBABILITIES

    Latent
   Classes

       1        225.92797          0.46297
       2         66.16452          0.13558
       3        195.90750          0.40145


FINAL CLASS COUNTS AND PROPORTIONS FOR THE LATENT CLASSES
BASED ON THEIR MOST LIKELY LATENT CLASS MEMBERSHIP

Class Counts and Proportions

    Latent
   Classes

       1              241          0.49385
       2               67          0.13730
       3              180          0.36885


CLASSIFICATION QUALITY

     Entropy                         0.772


Average Latent Class Probabilities for Most Likely Latent Class Membership (Row)
by Latent Class (Column)

           1        2        3

    1   0.873    0.002    0.125
    2   0.003    0.969    0.029
    3   0.086    0.004    0.910


Classification Probabilities for the Most Likely Latent Class Membership (Column)
by Latent Class (Row)

           1        2        3

    1   0.931    0.001    0.068
    2   0.008    0.981    0.011
    3   0.154    0.010    0.836


Logits for the Classification Probabilities for the Most Likely Latent Class Membership (Column)
by Latent Class (Row)

              1        2        3

    1      2.614   -4.404    0.000
    2     -0.395    4.452    0.000
    3     -1.693   -4.450    0.000


MODEL RESULTS

                                                    Two-Tailed
                    Estimate       S.E.  Est./S.E.    P-Value

Latent Class 1

 BROAD_IN WITH
    ENJOYMENT          0.010      0.008      1.300      0.194
    INSTRUMENT        -0.013      0.024     -0.530      0.596
    SELF_EFFIC        -0.029      0.023     -1.290      0.197

 ENJOYMEN WITH
    INSTRUMENT        -0.034      0.015     -2.252      0.024
    SELF_EFFIC        -0.029      0.008     -3.702      0.000

 INSTRUME WITH
    SELF_EFFIC         0.056      0.020      2.777      0.005

 Means
    BROAD_INTE         2.926      0.060     49.094      0.000
    ENJOYMENT          2.968      0.021    143.432      0.000
    INSTRUMENT         1.991      0.051     39.148      0.000
    SELF_EFFIC         2.086      0.044     47.523      0.000

 Variances
    BROAD_INTE         0.279      0.053      5.292      0.000
    ENJOYMENT          0.051      0.019      2.630      0.009
    INSTRUMENT         0.312      0.061      5.143      0.000
    SELF_EFFIC         0.328      0.032     10.250      0.000

Latent Class 2

 BROAD_IN WITH
    ENJOYMENT          0.010      0.008      1.300      0.194
    INSTRUMENT        -0.013      0.024     -0.530      0.596
    SELF_EFFIC        -0.029      0.023     -1.290      0.197

 ENJOYMEN WITH
    INSTRUMENT        -0.034      0.015     -2.252      0.024
    SELF_EFFIC        -0.029      0.008     -3.702      0.000

 INSTRUME WITH
    SELF_EFFIC         0.056      0.020      2.777      0.005

 Means
    BROAD_INTE         3.264      0.126     25.960      0.000
    ENJOYMENT          3.948      0.016    251.321      0.000
    INSTRUMENT         1.801      0.110     16.401      0.000
    SELF_EFFIC         1.758      0.076     23.035      0.000

 Variances
    BROAD_INTE         0.384      0.222      1.729      0.084
    ENJOYMENT          0.011      0.004      3.089      0.002
    INSTRUMENT         0.797      0.178      4.479      0.000
    SELF_EFFIC         0.377      0.067      5.626      0.000

Latent Class 3

 BROAD_IN WITH
    ENJOYMENT          0.010      0.008      1.300      0.194
    INSTRUMENT        -0.013      0.024     -0.530      0.596
    SELF_EFFIC        -0.029      0.023     -1.290      0.197

 ENJOYMEN WITH
    INSTRUMENT        -0.034      0.015     -2.252      0.024
    SELF_EFFIC        -0.029      0.008     -3.702      0.000

 INSTRUME WITH
    SELF_EFFIC         0.056      0.020      2.777      0.005

 Means
    BROAD_INTE         2.159      0.114     18.918      0.000
    ENJOYMENT          2.271      0.149     15.214      0.000
    INSTRUMENT         2.400      0.093     25.743      0.000
    SELF_EFFIC         2.294      0.074     30.997      0.000

 Variances
    BROAD_INTE         0.578      0.099      5.844      0.000
    ENJOYMENT          0.448      0.070      6.373      0.000
    INSTRUMENT         0.654      0.069      9.507      0.000
    SELF_EFFIC         0.449      0.054      8.370      0.000

Categorical Latent Variables

 Means
    C1#1               0.143      0.341      0.418      0.676
    C1#2              -1.085      0.271     -4.013      0.000


QUALITY OF NUMERICAL RESULTS

     Condition Number for the Information Matrix              0.319E-04
       (ratio of smallest to largest eigenvalue)


RESIDUAL OUTPUT


     ESTIMATED MODEL AND RESIDUALS (OBSERVED - ESTIMATED) FOR CLASS 1


           Model Estimated Means
              BROAD_IN      ENJOYMEN      INSTRUME      SELF_EFF
              ________      ________      ________      ________
                2.926         2.968         1.991         2.086


           Residuals for Means
              BROAD_IN      ENJOYMEN      INSTRUME      SELF_EFF
              ________      ________      ________      ________
                0.000         0.000         0.000         0.000


           Model Estimated Covariances
              BROAD_IN      ENJOYMEN      INSTRUME      SELF_EFF
              ________      ________      ________      ________
 BROAD_IN       0.279
 ENJOYMEN       0.010         0.051
 INSTRUME      -0.013        -0.034         0.312
 SELF_EFF      -0.029        -0.029         0.056         0.328


           Residuals for Covariances
              BROAD_IN      ENJOYMEN      INSTRUME      SELF_EFF
              ________      ________      ________      ________
 BROAD_IN       0.001
 ENJOYMEN       0.007         0.003
 INSTRUME       0.008        -0.004         0.010
 SELF_EFF       0.016         0.001         0.005         0.002


     ESTIMATED MODEL AND RESIDUALS (OBSERVED - ESTIMATED) FOR CLASS 2


           Model Estimated Means
              BROAD_IN      ENJOYMEN      INSTRUME      SELF_EFF
              ________      ________      ________      ________
                3.264         3.948         1.801         1.758


           Residuals for Means
              BROAD_IN      ENJOYMEN      INSTRUME      SELF_EFF
              ________      ________      ________      ________
                0.002         0.000         0.000         0.002


           Model Estimated Covariances
              BROAD_IN      ENJOYMEN      INSTRUME      SELF_EFF
              ________      ________      ________      ________
 BROAD_IN       0.384
 ENJOYMEN       0.010         0.011
 INSTRUME      -0.013        -0.034         0.797
 SELF_EFF      -0.029        -0.029         0.056         0.377


           Residuals for Covariances
              BROAD_IN      ENJOYMEN      INSTRUME      SELF_EFF
              ________      ________      ________      ________
 BROAD_IN      -0.010
 ENJOYMEN      -0.002        -0.003
 INSTRUME       0.118         0.036        -0.125
 SELF_EFF      -0.017         0.014        -0.059        -0.028


     ESTIMATED MODEL AND RESIDUALS (OBSERVED - ESTIMATED) FOR CLASS 3


           Model Estimated Means
              BROAD_IN      ENJOYMEN      INSTRUME      SELF_EFF
              ________      ________      ________      ________
                2.159         2.271         2.400         2.294


           Residuals for Means
              BROAD_IN      ENJOYMEN      INSTRUME      SELF_EFF
              ________      ________      ________      ________
                0.000         0.000         0.001         0.000


           Model Estimated Covariances
              BROAD_IN      ENJOYMEN      INSTRUME      SELF_EFF
              ________      ________      ________      ________
 BROAD_IN       0.578
 ENJOYMEN       0.010         0.448
 INSTRUME      -0.013        -0.034         0.654
 SELF_EFF      -0.029        -0.029         0.056         0.449


           Residuals for Covariances
              BROAD_IN      ENJOYMEN      INSTRUME      SELF_EFF
              ________      ________      ________      ________
 BROAD_IN       0.002
 ENJOYMEN       0.097         0.012
 INSTRUME       0.019        -0.057         0.012
 SELF_EFF       0.014        -0.050         0.045         0.009


TECHNICAL 11 OUTPUT

     Random Starts Specifications for the k-1 Class Analysis Model
        Number of initial stage random starts                 500
        Number of final stage optimizations                   100



     VUONG-LO-MENDELL-RUBIN LIKELIHOOD RATIO TEST FOR 2 (H0) VERSUS 3 CLASSES

          H0 Loglikelihood Value                        -1930.959
          2 Times the Loglikelihood Difference            142.987
          Difference in the Number of Parameters                9
          Mean                                             50.089
          Standard Deviation                               39.644
          P-Value                                          0.0328

     LO-MENDELL-RUBIN ADJUSTED LRT TEST

          Value                                           140.465
          P-Value                                          0.0350


TECHNICAL 14 OUTPUT

     Random Starts Specifications for the k-1 Class Analysis Model
        Number of initial stage random starts                 500
        Number of final stage optimizations                   100

     Random Starts Specification for the k-1 Class Model for Generated Data
        Number of initial stage random starts                   0
        Number of final stage optimizations for the
           initial stage random starts                          0
     Random Starts Specification for the k Class Model for Generated Data
        Number of initial stage random starts                  40
        Number of final stage optimizations                     8
     Number of bootstrap draws requested                   Varies


     PARAMETRIC BOOTSTRAPPED LIKELIHOOD RATIO TEST FOR 2 (H0) VERSUS 3 CLASSES

          H0 Loglikelihood Value                        -1930.959
          2 Times the Loglikelihood Difference            142.987
          Difference in the Number of Parameters                9
          Approximate P-Value                              0.0000
          Successful Bootstrap Draws                            5

     WARNING:  OF THE 5 BOOTSTRAP DRAWS, 5 DRAWS HAD BOTH A SMALLER LRT VALUE THAN THE
     OBSERVED LRT VALUE AND NOT A REPLICATED BEST LOGLIKELIHOOD VALUE FOR THE 3-CLASS MODEL.
     THIS MEANS THAT THE P-VALUE MAY NOT BE TRUSTWORTHY DUE TO LOCAL MAXIMA.
     INCREASE THE NUMBER OF RANDOM STARTS USING THE LRTSTARTS OPTION.



SAVEDATA INFORMATION


  Save file
    model_4_class_3.dat

  Order and format of variables

    BROAD_IN       F10.3
    ENJOYMEN       F10.3
    INSTRUME       F10.3
    SELF_EFF       F10.3
    CPROB1         F10.3
    CPROB2         F10.3
    CPROB3         F10.3
    C1             F10.3

  Save file format
    8F10.3

  Save file record length    10000

  Save missing symbol        *


     Beginning Time:  16:03:50
        Ending Time:  16:04:21
       Elapsed Time:  00:00:31



MUTHEN & MUTHEN
3463 Stoner Ave.
Los Angeles, CA  90066

Tel: (310) 391-9971
Fax: (310) 391-8971
Web: www.StatModel.com
Support: Support@StatModel.com

Copyright (c) 1998-2024 Muthen & Muthen
