Mplus VERSION 8.11
MUTHEN & MUTHEN
10/31/2024   4:00 PM

INPUT INSTRUCTIONS

  TITLE:
  model 3 with 2 classes
  DATA:
  FILE = "data_62339a89bd516bfbbc8576cfc6c62338.dat";
  VARIABLE:
  NAMES = broad_interest enjoyment instrumental_mot self_efficacy;
   MISSING=.;
   CLASSES = c1(2);

  ANALYSIS:
  TYPE = mixture;
  starts = 500 100;
  MODEL:
  %c1#1%
  broad_interest (vbroad_interest);
  enjoyment (venjoyment);
  instrumental_mot (vinstrumental_mot);
  self_efficacy (vself_efficacy);

  broad_interest WITH enjoyment (broad_interestWenjoyment);
  broad_interest WITH instrumental_mot (broad_interestWinstrumental_mot);
  broad_interest WITH self_efficacy (broad_interestWself_efficacy);
  enjoyment WITH instrumental_mot (enjoymentWinstrumental_mot);
  enjoyment WITH self_efficacy (enjoymentWself_efficacy);
  instrumental_mot WITH self_efficacy (instrumental_motWself_efficacy);

  %c1#2%
  broad_interest (vbroad_interest);
  enjoyment (venjoyment);
  instrumental_mot (vinstrumental_mot);
  self_efficacy (vself_efficacy);

  broad_interest WITH enjoyment (broad_interestWenjoyment);
  broad_interest WITH instrumental_mot (broad_interestWinstrumental_mot);
  broad_interest WITH self_efficacy (broad_interestWself_efficacy);
  enjoyment WITH instrumental_mot (enjoymentWinstrumental_mot);
  enjoyment WITH self_efficacy (enjoymentWself_efficacy);
  instrumental_mot WITH self_efficacy (instrumental_motWself_efficacy);


  OUTPUT:
  TECH14;
  sampstat residual tech11 tech14
  SAVEDATA:
  FILE IS model_3_class_2.dat;
  SAVE = cprobabilities;



*** WARNING in VARIABLE command
  Note that only the first 8 characters of variable names are used in the output.
  Shorten variable names to avoid any confusion.
*** WARNING in MODEL command
  All variables are uncorrelated with all other variables within class.
  Check that this is what is intended.
   2 WARNING(S) FOUND IN THE INPUT INSTRUCTIONS




model 3 with 2 classes

SUMMARY OF ANALYSIS

Number of groups                                                 1
Number of observations                                         488

Number of dependent variables                                    4
Number of independent variables                                  0
Number of continuous latent variables                            0
Number of categorical latent variables                           1

Observed dependent variables

  Continuous
   BROAD_INTE  ENJOYMENT   INSTRUMENT  SELF_EFFIC

Categorical latent variables
   C1


Estimator                                                      MLR
Information matrix                                        OBSERVED
Optimization Specifications for the Quasi-Newton Algorithm for
Continuous Outcomes
  Maximum number of iterations                                 100
  Convergence criterion                                  0.100D-05
Optimization Specifications for the EM Algorithm
  Maximum number of iterations                                 500
  Convergence criteria
    Loglikelihood change                                 0.100D-06
    Relative loglikelihood change                        0.100D-06
    Derivative                                           0.100D-05
Optimization Specifications for the M step of the EM Algorithm for
Categorical Latent variables
  Number of M step iterations                                    1
  M step convergence criterion                           0.100D-05
  Basis for M step termination                           ITERATION
Optimization Specifications for the M step of the EM Algorithm for
Censored, Binary or Ordered Categorical (Ordinal), Unordered
Categorical (Nominal) and Count Outcomes
  Number of M step iterations                                    1
  M step convergence criterion                           0.100D-05
  Basis for M step termination                           ITERATION
  Maximum value for logit thresholds                            15
  Minimum value for logit thresholds                           -15
  Minimum expected cell size for chi-square              0.100D-01
Maximum number of iterations for H1                           2000
Convergence criterion for H1                             0.100D-03
Optimization algorithm                                         EMA
Random Starts Specifications
  Number of initial stage random starts                        500
  Number of final stage optimizations                          100
  Number of initial stage iterations                            10
  Initial stage convergence criterion                    0.100D+01
  Random starts scale                                    0.500D+01
  Random seed for generating random starts                       0

Input data file(s)
  data_62339a89bd516bfbbc8576cfc6c62338.dat
Input data format  FREE


SUMMARY OF DATA

     Number of missing data patterns             8
     Number of y missing data patterns           8
     Number of u missing data patterns           0


COVARIANCE COVERAGE OF DATA

Minimum covariance coverage value   0.100


     PROPORTION OF DATA PRESENT FOR Y


           Covariance Coverage
              BROAD_IN      ENJOYMEN      INSTRUME      SELF_EFF
              ________      ________      ________      ________
 BROAD_IN       0.977
 ENJOYMEN       0.977         0.996
 INSTRUME       0.971         0.977         0.982
 SELF_EFF       0.969         0.975         0.973         0.977


SAMPLE STATISTICS


     ESTIMATED SAMPLE STATISTICS


           Means
              BROAD_IN      ENJOYMEN      INSTRUME      SELF_EFF
              ________      ________      ________      ________
                2.666         2.821         2.129         2.125


           Covariances
              BROAD_IN      ENJOYMEN      INSTRUME      SELF_EFF
              ________      ________      ________      ________
 BROAD_IN       0.595
 ENJOYMEN       0.272         0.514
 INSTRUME      -0.100        -0.171         0.560
 SELF_EFF      -0.099        -0.145         0.095         0.414


           Correlations
              BROAD_IN      ENJOYMEN      INSTRUME      SELF_EFF
              ________      ________      ________      ________
 BROAD_IN       1.000
 ENJOYMEN       0.492         1.000
 INSTRUME      -0.173        -0.319         1.000
 SELF_EFF      -0.199        -0.314         0.197         1.000


     MAXIMUM LOG-LIKELIHOOD VALUE FOR THE UNRESTRICTED (H1) MODEL IS -1968.348


UNIVARIATE SAMPLE STATISTICS


     UNIVARIATE HIGHER-ORDER MOMENT DESCRIPTIVE STATISTICS

         Variable/         Mean/     Skewness/   Minimum/ % with                Percentiles
        Sample Size      Variance    Kurtosis    Maximum  Min/Max      20%/60%    40%/80%    Median

     BROAD_INTEREST        2.666      -0.140       1.000    4.82%       2.000      2.600      2.800
             477.000       0.595      -0.053       5.000    0.21%       3.000      3.200
     ENJOYMENT             2.820      -0.454       1.000    3.70%       2.400      2.800      3.000
             486.000       0.514       0.248       4.000   10.49%       3.000      3.400
     INSTRUMENTAL_MO       2.129       0.455       1.000   14.82%       1.500      2.000      2.000
             479.000       0.561       0.120       4.000    4.38%       2.000      2.750
     SELF_EFFICACY         2.125       0.398       1.000    6.29%       1.625      2.000      2.000
             477.000       0.414       0.138       4.000    1.26%       2.250      2.625

RANDOM STARTS RESULTS RANKED FROM THE BEST TO THE WORST LOGLIKELIHOOD VALUES

Final stage loglikelihood values at local maxima, seeds, and initial stage start numbers:

           -1950.111  888905           444
           -1950.111  848163           47
           -1950.111  966014           37
           -1950.111  608460           244
           -1950.111  275475           413
           -1950.111  178475           231
           -1950.111  301180           236
           -1950.111  848969           173
           -1950.111  100874           108
           -1950.111  520177           262
           -1950.111  544048           87
           -1950.111  281558           184
           -1950.111  871851           257
           -1950.111  153053           378
           -1950.111  576596           99
           -1950.111  563002           360
           -1950.111  608496           4
           -1950.111  851945           18
           -1950.111  922042           492
           -1950.111  182524           373
           -1950.111  804561           59
           -1950.111  165853           105
           -1950.111  210870           383
           -1950.111  957392           79
           -1950.111  73576            213
           -1950.111  264935           281
           -1950.111  315029           471
           -1950.111  723775           97
           -1950.111  780698           337
           -1950.111  741888           138
           -1950.111  798821           423
           -1950.111  499150           216
           -1950.111  801717           364
           -1950.111  137377           397
           -1950.111  928287           197
           -1950.111  432148           30
           -1951.821  621542           375
           -1951.821  112586           494
           -1951.821  965994           396
           -1951.821  462228           298
           -1951.821  164305           128
           -1951.821  863094           147
           -1951.821  618000           190
           -1951.821  587946           120
           -1951.821  830529           279
           -1951.821  579995           183
           -1955.197  913639           162
           -1955.197  349263           263
           -1955.197  247224           94
           -1955.197  569833           85
           -1955.197  484687           306

49 perturbed starting value run(s) did not converge or were rejected in the third stage.



THE BEST LOGLIKELIHOOD VALUE HAS BEEN REPLICATED.  RERUN WITH AT LEAST TWICE THE
RANDOM STARTS TO CHECK THAT THE BEST LOGLIKELIHOOD IS STILL OBTAINED AND REPLICATED.


THE MODEL ESTIMATION TERMINATED NORMALLY



MODEL FIT INFORMATION

Number of Free Parameters                       19

Loglikelihood

          H0 Value                       -1950.111
          H0 Scaling Correction Factor      1.0684
            for MLR

Information Criteria

          Akaike (AIC)                    3938.222
          Bayesian (BIC)                  4017.838
          Sample-Size Adjusted BIC        3957.533
            (n* = (n + 2) / 24)



FINAL CLASS COUNTS AND PROPORTIONS FOR THE LATENT CLASSES
BASED ON THE ESTIMATED MODEL

    Latent
   Classes

       1        470.91711          0.96499
       2         17.08289          0.03501


FINAL CLASS COUNTS AND PROPORTIONS FOR THE LATENT CLASSES
BASED ON ESTIMATED POSTERIOR PROBABILITIES

    Latent
   Classes

       1        470.91711          0.96499
       2         17.08289          0.03501


FINAL CLASS COUNTS AND PROPORTIONS FOR THE LATENT CLASSES
BASED ON THEIR MOST LIKELY LATENT CLASS MEMBERSHIP

Class Counts and Proportions

    Latent
   Classes

       1              472          0.96721
       2               16          0.03279


CLASSIFICATION QUALITY

     Entropy                         0.947


Average Latent Class Probabilities for Most Likely Latent Class Membership (Row)
by Latent Class (Column)

           1        2

    1   0.992    0.008
    2   0.164    0.836


Classification Probabilities for the Most Likely Latent Class Membership (Column)
by Latent Class (Row)

           1        2

    1   0.994    0.006
    2   0.217    0.783


Logits for the Classification Probabilities for the Most Likely Latent Class Membership (Column)
by Latent Class (Row)

              1        2

    1      5.183    0.000
    2     -1.282    0.000


MODEL RESULTS

                                                    Two-Tailed
                    Estimate       S.E.  Est./S.E.    P-Value

Latent Class 1

 BROAD_IN WITH
    ENJOYMENT          0.263      0.030      8.836      0.000
    INSTRUMENT        -0.133      0.030     -4.504      0.000
    SELF_EFFIC        -0.091      0.027     -3.406      0.001

 ENJOYMEN WITH
    INSTRUMENT        -0.198      0.030     -6.685      0.000
    SELF_EFFIC        -0.139      0.023     -5.960      0.000

 INSTRUME WITH
    SELF_EFFIC         0.117      0.023      5.108      0.000

 Means
    BROAD_INTE         2.645      0.036     74.314      0.000
    ENJOYMENT          2.805      0.033     84.651      0.000
    INSTRUMENT         2.070      0.035     58.820      0.000
    SELF_EFFIC         2.138      0.030     71.163      0.000

 Variances
    BROAD_INTE         0.584      0.038     15.492      0.000
    ENJOYMENT          0.507      0.035     14.381      0.000
    INSTRUMENT         0.464      0.037     12.422      0.000
    SELF_EFFIC         0.409      0.027     14.936      0.000

Latent Class 2

 BROAD_IN WITH
    ENJOYMENT          0.263      0.030      8.836      0.000
    INSTRUMENT        -0.133      0.030     -4.504      0.000
    SELF_EFFIC        -0.091      0.027     -3.406      0.001

 ENJOYMEN WITH
    INSTRUMENT        -0.198      0.030     -6.685      0.000
    SELF_EFFIC        -0.139      0.023     -5.960      0.000

 INSTRUME WITH
    SELF_EFFIC         0.117      0.023      5.108      0.000

 Means
    BROAD_INTE         3.221      0.270     11.934      0.000
    ENJOYMENT          3.272      0.261     12.558      0.000
    INSTRUMENT         3.752      0.098     38.150      0.000
    SELF_EFFIC         1.760      0.184      9.587      0.000

 Variances
    BROAD_INTE         0.584      0.038     15.492      0.000
    ENJOYMENT          0.507      0.035     14.381      0.000
    INSTRUMENT         0.464      0.037     12.422      0.000
    SELF_EFFIC         0.409      0.027     14.936      0.000

Categorical Latent Variables

 Means
    C1#1               3.317      0.366      9.058      0.000


QUALITY OF NUMERICAL RESULTS

     Condition Number for the Information Matrix              0.696E-03
       (ratio of smallest to largest eigenvalue)


RESIDUAL OUTPUT


     ESTIMATED MODEL AND RESIDUALS (OBSERVED - ESTIMATED) FOR CLASS 1


           Model Estimated Means
              BROAD_IN      ENJOYMEN      INSTRUME      SELF_EFF
              ________      ________      ________      ________
                2.645         2.805         2.070         2.138


           Residuals for Means
              BROAD_IN      ENJOYMEN      INSTRUME      SELF_EFF
              ________      ________      ________      ________
                0.001        -0.001         0.000         0.001


           Model Estimated Covariances
              BROAD_IN      ENJOYMEN      INSTRUME      SELF_EFF
              ________      ________      ________      ________
 BROAD_IN       0.584
 ENJOYMEN       0.263         0.507
 INSTRUME      -0.133        -0.198         0.464
 SELF_EFF      -0.091        -0.139         0.117         0.409


           Residuals for Covariances
              BROAD_IN      ENJOYMEN      INSTRUME      SELF_EFF
              ________      ________      ________      ________
 BROAD_IN      -0.001
 ENJOYMEN       0.011         0.003
 INSTRUME       0.009        -0.001         0.010
 SELF_EFF       0.013         0.010         0.013         0.004


     ESTIMATED MODEL AND RESIDUALS (OBSERVED - ESTIMATED) FOR CLASS 2


           Model Estimated Means
              BROAD_IN      ENJOYMEN      INSTRUME      SELF_EFF
              ________      ________      ________      ________
                3.221         3.272         3.752         1.760


           Residuals for Means
              BROAD_IN      ENJOYMEN      INSTRUME      SELF_EFF
              ________      ________      ________      ________
                0.002         0.000        -0.002        -0.001


           Model Estimated Covariances
              BROAD_IN      ENJOYMEN      INSTRUME      SELF_EFF
              ________      ________      ________      ________
 BROAD_IN       0.584
 ENJOYMEN       0.263         0.507
 INSTRUME      -0.133        -0.198         0.464
 SELF_EFF      -0.091        -0.139         0.117         0.409


           Residuals for Covariances
              BROAD_IN      ENJOYMEN      INSTRUME      SELF_EFF
              ________      ________      ________      ________
 BROAD_IN       0.031
 ENJOYMEN      -0.057        -0.095
 INSTRUME       0.137         0.158        -0.242
 SELF_EFF      -0.043        -0.100        -0.055        -0.119


TECHNICAL 11 OUTPUT

     Random Starts Specifications for the k-1 Class Analysis Model
        Number of initial stage random starts                 500
        Number of final stage optimizations                   100



     VUONG-LO-MENDELL-RUBIN LIKELIHOOD RATIO TEST FOR 1 (H0) VERSUS 2 CLASSES

          H0 Loglikelihood Value                        -1968.348
          2 Times the Loglikelihood Difference             36.474
          Difference in the Number of Parameters                5
          Mean                                              4.577
          Standard Deviation                                7.514
          P-Value                                          0.0015

     LO-MENDELL-RUBIN ADJUSTED LRT TEST

          Value                                            35.333
          P-Value                                          0.0018


TECHNICAL 14 OUTPUT

     Random Starts Specifications for the k-1 Class Analysis Model
        Number of initial stage random starts                 500
        Number of final stage optimizations                   100

     Random Starts Specification for the k-1 Class Model for Generated Data
        Number of initial stage random starts                   0
        Number of final stage optimizations for the
           initial stage random starts                          0
     Random Starts Specification for the k Class Model for Generated Data
        Number of initial stage random starts                  40
        Number of final stage optimizations                     8
     Number of bootstrap draws requested                   Varies


     PARAMETRIC BOOTSTRAPPED LIKELIHOOD RATIO TEST FOR 1 (H0) VERSUS 2 CLASSES

          H0 Loglikelihood Value                        -1968.348
          2 Times the Loglikelihood Difference             36.474
          Difference in the Number of Parameters                5
          Approximate P-Value                              0.0000
          Successful Bootstrap Draws                           10


SAVEDATA INFORMATION


  Save file
    model_3_class_2.dat

  Order and format of variables

    BROAD_IN       F10.3
    ENJOYMEN       F10.3
    INSTRUME       F10.3
    SELF_EFF       F10.3
    CPROB1         F10.3
    CPROB2         F10.3
    C1             F10.3

  Save file format
    7F10.3

  Save file record length    10000

  Save missing symbol        *


     Beginning Time:  16:00:55
        Ending Time:  16:01:07
       Elapsed Time:  00:00:12



MUTHEN & MUTHEN
3463 Stoner Ave.
Los Angeles, CA  90066

Tel: (310) 391-9971
Fax: (310) 391-8971
Web: www.StatModel.com
Support: Support@StatModel.com

Copyright (c) 1998-2024 Muthen & Muthen
