Mplus VERSION 8.8
MUTHEN & MUTHEN
04/03/2023  10:23 AM

INPUT INSTRUCTIONS

  TITLE:
  model 2 with 4 classes
  DATA:
  FILE = "data_62339a89bd516bfbbc8576cfc6c62338.dat";

  VARIABLE:
  NAMES = broad_interest enjoyment instrumental_mot self_efficacy;
   MISSING=.;
   CLASSES = c1(4);

  ANALYSIS:
  TYPE = mixture;
  starts = 100, 20;
  MODEL:
  %c1#1%
  broad_interest (vbroad_interest1);
  enjoyment (venjoyment1);
  instrumental_mot (vinstrumental_mot1);
  self_efficacy (vself_efficacy1);

  broad_interest WITH enjoyment@0;
  broad_interest WITH instrumental_mot@0;
  broad_interest WITH self_efficacy@0;
  enjoyment WITH instrumental_mot@0;
  enjoyment WITH self_efficacy@0;
  instrumental_mot WITH self_efficacy@0;

  %c1#2%
  broad_interest (vbroad_interest2);
  enjoyment (venjoyment2);
  instrumental_mot (vinstrumental_mot2);
  self_efficacy (vself_efficacy2);

  broad_interest WITH enjoyment@0;
  broad_interest WITH instrumental_mot@0;
  broad_interest WITH self_efficacy@0;
  enjoyment WITH instrumental_mot@0;
  enjoyment WITH self_efficacy@0;
  instrumental_mot WITH self_efficacy@0;

  %c1#3%
  broad_interest (vbroad_interest3);
  enjoyment (venjoyment3);
  instrumental_mot (vinstrumental_mot3);
  self_efficacy (vself_efficacy3);

  broad_interest WITH enjoyment@0;
  broad_interest WITH instrumental_mot@0;
  broad_interest WITH self_efficacy@0;
  enjoyment WITH instrumental_mot@0;
  enjoyment WITH self_efficacy@0;
  instrumental_mot WITH self_efficacy@0;

  %c1#4%
  broad_interest (vbroad_interest4);
  enjoyment (venjoyment4);
  instrumental_mot (vinstrumental_mot4);
  self_efficacy (vself_efficacy4);

  broad_interest WITH enjoyment@0;
  broad_interest WITH instrumental_mot@0;
  broad_interest WITH self_efficacy@0;
  enjoyment WITH instrumental_mot@0;
  enjoyment WITH self_efficacy@0;
  instrumental_mot WITH self_efficacy@0;


  OUTPUT:
  TECH14;

  SAVEDATA:
  FILE IS model_2_class_4.dat;
  SAVE = cprobabilities;



*** WARNING in VARIABLE command
  Note that only the first 8 characters of variable names are used in the output.
  Shorten variable names to avoid any confusion.
*** WARNING in MODEL command
  All variables are uncorrelated with all other variables within class.
  Check that this is what is intended.
   2 WARNING(S) FOUND IN THE INPUT INSTRUCTIONS




model 2 with 4 classes

SUMMARY OF ANALYSIS

Number of groups                                                 1
Number of observations                                         488

Number of dependent variables                                    4
Number of independent variables                                  0
Number of continuous latent variables                            0
Number of categorical latent variables                           1

Observed dependent variables

  Continuous
   BROAD_INTE  ENJOYMENT   INSTRUMENT  SELF_EFFIC

Categorical latent variables
   C1


Estimator                                                      MLR
Information matrix                                        OBSERVED
Optimization Specifications for the Quasi-Newton Algorithm for
Continuous Outcomes
  Maximum number of iterations                                 100
  Convergence criterion                                  0.100D-05
Optimization Specifications for the EM Algorithm
  Maximum number of iterations                                 500
  Convergence criteria
    Loglikelihood change                                 0.100D-06
    Relative loglikelihood change                        0.100D-06
    Derivative                                           0.100D-05
Optimization Specifications for the M step of the EM Algorithm for
Categorical Latent variables
  Number of M step iterations                                    1
  M step convergence criterion                           0.100D-05
  Basis for M step termination                           ITERATION
Optimization Specifications for the M step of the EM Algorithm for
Censored, Binary or Ordered Categorical (Ordinal), Unordered
Categorical (Nominal) and Count Outcomes
  Number of M step iterations                                    1
  M step convergence criterion                           0.100D-05
  Basis for M step termination                           ITERATION
  Maximum value for logit thresholds                            15
  Minimum value for logit thresholds                           -15
  Minimum expected cell size for chi-square              0.100D-01
Maximum number of iterations for H1                           2000
Convergence criterion for H1                             0.100D-03
Optimization algorithm                                         EMA
Random Starts Specifications
  Number of initial stage random starts                        100
  Number of final stage optimizations                           20
  Number of initial stage iterations                            10
  Initial stage convergence criterion                    0.100D+01
  Random starts scale                                    0.500D+01
  Random seed for generating random starts                       0

Input data file(s)
  data_62339a89bd516bfbbc8576cfc6c62338.dat
Input data format  FREE


SUMMARY OF DATA

     Number of missing data patterns             8
     Number of y missing data patterns           8
     Number of u missing data patterns           0


COVARIANCE COVERAGE OF DATA

Minimum covariance coverage value   0.100


     PROPORTION OF DATA PRESENT FOR Y


           Covariance Coverage
              BROAD_IN      ENJOYMEN      INSTRUME      SELF_EFF
              ________      ________      ________      ________
 BROAD_IN       0.977
 ENJOYMEN       0.977         0.996
 INSTRUME       0.971         0.977         0.982
 SELF_EFF       0.969         0.975         0.973         0.977



UNIVARIATE SAMPLE STATISTICS


     UNIVARIATE HIGHER-ORDER MOMENT DESCRIPTIVE STATISTICS

         Variable/         Mean/     Skewness/   Minimum/ % with                Percentiles
        Sample Size      Variance    Kurtosis    Maximum  Min/Max      20%/60%    40%/80%    Median

     BROAD_INTEREST        2.666      -0.140       1.000    4.82%       2.000      2.600      2.800
             477.000       0.595      -0.053       5.000    0.21%       3.000      3.200
     ENJOYMENT             2.820      -0.454       1.000    3.70%       2.400      2.800      3.000
             486.000       0.514       0.248       4.000   10.49%       3.000      3.400
     INSTRUMENTAL_MO       2.129       0.455       1.000   14.82%       1.500      2.000      2.000
             479.000       0.561       0.120       4.000    4.38%       2.000      2.750
     SELF_EFFICACY         2.125       0.398       1.000    6.29%       1.625      2.000      2.000
             477.000       0.414       0.138       4.000    1.26%       2.250      2.625

RANDOM STARTS RESULTS RANKED FROM THE BEST TO THE WORST LOGLIKELIHOOD VALUES

58 perturbed starting value run(s) did not converge in the initial stage
optimizations.

Final stage loglikelihood values at local maxima, seeds, and initial stage start numbers:

           -1855.159  569833           85
           -1870.995  354559           73

18 perturbed starting value run(s) did not converge or were rejected in the third stage.



     WARNING:  THE BEST LOGLIKELIHOOD VALUE WAS NOT REPLICATED.  THE
     SOLUTION MAY NOT BE TRUSTWORTHY DUE TO LOCAL MAXIMA.  INCREASE THE
     NUMBER OF RANDOM STARTS.


THE MODEL ESTIMATION TERMINATED NORMALLY



MODEL FIT INFORMATION

Number of Free Parameters                       35

Loglikelihood

          H0 Value                       -1855.159
          H0 Scaling Correction Factor      1.1570
            for MLR

Information Criteria

          Akaike (AIC)                    3780.319
          Bayesian (BIC)                  3926.980
          Sample-Size Adjusted BIC        3815.891
            (n* = (n + 2) / 24)



FINAL CLASS COUNTS AND PROPORTIONS FOR THE LATENT CLASSES
BASED ON THE ESTIMATED MODEL

    Latent
   Classes

       1        113.70618          0.23300
       2         54.41256          0.11150
       3         77.95585          0.15975
       4        241.92541          0.49575


FINAL CLASS COUNTS AND PROPORTIONS FOR THE LATENT CLASSES
BASED ON ESTIMATED POSTERIOR PROBABILITIES

    Latent
   Classes

       1        113.70618          0.23300
       2         54.41256          0.11150
       3         77.95585          0.15975
       4        241.92541          0.49575


FINAL CLASS COUNTS AND PROPORTIONS FOR THE LATENT CLASSES
BASED ON THEIR MOST LIKELY LATENT CLASS MEMBERSHIP

Class Counts and Proportions

    Latent
   Classes

       1               93          0.19057
       2               61          0.12500
       3               79          0.16189
       4              255          0.52254


CLASSIFICATION QUALITY

     Entropy                         0.819


Average Latent Class Probabilities for Most Likely Latent Class Membership (Row)
by Latent Class (Column)

           1        2        3        4

    1   0.926    0.046    0.000    0.028
    2   0.210    0.727    0.000    0.063
    3   0.009    0.000    0.976    0.015
    4   0.055    0.023    0.003    0.919


Classification Probabilities for the Most Likely Latent Class Membership (Column)
by Latent Class (Row)

           1        2        3        4

    1   0.757    0.113    0.006    0.124
    2   0.078    0.815    0.000    0.106
    3   0.000    0.000    0.989    0.011
    4   0.011    0.016    0.005    0.968


Logits for the Classification Probabilities for the Most Likely Latent Class Membership (Column)
by Latent Class (Row)

              1        2        3        4

    1      1.811   -0.094   -2.955    0.000
    2     -0.304    2.038   -9.503    0.000
    3     -9.341   -9.341    4.463    0.000
    4     -4.485   -4.116   -5.275    0.000


MODEL RESULTS

                                                    Two-Tailed
                    Estimate       S.E.  Est./S.E.    P-Value

Latent Class 1

 BROAD_IN WITH
    ENJOYMENT          0.000      0.000    999.000    999.000
    INSTRUMENT         0.000      0.000    999.000    999.000
    SELF_EFFIC         0.000      0.000    999.000    999.000

 ENJOYMEN WITH
    INSTRUMENT         0.000      0.000    999.000    999.000
    SELF_EFFIC         0.000      0.000    999.000    999.000

 INSTRUME WITH
    SELF_EFFIC         0.000      0.000    999.000    999.000

 Means
    BROAD_INTE         2.070      0.113     18.270      0.000
    ENJOYMENT          1.991      0.153     12.981      0.000
    INSTRUMENT         2.533      0.104     24.377      0.000
    SELF_EFFIC         2.506      0.110     22.850      0.000

 Variances
    BROAD_INTE         0.692      0.133      5.191      0.000
    ENJOYMENT          0.413      0.077      5.333      0.000
    INSTRUMENT         0.685      0.088      7.757      0.000
    SELF_EFFIC         0.549      0.071      7.754      0.000

Latent Class 2

 BROAD_IN WITH
    ENJOYMENT          0.000      0.000    999.000    999.000
    INSTRUMENT         0.000      0.000    999.000    999.000
    SELF_EFFIC         0.000      0.000    999.000    999.000

 ENJOYMEN WITH
    INSTRUMENT         0.000      0.000    999.000    999.000
    SELF_EFFIC         0.000      0.000    999.000    999.000

 INSTRUME WITH
    SELF_EFFIC         0.000      0.000    999.000    999.000

 Means
    BROAD_INTE         2.167      0.114     19.059      0.000
    ENJOYMENT          2.337      0.081     28.875      0.000
    INSTRUMENT         2.189      0.108     20.309      0.000
    SELF_EFFIC         2.036      0.062     32.995      0.000

 Variances
    BROAD_INTE         0.271      0.069      3.921      0.000
    ENJOYMENT          0.072      0.024      2.991      0.003
    INSTRUMENT         0.279      0.169      1.649      0.099
    SELF_EFFIC         0.039      0.023      1.679      0.093

Latent Class 3

 BROAD_IN WITH
    ENJOYMENT          0.000      0.000    999.000    999.000
    INSTRUMENT         0.000      0.000    999.000    999.000
    SELF_EFFIC         0.000      0.000    999.000    999.000

 ENJOYMEN WITH
    INSTRUMENT         0.000      0.000    999.000    999.000
    SELF_EFFIC         0.000      0.000    999.000    999.000

 INSTRUME WITH
    SELF_EFFIC         0.000      0.000    999.000    999.000

 Means
    BROAD_INTE         3.186      0.084     38.094      0.000
    ENJOYMENT          3.905      0.026    150.204      0.000
    INSTRUMENT         1.755      0.096     18.344      0.000
    SELF_EFFIC         1.744      0.068     25.712      0.000

 Variances
    BROAD_INTE         0.467      0.099      4.698      0.000
    ENJOYMENT          0.021      0.007      3.163      0.002
    INSTRUMENT         0.654      0.132      4.975      0.000
    SELF_EFFIC         0.332      0.053      6.316      0.000

Latent Class 4

 BROAD_IN WITH
    ENJOYMENT          0.000      0.000    999.000    999.000
    INSTRUMENT         0.000      0.000    999.000    999.000
    SELF_EFFIC         0.000      0.000    999.000    999.000

 ENJOYMEN WITH
    INSTRUMENT         0.000      0.000    999.000    999.000
    SELF_EFFIC         0.000      0.000    999.000    999.000

 INSTRUME WITH
    SELF_EFFIC         0.000      0.000    999.000    999.000

 Means
    BROAD_INTE         2.887      0.045     64.114      0.000
    ENJOYMENT          2.971      0.017    174.305      0.000
    INSTRUMENT         2.047      0.054     37.886      0.000
    SELF_EFFIC         2.089      0.044     47.992      0.000

 Variances
    BROAD_INTE         0.307      0.042      7.288      0.000
    ENJOYMENT          0.042      0.010      4.250      0.000
    INSTRUMENT         0.403      0.070      5.766      0.000
    SELF_EFFIC         0.343      0.032     10.801      0.000

Categorical Latent Variables

 Means
    C1#1              -0.755      0.277     -2.723      0.006
    C1#2              -1.492      0.288     -5.188      0.000
    C1#3              -1.132      0.157     -7.218      0.000


QUALITY OF NUMERICAL RESULTS

     Condition Number for the Information Matrix              0.172E-03
       (ratio of smallest to largest eigenvalue)


TECHNICAL 14 OUTPUT

     Random Starts Specifications for the k-1 Class Analysis Model
        Number of initial stage random starts                 100
        Number of final stage optimizations                    20

     Random Starts Specification for the k-1 Class Model for Generated Data
        Number of initial stage random starts                   0
        Number of final stage optimizations for the
           initial stage random starts                          0
     Random Starts Specification for the k Class Model for Generated Data
        Number of initial stage random starts                  40
        Number of final stage optimizations                     8
     Number of bootstrap draws requested                   Varies


     PARAMETRIC BOOTSTRAPPED LIKELIHOOD RATIO TEST FOR 3 (H0) VERSUS 4 CLASSES

          H0 Loglikelihood Value                        -1877.965
          2 Times the Loglikelihood Difference             45.610
          Difference in the Number of Parameters                9
          Approximate P-Value                              0.0000
          Successful Bootstrap Draws                           49

     WARNING:  OF THE 49 BOOTSTRAP DRAWS, 41 DRAWS HAD BOTH A SMALLER LRT VALUE THAN THE
     OBSERVED LRT VALUE AND NOT A REPLICATED BEST LOGLIKELIHOOD VALUE FOR THE 4-CLASS MODEL.
     THIS MEANS THAT THE P-VALUE MAY NOT BE TRUSTWORTHY DUE TO LOCAL MAXIMA.
     INCREASE THE NUMBER OF RANDOM STARTS USING THE LRTSTARTS OPTION.



SAVEDATA INFORMATION


  Save file
    model_2_class_4.dat

  Order and format of variables

    BROAD_IN       F10.3
    ENJOYMEN       F10.3
    INSTRUME       F10.3
    SELF_EFF       F10.3
    CPROB1         F10.3
    CPROB2         F10.3
    CPROB3         F10.3
    CPROB4         F10.3
    C1             F10.3

  Save file format
    9F10.3

  Save file record length    10000

  Save missing symbol        *


     Beginning Time:  10:23:50
        Ending Time:  10:24:40
       Elapsed Time:  00:00:50



MUTHEN & MUTHEN
3463 Stoner Ave.
Los Angeles, CA  90066

Tel: (310) 391-9971
Fax: (310) 391-8971
Web: www.StatModel.com
Support: Support@StatModel.com

Copyright (c) 1998-2022 Muthen & Muthen
