Mplus VERSION 8.8
MUTHEN & MUTHEN
04/03/2023  10:23 AM

INPUT INSTRUCTIONS

  TITLE:
  model 2 with 3 classes
  DATA:
  FILE = "data_62339a89bd516bfbbc8576cfc6c62338.dat";

  VARIABLE:
  NAMES = broad_interest enjoyment instrumental_mot self_efficacy;
   MISSING=.;
   CLASSES = c1(3);

  ANALYSIS:
  TYPE = mixture;
  starts = 100, 20;
  MODEL:
  %c1#1%
  broad_interest (vbroad_interest1);
  enjoyment (venjoyment1);
  instrumental_mot (vinstrumental_mot1);
  self_efficacy (vself_efficacy1);

  broad_interest WITH enjoyment@0;
  broad_interest WITH instrumental_mot@0;
  broad_interest WITH self_efficacy@0;
  enjoyment WITH instrumental_mot@0;
  enjoyment WITH self_efficacy@0;
  instrumental_mot WITH self_efficacy@0;

  %c1#2%
  broad_interest (vbroad_interest2);
  enjoyment (venjoyment2);
  instrumental_mot (vinstrumental_mot2);
  self_efficacy (vself_efficacy2);

  broad_interest WITH enjoyment@0;
  broad_interest WITH instrumental_mot@0;
  broad_interest WITH self_efficacy@0;
  enjoyment WITH instrumental_mot@0;
  enjoyment WITH self_efficacy@0;
  instrumental_mot WITH self_efficacy@0;

  %c1#3%
  broad_interest (vbroad_interest3);
  enjoyment (venjoyment3);
  instrumental_mot (vinstrumental_mot3);
  self_efficacy (vself_efficacy3);

  broad_interest WITH enjoyment@0;
  broad_interest WITH instrumental_mot@0;
  broad_interest WITH self_efficacy@0;
  enjoyment WITH instrumental_mot@0;
  enjoyment WITH self_efficacy@0;
  instrumental_mot WITH self_efficacy@0;


  OUTPUT:
  TECH14;

  SAVEDATA:
  FILE IS model_2_class_3.dat;
  SAVE = cprobabilities;



*** WARNING in VARIABLE command
  Note that only the first 8 characters of variable names are used in the output.
  Shorten variable names to avoid any confusion.
*** WARNING in MODEL command
  All variables are uncorrelated with all other variables within class.
  Check that this is what is intended.
   2 WARNING(S) FOUND IN THE INPUT INSTRUCTIONS




model 2 with 3 classes

SUMMARY OF ANALYSIS

Number of groups                                                 1
Number of observations                                         488

Number of dependent variables                                    4
Number of independent variables                                  0
Number of continuous latent variables                            0
Number of categorical latent variables                           1

Observed dependent variables

  Continuous
   BROAD_INTE  ENJOYMENT   INSTRUMENT  SELF_EFFIC

Categorical latent variables
   C1


Estimator                                                      MLR
Information matrix                                        OBSERVED
Optimization Specifications for the Quasi-Newton Algorithm for
Continuous Outcomes
  Maximum number of iterations                                 100
  Convergence criterion                                  0.100D-05
Optimization Specifications for the EM Algorithm
  Maximum number of iterations                                 500
  Convergence criteria
    Loglikelihood change                                 0.100D-06
    Relative loglikelihood change                        0.100D-06
    Derivative                                           0.100D-05
Optimization Specifications for the M step of the EM Algorithm for
Categorical Latent variables
  Number of M step iterations                                    1
  M step convergence criterion                           0.100D-05
  Basis for M step termination                           ITERATION
Optimization Specifications for the M step of the EM Algorithm for
Censored, Binary or Ordered Categorical (Ordinal), Unordered
Categorical (Nominal) and Count Outcomes
  Number of M step iterations                                    1
  M step convergence criterion                           0.100D-05
  Basis for M step termination                           ITERATION
  Maximum value for logit thresholds                            15
  Minimum value for logit thresholds                           -15
  Minimum expected cell size for chi-square              0.100D-01
Maximum number of iterations for H1                           2000
Convergence criterion for H1                             0.100D-03
Optimization algorithm                                         EMA
Random Starts Specifications
  Number of initial stage random starts                        100
  Number of final stage optimizations                           20
  Number of initial stage iterations                            10
  Initial stage convergence criterion                    0.100D+01
  Random starts scale                                    0.500D+01
  Random seed for generating random starts                       0

Input data file(s)
  data_62339a89bd516bfbbc8576cfc6c62338.dat
Input data format  FREE


SUMMARY OF DATA

     Number of missing data patterns             8
     Number of y missing data patterns           8
     Number of u missing data patterns           0


COVARIANCE COVERAGE OF DATA

Minimum covariance coverage value   0.100


     PROPORTION OF DATA PRESENT FOR Y


           Covariance Coverage
              BROAD_IN      ENJOYMEN      INSTRUME      SELF_EFF
              ________      ________      ________      ________
 BROAD_IN       0.977
 ENJOYMEN       0.977         0.996
 INSTRUME       0.971         0.977         0.982
 SELF_EFF       0.969         0.975         0.973         0.977



UNIVARIATE SAMPLE STATISTICS


     UNIVARIATE HIGHER-ORDER MOMENT DESCRIPTIVE STATISTICS

         Variable/         Mean/     Skewness/   Minimum/ % with                Percentiles
        Sample Size      Variance    Kurtosis    Maximum  Min/Max      20%/60%    40%/80%    Median

     BROAD_INTEREST        2.666      -0.140       1.000    4.82%       2.000      2.600      2.800
             477.000       0.595      -0.053       5.000    0.21%       3.000      3.200
     ENJOYMENT             2.820      -0.454       1.000    3.70%       2.400      2.800      3.000
             486.000       0.514       0.248       4.000   10.49%       3.000      3.400
     INSTRUMENTAL_MO       2.129       0.455       1.000   14.82%       1.500      2.000      2.000
             479.000       0.561       0.120       4.000    4.38%       2.000      2.750
     SELF_EFFICACY         2.125       0.398       1.000    6.29%       1.625      2.000      2.000
             477.000       0.414       0.138       4.000    1.26%       2.250      2.625

RANDOM STARTS RESULTS RANKED FROM THE BEST TO THE WORST LOGLIKELIHOOD VALUES

28 perturbed starting value run(s) did not converge in the initial stage
optimizations.

Final stage loglikelihood values at local maxima, seeds, and initial stage start numbers:

           -1877.965  68985            17
           -1877.965  830392           35
           -1877.965  846194           93
           -1877.965  573096           20
           -1877.965  569131           26
           -1877.965  749453           33
           -1877.965  436460           89
           -1877.965  992389           77
           -1877.965  354559           73
           -1877.965  76974            16
           -1877.965  475420           71
           -1880.679  569833           85
           -1880.679  887676           22
           -1880.679  314084           81

6 perturbed starting value run(s) did not converge or were rejected in the third stage.



THE BEST LOGLIKELIHOOD VALUE HAS BEEN REPLICATED.  RERUN WITH AT LEAST TWICE THE
RANDOM STARTS TO CHECK THAT THE BEST LOGLIKELIHOOD IS STILL OBTAINED AND REPLICATED.


THE MODEL ESTIMATION TERMINATED NORMALLY



MODEL FIT INFORMATION

Number of Free Parameters                       26

Loglikelihood

          H0 Value                       -1877.965
          H0 Scaling Correction Factor      1.2609
            for MLR

Information Criteria

          Akaike (AIC)                    3807.929
          Bayesian (BIC)                  3916.877
          Sample-Size Adjusted BIC        3834.354
            (n* = (n + 2) / 24)



FINAL CLASS COUNTS AND PROPORTIONS FOR THE LATENT CLASSES
BASED ON THE ESTIMATED MODEL

    Latent
   Classes

       1         92.58152          0.18972
       2        169.73504          0.34782
       3        225.68343          0.46247


FINAL CLASS COUNTS AND PROPORTIONS FOR THE LATENT CLASSES
BASED ON ESTIMATED POSTERIOR PROBABILITIES

    Latent
   Classes

       1         92.58152          0.18972
       2        169.73504          0.34782
       3        225.68343          0.46247


FINAL CLASS COUNTS AND PROPORTIONS FOR THE LATENT CLASSES
BASED ON THEIR MOST LIKELY LATENT CLASS MEMBERSHIP

Class Counts and Proportions

    Latent
   Classes

       1               96          0.19672
       2              193          0.39549
       3              199          0.40779


CLASSIFICATION QUALITY

     Entropy                         0.806


Average Latent Class Probabilities for Most Likely Latent Class Membership (Row)
by Latent Class (Column)

           1        2        3

    1   0.927    0.006    0.067
    2   0.009    0.848    0.143
    3   0.009    0.028    0.963


Classification Probabilities for the Most Likely Latent Class Membership (Column)
by Latent Class (Row)

           1        2        3

    1   0.961    0.019    0.020
    2   0.003    0.964    0.032
    3   0.029    0.122    0.849


Logits for the Classification Probabilities for the Most Likely Latent Class Membership (Column)
by Latent Class (Row)

              1        2        3

    1      3.881   -0.047    0.000
    2     -2.305    3.394    0.000
    3     -3.391   -1.939    0.000


MODEL RESULTS

                                                    Two-Tailed
                    Estimate       S.E.  Est./S.E.    P-Value

Latent Class 1

 BROAD_IN WITH
    ENJOYMENT          0.000      0.000    999.000    999.000
    INSTRUMENT         0.000      0.000    999.000    999.000
    SELF_EFFIC         0.000      0.000    999.000    999.000

 ENJOYMEN WITH
    INSTRUMENT         0.000      0.000    999.000    999.000
    SELF_EFFIC         0.000      0.000    999.000    999.000

 INSTRUME WITH
    SELF_EFFIC         0.000      0.000    999.000    999.000

 Means
    BROAD_INTE         3.205      0.086     37.165      0.000
    ENJOYMENT          3.808      0.048     80.133      0.000
    INSTRUMENT         1.735      0.092     18.769      0.000
    SELF_EFFIC         1.724      0.067     25.718      0.000

 Variances
    BROAD_INTE         0.405      0.104      3.887      0.000
    ENJOYMENT          0.060      0.016      3.701      0.000
    INSTRUMENT         0.636      0.134      4.738      0.000
    SELF_EFFIC         0.309      0.048      6.484      0.000

Latent Class 2

 BROAD_IN WITH
    ENJOYMENT          0.000      0.000    999.000    999.000
    INSTRUMENT         0.000      0.000    999.000    999.000
    SELF_EFFIC         0.000      0.000    999.000    999.000

 ENJOYMEN WITH
    INSTRUMENT         0.000      0.000    999.000    999.000
    SELF_EFFIC         0.000      0.000    999.000    999.000

 INSTRUME WITH
    SELF_EFFIC         0.000      0.000    999.000    999.000

 Means
    BROAD_INTE         2.912      0.049     59.366      0.000
    ENJOYMENT          2.968      0.012    238.242      0.000
    INSTRUMENT         2.042      0.082     24.923      0.000
    SELF_EFFIC         2.072      0.057     36.269      0.000

 Variances
    BROAD_INTE         0.262      0.056      4.671      0.000
    ENJOYMENT          0.010      0.003      3.283      0.001
    INSTRUMENT         0.358      0.119      3.008      0.003
    SELF_EFFIC         0.298      0.038      7.771      0.000

Latent Class 3

 BROAD_IN WITH
    ENJOYMENT          0.000      0.000    999.000    999.000
    INSTRUMENT         0.000      0.000    999.000    999.000
    SELF_EFFIC         0.000      0.000    999.000    999.000

 ENJOYMEN WITH
    INSTRUMENT         0.000      0.000    999.000    999.000
    SELF_EFFIC         0.000      0.000    999.000    999.000

 INSTRUME WITH
    SELF_EFFIC         0.000      0.000    999.000    999.000

 Means
    BROAD_INTE         2.257      0.082     27.478      0.000
    ENJOYMENT          2.305      0.072     32.038      0.000
    INSTRUMENT         2.357      0.068     34.505      0.000
    SELF_EFFIC         2.330      0.049     47.308      0.000

 Variances
    BROAD_INTE         0.594      0.083      7.189      0.000
    ENJOYMENT          0.397      0.044      9.011      0.000
    INSTRUMENT         0.560      0.069      8.137      0.000
    SELF_EFFIC         0.435      0.045      9.689      0.000

Categorical Latent Variables

 Means
    C1#1              -0.891      0.183     -4.877      0.000
    C1#2              -0.285      0.188     -1.517      0.129


QUALITY OF NUMERICAL RESULTS

     Condition Number for the Information Matrix              0.970E-03
       (ratio of smallest to largest eigenvalue)


TECHNICAL 14 OUTPUT

     Random Starts Specifications for the k-1 Class Analysis Model
        Number of initial stage random starts                 100
        Number of final stage optimizations                    20

     Random Starts Specification for the k-1 Class Model for Generated Data
        Number of initial stage random starts                   0
        Number of final stage optimizations for the
           initial stage random starts                          0
     Random Starts Specification for the k Class Model for Generated Data
        Number of initial stage random starts                  40
        Number of final stage optimizations                     8
     Number of bootstrap draws requested                   Varies


     PARAMETRIC BOOTSTRAPPED LIKELIHOOD RATIO TEST FOR 2 (H0) VERSUS 3 CLASSES

          H0 Loglikelihood Value                        -1988.990
          2 Times the Loglikelihood Difference            222.052
          Difference in the Number of Parameters                9
          Approximate P-Value                              0.0000
          Successful Bootstrap Draws                            5

     WARNING:  OF THE 5 BOOTSTRAP DRAWS, 4 DRAWS HAD BOTH A SMALLER LRT VALUE THAN THE
     OBSERVED LRT VALUE AND NOT A REPLICATED BEST LOGLIKELIHOOD VALUE FOR THE 3-CLASS MODEL.
     THIS MEANS THAT THE P-VALUE MAY NOT BE TRUSTWORTHY DUE TO LOCAL MAXIMA.
     INCREASE THE NUMBER OF RANDOM STARTS USING THE LRTSTARTS OPTION.



SAVEDATA INFORMATION


  Save file
    model_2_class_3.dat

  Order and format of variables

    BROAD_IN       F10.3
    ENJOYMEN       F10.3
    INSTRUME       F10.3
    SELF_EFF       F10.3
    CPROB1         F10.3
    CPROB2         F10.3
    CPROB3         F10.3
    C1             F10.3

  Save file format
    8F10.3

  Save file record length    10000

  Save missing symbol        *


     Beginning Time:  10:23:42
        Ending Time:  10:23:50
       Elapsed Time:  00:00:08



MUTHEN & MUTHEN
3463 Stoner Ave.
Los Angeles, CA  90066

Tel: (310) 391-9971
Fax: (310) 391-8971
Web: www.StatModel.com
Support: Support@StatModel.com

Copyright (c) 1998-2022 Muthen & Muthen
