Mplus VERSION 8.8
MUTHEN & MUTHEN
04/03/2023  10:24 AM

INPUT INSTRUCTIONS

  TITLE:
  model 3 with 1 classes
  DATA:
  FILE = "data_62339a89bd516bfbbc8576cfc6c62338.dat";

  VARIABLE:
  NAMES = broad_interest enjoyment instrumental_mot self_efficacy;
   MISSING=.;
   CLASSES = c1(1);

  ANALYSIS:
  TYPE = mixture;
  starts = 100, 20;
  MODEL:
  %c1#1%
  broad_interest (vbroad_interest);
  enjoyment (venjoyment);
  instrumental_mot (vinstrumental_mot);
  self_efficacy (vself_efficacy);

  broad_interest WITH enjoyment (broad_interestWenjoyment);
  broad_interest WITH instrumental_mot (broad_interestWinstrumental_mot);
  broad_interest WITH self_efficacy (broad_interestWself_efficacy);
  enjoyment WITH instrumental_mot (enjoymentWinstrumental_mot);
  enjoyment WITH self_efficacy (enjoymentWself_efficacy);
  instrumental_mot WITH self_efficacy (instrumental_motWself_efficacy);


  OUTPUT:
  TECH14;

  SAVEDATA:
  FILE IS model_3_class_1.dat;
  SAVE = cprobabilities;



*** WARNING in VARIABLE command
  Note that only the first 8 characters of variable names are used in the output.
  Shorten variable names to avoid any confusion.
*** WARNING in MODEL command
  All variables are uncorrelated with all other variables within class.
  Check that this is what is intended.
*** WARNING in OUTPUT command
  TECH14 option is not available for TYPE=MIXTURE with only one class.
  Request for TECH14 is ignored.
   3 WARNING(S) FOUND IN THE INPUT INSTRUCTIONS




model 3 with 1 classes

SUMMARY OF ANALYSIS

Number of groups                                                 1
Number of observations                                         488

Number of dependent variables                                    4
Number of independent variables                                  0
Number of continuous latent variables                            0
Number of categorical latent variables                           1

Observed dependent variables

  Continuous
   BROAD_INTE  ENJOYMENT   INSTRUMENT  SELF_EFFIC

Categorical latent variables
   C1


Estimator                                                      MLR
Information matrix                                        OBSERVED
Optimization Specifications for the Quasi-Newton Algorithm for
Continuous Outcomes
  Maximum number of iterations                                 100
  Convergence criterion                                  0.100D-05
Optimization Specifications for the EM Algorithm
  Maximum number of iterations                                 500
  Convergence criteria
    Loglikelihood change                                 0.100D-06
    Relative loglikelihood change                        0.100D-06
    Derivative                                           0.100D-05
Optimization Specifications for the M step of the EM Algorithm for
Categorical Latent variables
  Number of M step iterations                                    1
  M step convergence criterion                           0.100D-05
  Basis for M step termination                           ITERATION
Optimization Specifications for the M step of the EM Algorithm for
Censored, Binary or Ordered Categorical (Ordinal), Unordered
Categorical (Nominal) and Count Outcomes
  Number of M step iterations                                    1
  M step convergence criterion                           0.100D-05
  Basis for M step termination                           ITERATION
  Maximum value for logit thresholds                            15
  Minimum value for logit thresholds                           -15
  Minimum expected cell size for chi-square              0.100D-01
Maximum number of iterations for H1                           2000
Convergence criterion for H1                             0.100D-03
Optimization algorithm                                         EMA
Random Starts Specifications
  Number of initial stage random starts                        100
  Number of final stage optimizations                           20
  Number of initial stage iterations                            10
  Initial stage convergence criterion                    0.100D+01
  Random starts scale                                    0.500D+01
  Random seed for generating random starts                       0

Input data file(s)
  data_62339a89bd516bfbbc8576cfc6c62338.dat
Input data format  FREE


SUMMARY OF DATA

     Number of missing data patterns             8
     Number of y missing data patterns           8
     Number of u missing data patterns           0


COVARIANCE COVERAGE OF DATA

Minimum covariance coverage value   0.100


     PROPORTION OF DATA PRESENT FOR Y


           Covariance Coverage
              BROAD_IN      ENJOYMEN      INSTRUME      SELF_EFF
              ________      ________      ________      ________
 BROAD_IN       0.977
 ENJOYMEN       0.977         0.996
 INSTRUME       0.971         0.977         0.982
 SELF_EFF       0.969         0.975         0.973         0.977



UNIVARIATE SAMPLE STATISTICS


     UNIVARIATE HIGHER-ORDER MOMENT DESCRIPTIVE STATISTICS

         Variable/         Mean/     Skewness/   Minimum/ % with                Percentiles
        Sample Size      Variance    Kurtosis    Maximum  Min/Max      20%/60%    40%/80%    Median

     BROAD_INTEREST        2.666      -0.140       1.000    4.82%       2.000      2.600      2.800
             477.000       0.595      -0.053       5.000    0.21%       3.000      3.200
     ENJOYMENT             2.820      -0.454       1.000    3.70%       2.400      2.800      3.000
             486.000       0.514       0.248       4.000   10.49%       3.000      3.400
     INSTRUMENTAL_MO       2.129       0.455       1.000   14.82%       1.500      2.000      2.000
             479.000       0.561       0.120       4.000    4.38%       2.000      2.750
     SELF_EFFICACY         2.125       0.398       1.000    6.29%       1.625      2.000      2.000
             477.000       0.414       0.138       4.000    1.26%       2.250      2.625

RANDOM STARTS RESULTS RANKED FROM THE BEST TO THE WORST LOGLIKELIHOOD VALUES

Final stage loglikelihood values at local maxima, seeds, and initial stage start numbers:

           -1968.348  569131           26
           -1968.348  443917           60
           -1968.348  637345           19
           -1968.348  685657           69
           -1968.348  551639           55
           -1968.348  754100           56
           -1968.348  285380           1
           -1968.348  415931           10
           -1968.348  848163           47
           -1968.348  626891           32
           -1968.348  851945           18
           -1968.348  391179           78
           -1968.348  318230           46
           -1968.348  76337            76
           -1968.348  170954           86
           -1968.348  533738           11
           -1968.348  915107           54
           -1968.348  227563           63
           -1968.348  462953           7
           -1968.348  unperturbed      0



THE MODEL ESTIMATION TERMINATED NORMALLY



MODEL FIT INFORMATION

Number of Free Parameters                       14

Loglikelihood

          H0 Value                       -1968.348
          H0 Scaling Correction Factor      1.1620
            for MLR

Information Criteria

          Akaike (AIC)                    3964.697
          Bayesian (BIC)                  4023.361
          Sample-Size Adjusted BIC        3978.926
            (n* = (n + 2) / 24)



FINAL CLASS COUNTS AND PROPORTIONS FOR THE LATENT CLASSES
BASED ON THE ESTIMATED MODEL

    Latent
   Classes

       1        488.00000          1.00000


FINAL CLASS COUNTS AND PROPORTIONS FOR THE LATENT CLASSES
BASED ON ESTIMATED POSTERIOR PROBABILITIES

    Latent
   Classes

       1        488.00000          1.00000


FINAL CLASS COUNTS AND PROPORTIONS FOR THE LATENT CLASSES
BASED ON THEIR MOST LIKELY LATENT CLASS MEMBERSHIP

Class Counts and Proportions

    Latent
   Classes

       1              488          1.00000


Average Latent Class Probabilities for Most Likely Latent Class Membership (Row)
by Latent Class (Column)

           1

    1   1.000


Classification Probabilities for the Most Likely Latent Class Membership (Column)
by Latent Class (Row)

           1

    1   1.000


Logits for the Classification Probabilities for the Most Likely Latent Class Membership (Column)
by Latent Class (Row)

              1

    1      0.000


MODEL RESULTS

                                                    Two-Tailed
                    Estimate       S.E.  Est./S.E.    P-Value

Latent Class 1

 BROAD_IN WITH
    ENJOYMENT          0.272      0.031      8.880      0.000
    INSTRUMENT        -0.100      0.032     -3.132      0.002
    SELF_EFFIC        -0.099      0.027     -3.622      0.000

 ENJOYMEN WITH
    INSTRUMENT        -0.171      0.030     -5.712      0.000
    SELF_EFFIC        -0.145      0.023     -6.164      0.000

 INSTRUME WITH
    SELF_EFFIC         0.095      0.024      3.949      0.000

 Means
    BROAD_INTE         2.666      0.035     75.639      0.000
    ENJOYMENT          2.821      0.033     86.773      0.000
    INSTRUMENT         2.129      0.034     62.307      0.000
    SELF_EFFIC         2.125      0.029     72.204      0.000

 Variances
    BROAD_INTE         0.595      0.038     15.679      0.000
    ENJOYMENT          0.514      0.035     14.705      0.000
    INSTRUMENT         0.560      0.037     15.038      0.000
    SELF_EFFIC         0.414      0.028     14.946      0.000


QUALITY OF NUMERICAL RESULTS

     Condition Number for the Information Matrix              0.349E-01
       (ratio of smallest to largest eigenvalue)


SAVEDATA INFORMATION


  Save file
    model_3_class_1.dat

  Order and format of variables

    BROAD_IN       F10.3
    ENJOYMEN       F10.3
    INSTRUME       F10.3
    SELF_EFF       F10.3
    CPROB1         F10.3
    C1             F10.3

  Save file format
    6F10.3

  Save file record length    10000

  Save missing symbol        *


     Beginning Time:  10:24:41
        Ending Time:  10:24:41
       Elapsed Time:  00:00:00



MUTHEN & MUTHEN
3463 Stoner Ave.
Los Angeles, CA  90066

Tel: (310) 391-9971
Fax: (310) 391-8971
Web: www.StatModel.com
Support: Support@StatModel.com

Copyright (c) 1998-2022 Muthen & Muthen
