Mplus VERSION 8.11
MUTHEN & MUTHEN
10/31/2024   4:02 PM

INPUT INSTRUCTIONS

  TITLE:
  model 3 with 5 classes
  DATA:
  FILE = "data_62339a89bd516bfbbc8576cfc6c62338.dat";
  VARIABLE:
  NAMES = broad_interest enjoyment instrumental_mot self_efficacy;
   MISSING=.;
   CLASSES = c1(5);

  ANALYSIS:
  TYPE = mixture;
  starts = 500 100;
  MODEL:
  %c1#1%
  broad_interest (vbroad_interest);
  enjoyment (venjoyment);
  instrumental_mot (vinstrumental_mot);
  self_efficacy (vself_efficacy);

  broad_interest WITH enjoyment (broad_interestWenjoyment);
  broad_interest WITH instrumental_mot (broad_interestWinstrumental_mot);
  broad_interest WITH self_efficacy (broad_interestWself_efficacy);
  enjoyment WITH instrumental_mot (enjoymentWinstrumental_mot);
  enjoyment WITH self_efficacy (enjoymentWself_efficacy);
  instrumental_mot WITH self_efficacy (instrumental_motWself_efficacy);

  %c1#2%
  broad_interest (vbroad_interest);
  enjoyment (venjoyment);
  instrumental_mot (vinstrumental_mot);
  self_efficacy (vself_efficacy);

  broad_interest WITH enjoyment (broad_interestWenjoyment);
  broad_interest WITH instrumental_mot (broad_interestWinstrumental_mot);
  broad_interest WITH self_efficacy (broad_interestWself_efficacy);
  enjoyment WITH instrumental_mot (enjoymentWinstrumental_mot);
  enjoyment WITH self_efficacy (enjoymentWself_efficacy);
  instrumental_mot WITH self_efficacy (instrumental_motWself_efficacy);

  %c1#3%
  broad_interest (vbroad_interest);
  enjoyment (venjoyment);
  instrumental_mot (vinstrumental_mot);
  self_efficacy (vself_efficacy);

  broad_interest WITH enjoyment (broad_interestWenjoyment);
  broad_interest WITH instrumental_mot (broad_interestWinstrumental_mot);
  broad_interest WITH self_efficacy (broad_interestWself_efficacy);
  enjoyment WITH instrumental_mot (enjoymentWinstrumental_mot);
  enjoyment WITH self_efficacy (enjoymentWself_efficacy);
  instrumental_mot WITH self_efficacy (instrumental_motWself_efficacy);

  %c1#4%
  broad_interest (vbroad_interest);
  enjoyment (venjoyment);
  instrumental_mot (vinstrumental_mot);
  self_efficacy (vself_efficacy);

  broad_interest WITH enjoyment (broad_interestWenjoyment);
  broad_interest WITH instrumental_mot (broad_interestWinstrumental_mot);
  broad_interest WITH self_efficacy (broad_interestWself_efficacy);
  enjoyment WITH instrumental_mot (enjoymentWinstrumental_mot);
  enjoyment WITH self_efficacy (enjoymentWself_efficacy);
  instrumental_mot WITH self_efficacy (instrumental_motWself_efficacy);

  %c1#5%
  broad_interest (vbroad_interest);
  enjoyment (venjoyment);
  instrumental_mot (vinstrumental_mot);
  self_efficacy (vself_efficacy);

  broad_interest WITH enjoyment (broad_interestWenjoyment);
  broad_interest WITH instrumental_mot (broad_interestWinstrumental_mot);
  broad_interest WITH self_efficacy (broad_interestWself_efficacy);
  enjoyment WITH instrumental_mot (enjoymentWinstrumental_mot);
  enjoyment WITH self_efficacy (enjoymentWself_efficacy);
  instrumental_mot WITH self_efficacy (instrumental_motWself_efficacy);


  OUTPUT:
  TECH14;
  sampstat residual tech11 tech14
  SAVEDATA:
  FILE IS model_3_class_5.dat;
  SAVE = cprobabilities;



*** WARNING in VARIABLE command
  Note that only the first 8 characters of variable names are used in the output.
  Shorten variable names to avoid any confusion.
*** WARNING in MODEL command
  All variables are uncorrelated with all other variables within class.
  Check that this is what is intended.
   2 WARNING(S) FOUND IN THE INPUT INSTRUCTIONS




model 3 with 5 classes

SUMMARY OF ANALYSIS

Number of groups                                                 1
Number of observations                                         488

Number of dependent variables                                    4
Number of independent variables                                  0
Number of continuous latent variables                            0
Number of categorical latent variables                           1

Observed dependent variables

  Continuous
   BROAD_INTE  ENJOYMENT   INSTRUMENT  SELF_EFFIC

Categorical latent variables
   C1


Estimator                                                      MLR
Information matrix                                        OBSERVED
Optimization Specifications for the Quasi-Newton Algorithm for
Continuous Outcomes
  Maximum number of iterations                                 100
  Convergence criterion                                  0.100D-05
Optimization Specifications for the EM Algorithm
  Maximum number of iterations                                 500
  Convergence criteria
    Loglikelihood change                                 0.100D-06
    Relative loglikelihood change                        0.100D-06
    Derivative                                           0.100D-05
Optimization Specifications for the M step of the EM Algorithm for
Categorical Latent variables
  Number of M step iterations                                    1
  M step convergence criterion                           0.100D-05
  Basis for M step termination                           ITERATION
Optimization Specifications for the M step of the EM Algorithm for
Censored, Binary or Ordered Categorical (Ordinal), Unordered
Categorical (Nominal) and Count Outcomes
  Number of M step iterations                                    1
  M step convergence criterion                           0.100D-05
  Basis for M step termination                           ITERATION
  Maximum value for logit thresholds                            15
  Minimum value for logit thresholds                           -15
  Minimum expected cell size for chi-square              0.100D-01
Maximum number of iterations for H1                           2000
Convergence criterion for H1                             0.100D-03
Optimization algorithm                                         EMA
Random Starts Specifications
  Number of initial stage random starts                        500
  Number of final stage optimizations                          100
  Number of initial stage iterations                            10
  Initial stage convergence criterion                    0.100D+01
  Random starts scale                                    0.500D+01
  Random seed for generating random starts                       0

Input data file(s)
  data_62339a89bd516bfbbc8576cfc6c62338.dat
Input data format  FREE


SUMMARY OF DATA

     Number of missing data patterns             8
     Number of y missing data patterns           8
     Number of u missing data patterns           0


COVARIANCE COVERAGE OF DATA

Minimum covariance coverage value   0.100


     PROPORTION OF DATA PRESENT FOR Y


           Covariance Coverage
              BROAD_IN      ENJOYMEN      INSTRUME      SELF_EFF
              ________      ________      ________      ________
 BROAD_IN       0.977
 ENJOYMEN       0.977         0.996
 INSTRUME       0.971         0.977         0.982
 SELF_EFF       0.969         0.975         0.973         0.977


SAMPLE STATISTICS


     ESTIMATED SAMPLE STATISTICS


           Means
              BROAD_IN      ENJOYMEN      INSTRUME      SELF_EFF
              ________      ________      ________      ________
                2.666         2.821         2.129         2.125


           Covariances
              BROAD_IN      ENJOYMEN      INSTRUME      SELF_EFF
              ________      ________      ________      ________
 BROAD_IN       0.595
 ENJOYMEN       0.272         0.514
 INSTRUME      -0.100        -0.171         0.560
 SELF_EFF      -0.099        -0.145         0.095         0.414


           Correlations
              BROAD_IN      ENJOYMEN      INSTRUME      SELF_EFF
              ________      ________      ________      ________
 BROAD_IN       1.000
 ENJOYMEN       0.492         1.000
 INSTRUME      -0.173        -0.319         1.000
 SELF_EFF      -0.199        -0.314         0.197         1.000


     MAXIMUM LOG-LIKELIHOOD VALUE FOR THE UNRESTRICTED (H1) MODEL IS -1968.348


UNIVARIATE SAMPLE STATISTICS


     UNIVARIATE HIGHER-ORDER MOMENT DESCRIPTIVE STATISTICS

         Variable/         Mean/     Skewness/   Minimum/ % with                Percentiles
        Sample Size      Variance    Kurtosis    Maximum  Min/Max      20%/60%    40%/80%    Median

     BROAD_INTEREST        2.666      -0.140       1.000    4.82%       2.000      2.600      2.800
             477.000       0.595      -0.053       5.000    0.21%       3.000      3.200
     ENJOYMENT             2.820      -0.454       1.000    3.70%       2.400      2.800      3.000
             486.000       0.514       0.248       4.000   10.49%       3.000      3.400
     INSTRUMENTAL_MO       2.129       0.455       1.000   14.82%       1.500      2.000      2.000
             479.000       0.561       0.120       4.000    4.38%       2.000      2.750
     SELF_EFFICACY         2.125       0.398       1.000    6.29%       1.625      2.000      2.000
             477.000       0.414       0.138       4.000    1.26%       2.250      2.625

RANDOM STARTS RESULTS RANKED FROM THE BEST TO THE WORST LOGLIKELIHOOD VALUES

Final stage loglikelihood values at local maxima, seeds, and initial stage start numbers:

           -1830.680  392751           480
           -1899.959  411615           171
           -1899.959  673496           218
           -1899.959  227563           63
           -1899.959  787985           482
           -1899.959  992389           77
           -1899.959  930872           277
           -1899.959  282464           283
           -1902.316  392418           28
           -1902.316  597614           284
           -1902.316  193847           354
           -1902.316  830529           279
           -1902.316  70118            104
           -1902.316  150531           154
           -1902.316  281462           285
           -1902.316  436460           89
           -1902.316  414828           322
           -1902.316  120506           45
           -1902.316  153394           429
           -1902.316  695155           150
           -1902.316  565819           65
           -1902.316  15715            274
           -1902.316  391949           295
           -1902.316  107446           12
           -1902.316  760878           249
           -1902.316  798839           312
           -1905.342  36714            201
           -1905.342  484687           306
           -1905.342  484501           163
           -1905.342  793035           187
           -1905.342  440841           118
           -1905.342  76337            76
           -1907.222  407108           366
           -1907.222  50887            389
           -1907.222  464179           106
           -1907.222  726035           191
           -1907.222  823392           479
           -1908.627  915107           54
           -1908.627  631413           439
           -1908.627  372176           23
           -1908.627  741888           138
           -1908.627  12477            155
           -1908.627  836515           341
           -1908.947  193569           440
           -1908.947  217130           443
           -1910.058  714997           399
           -1910.058  573096           20
           -1910.058  80438            246
           -1910.058  512836           289
           -1910.058  404426           344
           -1910.165  871722           355
           -1910.165  965994           396
           -1913.051  132336           362
           -1913.051  891531           206
           -1913.182  471040           403
           -1913.888  105435           265
           -1913.888  629320           222
           -1914.401  717754           180
           -1918.484  416250           390
           -1918.999  863094           147
           -1918.999  285380           1

39 perturbed starting value run(s) did not converge or were rejected in the third stage.



     WARNING:  THE BEST LOGLIKELIHOOD VALUE WAS NOT REPLICATED.  THE
     SOLUTION MAY NOT BE TRUSTWORTHY DUE TO LOCAL MAXIMA.  INCREASE THE
     NUMBER OF RANDOM STARTS.


THE MODEL ESTIMATION TERMINATED NORMALLY



MODEL FIT INFORMATION

Number of Free Parameters                       34

Loglikelihood

          H0 Value                       -1830.680
          H0 Scaling Correction Factor      1.1315
            for MLR

Information Criteria

          Akaike (AIC)                    3729.359
          Bayesian (BIC)                  3871.830
          Sample-Size Adjusted BIC        3763.915
            (n* = (n + 2) / 24)



FINAL CLASS COUNTS AND PROPORTIONS FOR THE LATENT CLASSES
BASED ON THE ESTIMATED MODEL

    Latent
   Classes

       1         10.13019          0.02076
       2        123.04043          0.25213
       3        232.06675          0.47555
       4         31.49833          0.06455
       5         91.26429          0.18702


FINAL CLASS COUNTS AND PROPORTIONS FOR THE LATENT CLASSES
BASED ON ESTIMATED POSTERIOR PROBABILITIES

    Latent
   Classes

       1         10.13019          0.02076
       2        123.04043          0.25213
       3        232.06675          0.47555
       4         31.49833          0.06455
       5         91.26429          0.18702


FINAL CLASS COUNTS AND PROPORTIONS FOR THE LATENT CLASSES
BASED ON THEIR MOST LIKELY LATENT CLASS MEMBERSHIP

Class Counts and Proportions

    Latent
   Classes

       1                8          0.01639
       2              126          0.25820
       3              231          0.47336
       4               31          0.06352
       5               92          0.18852


CLASSIFICATION QUALITY

     Entropy                         0.937


Average Latent Class Probabilities for Most Likely Latent Class Membership (Row)
by Latent Class (Column)

           1        2        3        4        5

    1   0.908    0.000    0.001    0.000    0.091
    2   0.000    0.948    0.052    0.000    0.000
    3   0.000    0.015    0.970    0.002    0.012
    4   0.000    0.003    0.000    0.997    0.000
    5   0.030    0.000    0.016    0.000    0.954


Classification Probabilities for the Most Likely Latent Class Membership (Column)
by Latent Class (Row)

           1        2        3        4        5

    1   0.717    0.000    0.008    0.000    0.275
    2   0.000    0.971    0.028    0.001    0.000
    3   0.000    0.028    0.965    0.000    0.006
    4   0.000    0.001    0.018    0.981    0.000
    5   0.008    0.000    0.031    0.000    0.961


Logits for the Classification Probabilities for the Most Likely Latent Class Membership (Column)
by Latent Class (Row)

              1        2        3        4        5

    1      0.960  -12.524   -3.524  -12.524    0.000
    2      0.000   13.786   10.256    6.756    0.000
    3     -5.481    1.475    5.010   -8.770    0.000
    4      0.000    7.055    9.799   13.796    0.000
    5     -4.791  -13.776   -3.440  -13.776    0.000


MODEL RESULTS

                                                    Two-Tailed
                    Estimate       S.E.  Est./S.E.    P-Value

Latent Class 1

 BROAD_IN WITH
    ENJOYMENT          0.221      0.027      8.238      0.000
    INSTRUMENT        -0.018      0.013     -1.313      0.189
    SELF_EFFIC        -0.080      0.026     -3.086      0.002

 ENJOYMEN WITH
    INSTRUMENT        -0.026      0.007     -3.623      0.000
    SELF_EFFIC        -0.107      0.022     -4.772      0.000

 INSTRUME WITH
    SELF_EFFIC        -0.001      0.007     -0.103      0.918

 Means
    BROAD_INTE         1.995      0.328      6.075      0.000
    ENJOYMENT          1.475      0.216      6.839      0.000
    INSTRUMENT         1.206      0.081     14.877      0.000
    SELF_EFFIC         2.192      0.305      7.198      0.000

 Variances
    BROAD_INTE         0.565      0.038     14.952      0.000
    ENJOYMENT          0.414      0.031     13.350      0.000
    INSTRUMENT         0.035      0.003     11.808      0.000
    SELF_EFFIC         0.393      0.026     14.921      0.000

Latent Class 2

 BROAD_IN WITH
    ENJOYMENT          0.221      0.027      8.238      0.000
    INSTRUMENT        -0.018      0.013     -1.313      0.189
    SELF_EFFIC        -0.080      0.026     -3.086      0.002

 ENJOYMEN WITH
    INSTRUMENT        -0.026      0.007     -3.623      0.000
    SELF_EFFIC        -0.107      0.022     -4.772      0.000

 INSTRUME WITH
    SELF_EFFIC        -0.001      0.007     -0.103      0.918

 Means
    BROAD_INTE         2.491      0.078     31.933      0.000
    ENJOYMENT          2.613      0.063     41.221      0.000
    INSTRUMENT         2.761      0.025    110.499      0.000
    SELF_EFFIC         2.283      0.062     36.603      0.000

 Variances
    BROAD_INTE         0.565      0.038     14.952      0.000
    ENJOYMENT          0.414      0.031     13.350      0.000
    INSTRUMENT         0.035      0.003     11.808      0.000
    SELF_EFFIC         0.393      0.026     14.921      0.000

Latent Class 3

 BROAD_IN WITH
    ENJOYMENT          0.221      0.027      8.238      0.000
    INSTRUMENT        -0.018      0.013     -1.313      0.189
    SELF_EFFIC        -0.080      0.026     -3.086      0.002

 ENJOYMEN WITH
    INSTRUMENT        -0.026      0.007     -3.623      0.000
    SELF_EFFIC        -0.107      0.022     -4.772      0.000

 INSTRUME WITH
    SELF_EFFIC        -0.001      0.007     -0.103      0.918

 Means
    BROAD_INTE         2.746      0.047     58.726      0.000
    ENJOYMENT          2.855      0.040     71.068      0.000
    INSTRUMENT         2.011      0.014    146.121      0.000
    SELF_EFFIC         2.119      0.041     51.894      0.000

 Variances
    BROAD_INTE         0.565      0.038     14.952      0.000
    ENJOYMENT          0.414      0.031     13.350      0.000
    INSTRUMENT         0.035      0.003     11.808      0.000
    SELF_EFFIC         0.393      0.026     14.921      0.000

Latent Class 4

 BROAD_IN WITH
    ENJOYMENT          0.221      0.027      8.238      0.000
    INSTRUMENT        -0.018      0.013     -1.313      0.189
    SELF_EFFIC        -0.080      0.026     -3.086      0.002

 ENJOYMEN WITH
    INSTRUMENT        -0.026      0.007     -3.623      0.000
    SELF_EFFIC        -0.107      0.022     -4.772      0.000

 INSTRUME WITH
    SELF_EFFIC        -0.001      0.007     -0.103      0.918

 Means
    BROAD_INTE         2.427      0.192     12.658      0.000
    ENJOYMENT          2.438      0.175     13.903      0.000
    INSTRUMENT         3.869      0.037    104.397      0.000
    SELF_EFFIC         2.300      0.139     16.489      0.000

 Variances
    BROAD_INTE         0.565      0.038     14.952      0.000
    ENJOYMENT          0.414      0.031     13.350      0.000
    INSTRUMENT         0.035      0.003     11.808      0.000
    SELF_EFFIC         0.393      0.026     14.921      0.000

Latent Class 5

 BROAD_IN WITH
    ENJOYMENT          0.221      0.027      8.238      0.000
    INSTRUMENT        -0.018      0.013     -1.313      0.189
    SELF_EFFIC        -0.080      0.026     -3.086      0.002

 ENJOYMEN WITH
    INSTRUMENT        -0.026      0.007     -3.623      0.000
    SELF_EFFIC        -0.107      0.022     -4.772      0.000

 INSTRUME WITH
    SELF_EFFIC        -0.001      0.007     -0.103      0.918

 Means
    BROAD_INTE         2.852      0.093     30.726      0.000
    ENJOYMENT          3.297      0.066     49.715      0.000
    INSTRUMENT         1.082      0.017     63.537      0.000
    SELF_EFFIC         1.860      0.068     27.279      0.000

 Variances
    BROAD_INTE         0.565      0.038     14.952      0.000
    ENJOYMENT          0.414      0.031     13.350      0.000
    INSTRUMENT         0.035      0.003     11.808      0.000
    SELF_EFFIC         0.393      0.026     14.921      0.000

Categorical Latent Variables

 Means
    C1#1              -2.198      0.450     -4.887      0.000
    C1#2               0.299      0.145      2.061      0.039
    C1#3               0.933      0.131      7.097      0.000
    C1#4              -1.064      0.212     -5.017      0.000


QUALITY OF NUMERICAL RESULTS

     Condition Number for the Information Matrix              0.816E-05
       (ratio of smallest to largest eigenvalue)


RESIDUAL OUTPUT


     ESTIMATED MODEL AND RESIDUALS (OBSERVED - ESTIMATED) FOR CLASS 1


           Model Estimated Means
              BROAD_IN      ENJOYMEN      INSTRUME      SELF_EFF
              ________      ________      ________      ________
                1.995         1.475         1.206         2.192


           Residuals for Means
              BROAD_IN      ENJOYMEN      INSTRUME      SELF_EFF
              ________      ________      ________      ________
               -0.003        -0.001         0.000         0.001


           Model Estimated Covariances
              BROAD_IN      ENJOYMEN      INSTRUME      SELF_EFF
              ________      ________      ________      ________
 BROAD_IN       0.565
 ENJOYMEN       0.221         0.414
 INSTRUME      -0.018        -0.026         0.035
 SELF_EFF      -0.080        -0.107        -0.001         0.393


           Residuals for Covariances
              BROAD_IN      ENJOYMEN      INSTRUME      SELF_EFF
              ________      ________      ________      ________
 BROAD_IN       0.016
 ENJOYMEN      -0.037        -0.125
 INSTRUME       0.075        -0.002         0.005
 SELF_EFF      -0.214        -0.061        -0.030         0.017


     ESTIMATED MODEL AND RESIDUALS (OBSERVED - ESTIMATED) FOR CLASS 2


           Model Estimated Means
              BROAD_IN      ENJOYMEN      INSTRUME      SELF_EFF
              ________      ________      ________      ________
                2.491         2.613         2.761         2.283


           Residuals for Means
              BROAD_IN      ENJOYMEN      INSTRUME      SELF_EFF
              ________      ________      ________      ________
                0.006         0.000         0.000         0.000


           Model Estimated Covariances
              BROAD_IN      ENJOYMEN      INSTRUME      SELF_EFF
              ________      ________      ________      ________
 BROAD_IN       0.565
 ENJOYMEN       0.221         0.414
 INSTRUME      -0.018        -0.026         0.035
 SELF_EFF      -0.080        -0.107        -0.001         0.393


           Residuals for Covariances
              BROAD_IN      ENJOYMEN      INSTRUME      SELF_EFF
              ________      ________      ________      ________
 BROAD_IN      -0.001
 ENJOYMEN       0.059         0.053
 INSTRUME      -0.009        -0.027         0.018
 SELF_EFF       0.035         0.050         0.002         0.027


     ESTIMATED MODEL AND RESIDUALS (OBSERVED - ESTIMATED) FOR CLASS 3


           Model Estimated Means
              BROAD_IN      ENJOYMEN      INSTRUME      SELF_EFF
              ________      ________      ________      ________
                2.746         2.855         2.011         2.119


           Residuals for Means
              BROAD_IN      ENJOYMEN      INSTRUME      SELF_EFF
              ________      ________      ________      ________
                0.000        -0.001         0.000        -0.002


           Model Estimated Covariances
              BROAD_IN      ENJOYMEN      INSTRUME      SELF_EFF
              ________      ________      ________      ________
 BROAD_IN       0.565
 ENJOYMEN       0.221         0.414
 INSTRUME      -0.018        -0.026         0.035
 SELF_EFF      -0.080        -0.107        -0.001         0.393


           Residuals for Covariances
              BROAD_IN      ENJOYMEN      INSTRUME      SELF_EFF
              ________      ________      ________      ________
 BROAD_IN      -0.108
 ENJOYMEN      -0.066        -0.057
 INSTRUME       0.010         0.006        -0.006
 SELF_EFF       0.083         0.035         0.004        -0.034


     ESTIMATED MODEL AND RESIDUALS (OBSERVED - ESTIMATED) FOR CLASS 4


           Model Estimated Means
              BROAD_IN      ENJOYMEN      INSTRUME      SELF_EFF
              ________      ________      ________      ________
                2.427         2.438         3.869         2.300


           Residuals for Means
              BROAD_IN      ENJOYMEN      INSTRUME      SELF_EFF
              ________      ________      ________      ________
               -0.001         0.000         0.000         0.001


           Model Estimated Covariances
              BROAD_IN      ENJOYMEN      INSTRUME      SELF_EFF
              ________      ________      ________      ________
 BROAD_IN       0.565
 ENJOYMEN       0.221         0.414
 INSTRUME      -0.018        -0.026         0.035
 SELF_EFF      -0.080        -0.107        -0.001         0.393


           Residuals for Covariances
              BROAD_IN      ENJOYMEN      INSTRUME      SELF_EFF
              ________      ________      ________      ________
 BROAD_IN       0.569
 ENJOYMEN       0.514         0.537
 INSTRUME       0.071         0.023         0.006
 SELF_EFF      -0.413        -0.403        -0.013         0.211


     ESTIMATED MODEL AND RESIDUALS (OBSERVED - ESTIMATED) FOR CLASS 5


           Model Estimated Means
              BROAD_IN      ENJOYMEN      INSTRUME      SELF_EFF
              ________      ________      ________      ________
                2.852         3.297         1.082         1.860


           Residuals for Means
              BROAD_IN      ENJOYMEN      INSTRUME      SELF_EFF
              ________      ________      ________      ________
               -0.002        -0.001         0.000         0.000


           Model Estimated Covariances
              BROAD_IN      ENJOYMEN      INSTRUME      SELF_EFF
              ________      ________      ________      ________
 BROAD_IN       0.565
 ENJOYMEN       0.221         0.414
 INSTRUME      -0.018        -0.026         0.035
 SELF_EFF      -0.080        -0.107        -0.001         0.393


           Residuals for Covariances
              BROAD_IN      ENJOYMEN      INSTRUME      SELF_EFF
              ________      ________      ________      ________
 BROAD_IN       0.079
 ENJOYMEN      -0.036        -0.099
 INSTRUME      -0.003         0.008        -0.012
 SELF_EFF      -0.016         0.040         0.002        -0.026


TECHNICAL 11 OUTPUT

     Random Starts Specifications for the k-1 Class Analysis Model
        Number of initial stage random starts                 500
        Number of final stage optimizations                   100



     VUONG-LO-MENDELL-RUBIN LIKELIHOOD RATIO TEST FOR 4 (H0) VERSUS 5 CLASSES

          H0 Loglikelihood Value                        -1840.854
          2 Times the Loglikelihood Difference             20.349
          Difference in the Number of Parameters                5
          Mean                                              9.502
          Standard Deviation                               10.361
          P-Value                                          0.1182

     LO-MENDELL-RUBIN ADJUSTED LRT TEST

          Value                                            19.712
          P-Value                                          0.1263


TECHNICAL 14 OUTPUT

     Random Starts Specifications for the k-1 Class Analysis Model
        Number of initial stage random starts                 500
        Number of final stage optimizations                   100

     Random Starts Specification for the k-1 Class Model for Generated Data
        Number of initial stage random starts                   0
        Number of final stage optimizations for the
           initial stage random starts                          0
     Random Starts Specification for the k Class Model for Generated Data
        Number of initial stage random starts                  40
        Number of final stage optimizations                     8
     Number of bootstrap draws requested                   Varies


     PARAMETRIC BOOTSTRAPPED LIKELIHOOD RATIO TEST FOR 4 (H0) VERSUS 5 CLASSES

          H0 Loglikelihood Value                        -1840.854
          2 Times the Loglikelihood Difference             20.349
          Difference in the Number of Parameters                5
          Approximate P-Value                              0.0000
          Successful Bootstrap Draws                           49


SAVEDATA INFORMATION


  Save file
    model_3_class_5.dat

  Order and format of variables

    BROAD_IN       F10.3
    ENJOYMEN       F10.3
    INSTRUME       F10.3
    SELF_EFF       F10.3
    CPROB1         F10.3
    CPROB2         F10.3
    CPROB3         F10.3
    CPROB4         F10.3
    CPROB5         F10.3
    C1             F10.3

  Save file format
    10F10.3

  Save file record length    10000

  Save missing symbol        *


     Beginning Time:  16:02:07
        Ending Time:  16:03:26
       Elapsed Time:  00:01:19



MUTHEN & MUTHEN
3463 Stoner Ave.
Los Angeles, CA  90066

Tel: (310) 391-9971
Fax: (310) 391-8971
Web: www.StatModel.com
Support: Support@StatModel.com

Copyright (c) 1998-2024 Muthen & Muthen
