Mplus VERSION 8.11
MUTHEN & MUTHEN
10/31/2024   4:01 PM

INPUT INSTRUCTIONS

  TITLE:
  model 3 with 3 classes
  DATA:
  FILE = "data_62339a89bd516bfbbc8576cfc6c62338.dat";
  VARIABLE:
  NAMES = broad_interest enjoyment instrumental_mot self_efficacy;
   MISSING=.;
   CLASSES = c1(3);

  ANALYSIS:
  TYPE = mixture;
  starts = 500 100;
  MODEL:
  %c1#1%
  broad_interest (vbroad_interest);
  enjoyment (venjoyment);
  instrumental_mot (vinstrumental_mot);
  self_efficacy (vself_efficacy);

  broad_interest WITH enjoyment (broad_interestWenjoyment);
  broad_interest WITH instrumental_mot (broad_interestWinstrumental_mot);
  broad_interest WITH self_efficacy (broad_interestWself_efficacy);
  enjoyment WITH instrumental_mot (enjoymentWinstrumental_mot);
  enjoyment WITH self_efficacy (enjoymentWself_efficacy);
  instrumental_mot WITH self_efficacy (instrumental_motWself_efficacy);

  %c1#2%
  broad_interest (vbroad_interest);
  enjoyment (venjoyment);
  instrumental_mot (vinstrumental_mot);
  self_efficacy (vself_efficacy);

  broad_interest WITH enjoyment (broad_interestWenjoyment);
  broad_interest WITH instrumental_mot (broad_interestWinstrumental_mot);
  broad_interest WITH self_efficacy (broad_interestWself_efficacy);
  enjoyment WITH instrumental_mot (enjoymentWinstrumental_mot);
  enjoyment WITH self_efficacy (enjoymentWself_efficacy);
  instrumental_mot WITH self_efficacy (instrumental_motWself_efficacy);

  %c1#3%
  broad_interest (vbroad_interest);
  enjoyment (venjoyment);
  instrumental_mot (vinstrumental_mot);
  self_efficacy (vself_efficacy);

  broad_interest WITH enjoyment (broad_interestWenjoyment);
  broad_interest WITH instrumental_mot (broad_interestWinstrumental_mot);
  broad_interest WITH self_efficacy (broad_interestWself_efficacy);
  enjoyment WITH instrumental_mot (enjoymentWinstrumental_mot);
  enjoyment WITH self_efficacy (enjoymentWself_efficacy);
  instrumental_mot WITH self_efficacy (instrumental_motWself_efficacy);


  OUTPUT:
  TECH14;
  sampstat residual tech11 tech14
  SAVEDATA:
  FILE IS model_3_class_3.dat;
  SAVE = cprobabilities;



*** WARNING in VARIABLE command
  Note that only the first 8 characters of variable names are used in the output.
  Shorten variable names to avoid any confusion.
*** WARNING in MODEL command
  All variables are uncorrelated with all other variables within class.
  Check that this is what is intended.
   2 WARNING(S) FOUND IN THE INPUT INSTRUCTIONS




model 3 with 3 classes

SUMMARY OF ANALYSIS

Number of groups                                                 1
Number of observations                                         488

Number of dependent variables                                    4
Number of independent variables                                  0
Number of continuous latent variables                            0
Number of categorical latent variables                           1

Observed dependent variables

  Continuous
   BROAD_INTE  ENJOYMENT   INSTRUMENT  SELF_EFFIC

Categorical latent variables
   C1


Estimator                                                      MLR
Information matrix                                        OBSERVED
Optimization Specifications for the Quasi-Newton Algorithm for
Continuous Outcomes
  Maximum number of iterations                                 100
  Convergence criterion                                  0.100D-05
Optimization Specifications for the EM Algorithm
  Maximum number of iterations                                 500
  Convergence criteria
    Loglikelihood change                                 0.100D-06
    Relative loglikelihood change                        0.100D-06
    Derivative                                           0.100D-05
Optimization Specifications for the M step of the EM Algorithm for
Categorical Latent variables
  Number of M step iterations                                    1
  M step convergence criterion                           0.100D-05
  Basis for M step termination                           ITERATION
Optimization Specifications for the M step of the EM Algorithm for
Censored, Binary or Ordered Categorical (Ordinal), Unordered
Categorical (Nominal) and Count Outcomes
  Number of M step iterations                                    1
  M step convergence criterion                           0.100D-05
  Basis for M step termination                           ITERATION
  Maximum value for logit thresholds                            15
  Minimum value for logit thresholds                           -15
  Minimum expected cell size for chi-square              0.100D-01
Maximum number of iterations for H1                           2000
Convergence criterion for H1                             0.100D-03
Optimization algorithm                                         EMA
Random Starts Specifications
  Number of initial stage random starts                        500
  Number of final stage optimizations                          100
  Number of initial stage iterations                            10
  Initial stage convergence criterion                    0.100D+01
  Random starts scale                                    0.500D+01
  Random seed for generating random starts                       0

Input data file(s)
  data_62339a89bd516bfbbc8576cfc6c62338.dat
Input data format  FREE


SUMMARY OF DATA

     Number of missing data patterns             8
     Number of y missing data patterns           8
     Number of u missing data patterns           0


COVARIANCE COVERAGE OF DATA

Minimum covariance coverage value   0.100


     PROPORTION OF DATA PRESENT FOR Y


           Covariance Coverage
              BROAD_IN      ENJOYMEN      INSTRUME      SELF_EFF
              ________      ________      ________      ________
 BROAD_IN       0.977
 ENJOYMEN       0.977         0.996
 INSTRUME       0.971         0.977         0.982
 SELF_EFF       0.969         0.975         0.973         0.977


SAMPLE STATISTICS


     ESTIMATED SAMPLE STATISTICS


           Means
              BROAD_IN      ENJOYMEN      INSTRUME      SELF_EFF
              ________      ________      ________      ________
                2.666         2.821         2.129         2.125


           Covariances
              BROAD_IN      ENJOYMEN      INSTRUME      SELF_EFF
              ________      ________      ________      ________
 BROAD_IN       0.595
 ENJOYMEN       0.272         0.514
 INSTRUME      -0.100        -0.171         0.560
 SELF_EFF      -0.099        -0.145         0.095         0.414


           Correlations
              BROAD_IN      ENJOYMEN      INSTRUME      SELF_EFF
              ________      ________      ________      ________
 BROAD_IN       1.000
 ENJOYMEN       0.492         1.000
 INSTRUME      -0.173        -0.319         1.000
 SELF_EFF      -0.199        -0.314         0.197         1.000


     MAXIMUM LOG-LIKELIHOOD VALUE FOR THE UNRESTRICTED (H1) MODEL IS -1968.348


UNIVARIATE SAMPLE STATISTICS


     UNIVARIATE HIGHER-ORDER MOMENT DESCRIPTIVE STATISTICS

         Variable/         Mean/     Skewness/   Minimum/ % with                Percentiles
        Sample Size      Variance    Kurtosis    Maximum  Min/Max      20%/60%    40%/80%    Median

     BROAD_INTEREST        2.666      -0.140       1.000    4.82%       2.000      2.600      2.800
             477.000       0.595      -0.053       5.000    0.21%       3.000      3.200
     ENJOYMENT             2.820      -0.454       1.000    3.70%       2.400      2.800      3.000
             486.000       0.514       0.248       4.000   10.49%       3.000      3.400
     INSTRUMENTAL_MO       2.129       0.455       1.000   14.82%       1.500      2.000      2.000
             479.000       0.561       0.120       4.000    4.38%       2.000      2.750
     SELF_EFFICACY         2.125       0.398       1.000    6.29%       1.625      2.000      2.000
             477.000       0.414       0.138       4.000    1.26%       2.250      2.625

RANDOM STARTS RESULTS RANKED FROM THE BEST TO THE WORST LOGLIKELIHOOD VALUES

Final stage loglikelihood values at local maxima, seeds, and initial stage start numbers:

           -1930.362  937885           426
           -1930.362  414284           158
           -1930.362  118421           139
           -1930.362  846194           93
           -1930.362  252949           487
           -1930.362  206099           363
           -1930.362  669634           335
           -1930.362  341041           34
           -1930.362  408713           450
           -1930.362  606576           151
           -1930.362  665121           417
           -1930.362  991329           182
           -1930.362  840031           276
           -1930.362  804660           260
           -1930.362  871851           257
           -1930.362  717754           180
           -1930.362  263221           447
           -1930.362  887580           493
           -1930.362  152496           123
           -1930.362  746978           410
           -1930.362  349360           464
           -1930.362  618000           190
           -1930.362  345726           461
           -1930.362  396795           323
           -1930.362  224950           455
           -1930.362  587946           120
           -1930.362  313407           132
           -1930.362  371246           101
           -1930.362  76337            76
           -1930.362  39136            226
           -1930.362  286735           175
           -1930.362  462228           298
           -1930.362  392751           480
           -1930.362  484501           163
           -1930.362  576726           280
           -1937.165  626087           314
           -1937.165  46437            153
           -1937.935  605565           404
           -1938.684  268896           124
           -1938.684  772131           407
           -1938.684  284109           82
           -1938.684  150531           154
           -1938.684  603842           61
           -1938.684  575700           100
           -1938.684  65651            214
           -1938.684  354395           486
           -1938.684  188498           258
           -1940.759  211281           292
           -1940.759  791285           416
           -1940.759  354559           73
           -1940.759  782200           84
           -1940.759  726035           191
           -1940.759  723775           97
           -1940.759  168762           200
           -1941.257  544048           87
           -1941.257  741888           138
           -1942.366  311214           64
           -1942.366  539751           459
           -1942.366  685657           69
           -1942.366  50887            389
           -1945.886  238906           430
           -1945.886  392407           221
           -1945.886  696773           80
           -1948.397  345070           114

36 perturbed starting value run(s) did not converge or were rejected in the third stage.



THE BEST LOGLIKELIHOOD VALUE HAS BEEN REPLICATED.  RERUN WITH AT LEAST TWICE THE
RANDOM STARTS TO CHECK THAT THE BEST LOGLIKELIHOOD IS STILL OBTAINED AND REPLICATED.


THE MODEL ESTIMATION TERMINATED NORMALLY



MODEL FIT INFORMATION

Number of Free Parameters                       24

Loglikelihood

          H0 Value                       -1930.362
          H0 Scaling Correction Factor      1.1447
            for MLR

Information Criteria

          Akaike (AIC)                    3908.724
          Bayesian (BIC)                  4009.291
          Sample-Size Adjusted BIC        3933.116
            (n* = (n + 2) / 24)



FINAL CLASS COUNTS AND PROPORTIONS FOR THE LATENT CLASSES
BASED ON THE ESTIMATED MODEL

    Latent
   Classes

       1         29.42289          0.06029
       2        441.18328          0.90406
       3         17.39383          0.03564


FINAL CLASS COUNTS AND PROPORTIONS FOR THE LATENT CLASSES
BASED ON ESTIMATED POSTERIOR PROBABILITIES

    Latent
   Classes

       1         29.42289          0.06029
       2        441.18328          0.90406
       3         17.39383          0.03564


FINAL CLASS COUNTS AND PROPORTIONS FOR THE LATENT CLASSES
BASED ON THEIR MOST LIKELY LATENT CLASS MEMBERSHIP

Class Counts and Proportions

    Latent
   Classes

       1               24          0.04918
       2              448          0.91803
       3               16          0.03279


CLASSIFICATION QUALITY

     Entropy                         0.912


Average Latent Class Probabilities for Most Likely Latent Class Membership (Row)
by Latent Class (Column)

           1        2        3

    1   0.877    0.123    0.000
    2   0.019    0.974    0.007
    3   0.000    0.108    0.892


Classification Probabilities for the Most Likely Latent Class Membership (Column)
by Latent Class (Row)

           1        2        3

    1   0.715    0.285    0.000
    2   0.007    0.989    0.004
    3   0.000    0.179    0.821


Logits for the Classification Probabilities for the Most Likely Latent Class Membership (Column)
by Latent Class (Row)

              1        2        3

    1     13.481   12.559    0.000
    2      0.539    5.536    0.000
    3    -13.144   -1.523    0.000


MODEL RESULTS

                                                    Two-Tailed
                    Estimate       S.E.  Est./S.E.    P-Value

Latent Class 1

 BROAD_IN WITH
    ENJOYMENT          0.211      0.040      5.276      0.000
    INSTRUMENT        -0.140      0.030     -4.635      0.000
    SELF_EFFIC        -0.093      0.026     -3.539      0.000

 ENJOYMEN WITH
    INSTRUMENT        -0.224      0.036     -6.165      0.000
    SELF_EFFIC        -0.142      0.024     -5.984      0.000

 INSTRUME WITH
    SELF_EFFIC         0.117      0.022      5.223      0.000

 Means
    BROAD_INTE         2.058      0.221      9.301      0.000
    ENJOYMENT          1.484      0.142     10.447      0.000
    INSTRUMENT         1.854      0.422      4.392      0.000
    SELF_EFFIC         2.062      0.169     12.179      0.000

 Variances
    BROAD_INTE         0.562      0.042     13.377      0.000
    ENJOYMENT          0.390      0.052      7.459      0.000
    INSTRUMENT         0.465      0.036     13.067      0.000
    SELF_EFFIC         0.407      0.027     14.933      0.000

Latent Class 2

 BROAD_IN WITH
    ENJOYMENT          0.211      0.040      5.276      0.000
    INSTRUMENT        -0.140      0.030     -4.635      0.000
    SELF_EFFIC        -0.093      0.026     -3.539      0.000

 ENJOYMEN WITH
    INSTRUMENT        -0.224      0.036     -6.165      0.000
    SELF_EFFIC        -0.142      0.024     -5.984      0.000

 INSTRUME WITH
    SELF_EFFIC         0.117      0.022      5.223      0.000

 Means
    BROAD_INTE         2.685      0.045     59.076      0.000
    ENJOYMENT          2.887      0.051     56.387      0.000
    INSTRUMENT         2.086      0.037     55.898      0.000
    SELF_EFFIC         2.144      0.032     66.861      0.000

 Variances
    BROAD_INTE         0.562      0.042     13.377      0.000
    ENJOYMENT          0.390      0.052      7.459      0.000
    INSTRUMENT         0.465      0.036     13.067      0.000
    SELF_EFFIC         0.407      0.027     14.933      0.000

Latent Class 3

 BROAD_IN WITH
    ENJOYMENT          0.211      0.040      5.276      0.000
    INSTRUMENT        -0.140      0.030     -4.635      0.000
    SELF_EFFIC        -0.093      0.026     -3.539      0.000

 ENJOYMEN WITH
    INSTRUMENT        -0.224      0.036     -6.165      0.000
    SELF_EFFIC        -0.142      0.024     -5.984      0.000

 INSTRUME WITH
    SELF_EFFIC         0.117      0.022      5.223      0.000

 Means
    BROAD_INTE         3.202      0.227     14.105      0.000
    ENJOYMENT          3.402      0.151     22.540      0.000
    INSTRUMENT         3.703      0.136     27.264      0.000
    SELF_EFFIC         1.727      0.157     10.981      0.000

 Variances
    BROAD_INTE         0.562      0.042     13.377      0.000
    ENJOYMENT          0.390      0.052      7.459      0.000
    INSTRUMENT         0.465      0.036     13.067      0.000
    SELF_EFFIC         0.407      0.027     14.933      0.000

Categorical Latent Variables

 Means
    C1#1               0.526      0.651      0.807      0.420
    C1#2               3.233      0.318     10.183      0.000


QUALITY OF NUMERICAL RESULTS

     Condition Number for the Information Matrix              0.386E-03
       (ratio of smallest to largest eigenvalue)


RESIDUAL OUTPUT


     ESTIMATED MODEL AND RESIDUALS (OBSERVED - ESTIMATED) FOR CLASS 1


           Model Estimated Means
              BROAD_IN      ENJOYMEN      INSTRUME      SELF_EFF
              ________      ________      ________      ________
                2.058         1.484         1.854         2.062


           Residuals for Means
              BROAD_IN      ENJOYMEN      INSTRUME      SELF_EFF
              ________      ________      ________      ________
               -0.003        -0.002         0.002         0.002


           Model Estimated Covariances
              BROAD_IN      ENJOYMEN      INSTRUME      SELF_EFF
              ________      ________      ________      ________
 BROAD_IN       0.562
 ENJOYMEN       0.211         0.390
 INSTRUME      -0.140        -0.224         0.465
 SELF_EFF      -0.093        -0.142         0.117         0.407


           Residuals for Covariances
              BROAD_IN      ENJOYMEN      INSTRUME      SELF_EFF
              ________      ________      ________      ________
 BROAD_IN       0.094
 ENJOYMEN      -0.102        -0.112
 INSTRUME       0.088         0.076         0.082
 SELF_EFF       0.137         0.045        -0.173        -0.030


     ESTIMATED MODEL AND RESIDUALS (OBSERVED - ESTIMATED) FOR CLASS 2


           Model Estimated Means
              BROAD_IN      ENJOYMEN      INSTRUME      SELF_EFF
              ________      ________      ________      ________
                2.685         2.887         2.086         2.144


           Residuals for Means
              BROAD_IN      ENJOYMEN      INSTRUME      SELF_EFF
              ________      ________      ________      ________
                0.001        -0.002        -0.001         0.001


           Model Estimated Covariances
              BROAD_IN      ENJOYMEN      INSTRUME      SELF_EFF
              ________      ________      ________      ________
 BROAD_IN       0.562
 ENJOYMEN       0.211         0.390
 INSTRUME      -0.140        -0.224         0.465
 SELF_EFF      -0.093        -0.142         0.117         0.407


           Residuals for Covariances
              BROAD_IN      ENJOYMEN      INSTRUME      SELF_EFF
              ________      ________      ________      ________
 BROAD_IN      -0.007
 ENJOYMEN       0.018         0.012
 INSTRUME       0.004        -0.003         0.004
 SELF_EFF       0.004         0.004         0.025         0.007


     ESTIMATED MODEL AND RESIDUALS (OBSERVED - ESTIMATED) FOR CLASS 3


           Model Estimated Means
              BROAD_IN      ENJOYMEN      INSTRUME      SELF_EFF
              ________      ________      ________      ________
                3.202         3.402         3.703         1.727


           Residuals for Means
              BROAD_IN      ENJOYMEN      INSTRUME      SELF_EFF
              ________      ________      ________      ________
                0.002         0.000        -0.003        -0.002


           Model Estimated Covariances
              BROAD_IN      ENJOYMEN      INSTRUME      SELF_EFF
              ________      ________      ________      ________
 BROAD_IN       0.562
 ENJOYMEN       0.211         0.390
 INSTRUME      -0.140        -0.224         0.465
 SELF_EFF      -0.093        -0.142         0.117         0.407


           Residuals for Covariances
              BROAD_IN      ENJOYMEN      INSTRUME      SELF_EFF
              ________      ________      ________      ________
 BROAD_IN       0.006
 ENJOYMEN       0.012        -0.116
 INSTRUME       0.131         0.148        -0.192
 SELF_EFF      -0.056        -0.063        -0.043        -0.108


TECHNICAL 11 OUTPUT

     Random Starts Specifications for the k-1 Class Analysis Model
        Number of initial stage random starts                 500
        Number of final stage optimizations                   100



     VUONG-LO-MENDELL-RUBIN LIKELIHOOD RATIO TEST FOR 2 (H0) VERSUS 3 CLASSES

          H0 Loglikelihood Value                        -1950.111
          2 Times the Loglikelihood Difference             39.499
          Difference in the Number of Parameters                5
          Mean                                             21.315
          Standard Deviation                               28.546
          P-Value                                          0.1714

     LO-MENDELL-RUBIN ADJUSTED LRT TEST

          Value                                            38.263
          P-Value                                          0.1789


TECHNICAL 14 OUTPUT

     Random Starts Specifications for the k-1 Class Analysis Model
        Number of initial stage random starts                 500
        Number of final stage optimizations                   100

     Random Starts Specification for the k-1 Class Model for Generated Data
        Number of initial stage random starts                   0
        Number of final stage optimizations for the
           initial stage random starts                          0
     Random Starts Specification for the k Class Model for Generated Data
        Number of initial stage random starts                  40
        Number of final stage optimizations                     8
     Number of bootstrap draws requested                   Varies


     PARAMETRIC BOOTSTRAPPED LIKELIHOOD RATIO TEST FOR 2 (H0) VERSUS 3 CLASSES

          H0 Loglikelihood Value                        -1950.111
          2 Times the Loglikelihood Difference             39.499
          Difference in the Number of Parameters                5
          Approximate P-Value                              0.0000
          Successful Bootstrap Draws                            5

     WARNING:  OF THE 5 BOOTSTRAP DRAWS, 4 DRAWS HAD BOTH A SMALLER LRT VALUE THAN THE
     OBSERVED LRT VALUE AND NOT A REPLICATED BEST LOGLIKELIHOOD VALUE FOR THE 3-CLASS MODEL.
     THIS MEANS THAT THE P-VALUE MAY NOT BE TRUSTWORTHY DUE TO LOCAL MAXIMA.
     INCREASE THE NUMBER OF RANDOM STARTS USING THE LRTSTARTS OPTION.



SAVEDATA INFORMATION


  Save file
    model_3_class_3.dat

  Order and format of variables

    BROAD_IN       F10.3
    ENJOYMEN       F10.3
    INSTRUME       F10.3
    SELF_EFF       F10.3
    CPROB1         F10.3
    CPROB2         F10.3
    CPROB3         F10.3
    C1             F10.3

  Save file format
    8F10.3

  Save file record length    10000

  Save missing symbol        *


     Beginning Time:  16:01:07
        Ending Time:  16:01:31
       Elapsed Time:  00:00:24



MUTHEN & MUTHEN
3463 Stoner Ave.
Los Angeles, CA  90066

Tel: (310) 391-9971
Fax: (310) 391-8971
Web: www.StatModel.com
Support: Support@StatModel.com

Copyright (c) 1998-2024 Muthen & Muthen
