Mplus VERSION 8.8
MUTHEN & MUTHEN
03/06/2023   1:22 PM

INPUT INSTRUCTIONS

  TITLE:
  1-Class
  DATA:
  FILE = "C:/Users/Dina Arch/Box/IES_IMMERSE/Training Materials/lca_enum/enum/bully.dat";

  VARIABLE:
  NAMES = report_dis report_race report_sex counselors_fte psych_fte law_fte;
   MISSING=.;
   categorical = report_dis-law_fte;
  usevar = report_dis-law_fte;
  classes = c(1);
  ANALYSIS:
  estimator = mlr;
      type = mixture;
      starts = 200 100;
      processors = 10;
  OUTPUT:
  sampstat residual tech11 tech14;
  PLOT:
  type = plot3;
      series = report_dis-law_fte(*);



*** WARNING in VARIABLE command
  Note that only the first 8 characters of variable names are used in the output.
  Shorten variable names to avoid any confusion.
*** WARNING in PLOT command
  Note that only the first 8 characters of variable names are used in plots.
  If variable names are not unique within the first 8 characters, problems
  may occur.
*** WARNING in OUTPUT command
  SAMPSTAT option is not available when all outcomes are censored, ordered
  categorical, unordered categorical (nominal), count or continuous-time
  survival variables.  Request for SAMPSTAT is ignored.
*** WARNING in OUTPUT command
  TECH11 option is not available for TYPE=MIXTURE with only one class.
  Request for TECH11 is ignored.
*** WARNING in OUTPUT command
  TECH14 option is not available for TYPE=MIXTURE with only one class.
  Request for TECH14 is ignored.
   5 WARNING(S) FOUND IN THE INPUT INSTRUCTIONS




1-Class

SUMMARY OF ANALYSIS

Number of groups                                                 1
Number of observations                                        2027

Number of dependent variables                                    6
Number of independent variables                                  0
Number of continuous latent variables                            0
Number of categorical latent variables                           1

Observed dependent variables

  Binary and ordered categorical (ordinal)
   REPORT_D    REPORT_R    REPORT_S    COUNSELO    PSYCH_FT    LAW_FTE

Categorical latent variables
   C


Estimator                                                      MLR
Information matrix                                        OBSERVED
Optimization Specifications for the Quasi-Newton Algorithm for
Continuous Outcomes
  Maximum number of iterations                                 100
  Convergence criterion                                  0.100D-05
Optimization Specifications for the EM Algorithm
  Maximum number of iterations                                 500
  Convergence criteria
    Loglikelihood change                                 0.100D-06
    Relative loglikelihood change                        0.100D-06
    Derivative                                           0.100D-05
Optimization Specifications for the M step of the EM Algorithm for
Categorical Latent variables
  Number of M step iterations                                    1
  M step convergence criterion                           0.100D-05
  Basis for M step termination                           ITERATION
Optimization Specifications for the M step of the EM Algorithm for
Censored, Binary or Ordered Categorical (Ordinal), Unordered
Categorical (Nominal) and Count Outcomes
  Number of M step iterations                                    1
  M step convergence criterion                           0.100D-05
  Basis for M step termination                           ITERATION
  Maximum value for logit thresholds                            15
  Minimum value for logit thresholds                           -15
  Minimum expected cell size for chi-square              0.100D-01
Maximum number of iterations for H1                           2000
Convergence criterion for H1                             0.100D-03
Optimization algorithm                                         EMA
Random Starts Specifications
  Number of initial stage random starts                        200
  Number of final stage optimizations                          100
  Number of initial stage iterations                            10
  Initial stage convergence criterion                    0.100D+01
  Random starts scale                                    0.500D+01
  Random seed for generating random starts                       0
Link                                                         LOGIT

Input data file(s)
  C:/Users/Dina Arch/Box/IES_IMMERSE/Training Materials/lca_enum/enum/bully.dat
Input data format  FREE


SUMMARY OF DATA

     Number of missing data patterns             4
     Number of y missing data patterns           0
     Number of u missing data patterns           4


COVARIANCE COVERAGE OF DATA

Minimum covariance coverage value   0.100


     PROPORTION OF DATA PRESENT FOR U


           Covariance Coverage
              REPORT_D      REPORT_R      REPORT_S      COUNSELO      PSYCH_FT
              ________      ________      ________      ________      ________
 REPORT_D       0.987
 REPORT_R       0.987         0.987
 REPORT_S       0.987         0.987         0.987
 COUNSELO       0.973         0.973         0.973         0.987
 PSYCH_FT       0.972         0.972         0.972         0.985         0.985
 LAW_FTE        0.973         0.973         0.973         0.987         0.985


           Covariance Coverage
              LAW_FTE
              ________
 LAW_FTE        0.987


UNIVARIATE PROPORTIONS AND COUNTS FOR CATEGORICAL VARIABLES

    REPORT_D
      Category 1    0.958         1915.000
      Category 2    0.043           85.000
    REPORT_R
      Category 1    0.897         1794.000
      Category 2    0.103          206.000
    REPORT_S
      Category 1    0.830         1660.000
      Category 2    0.170          340.000
    COUNSELO
      Category 1    0.540         1081.000
      Category 2    0.460          919.000
    PSYCH_FT
      Category 1    0.526         1050.000
      Category 2    0.474          947.000
    LAW_FTE
      Category 1    0.875         1749.000
      Category 2    0.126          251.000


RANDOM STARTS RESULTS RANKED FROM THE BEST TO THE WORST LOGLIKELIHOOD VALUES

Final stage loglikelihood values at local maxima, seeds, and initial stage start numbers:

           -5443.409  931874           141
           -5443.409  821011           161
           -5443.409  314084           81
           -5443.409  370466           41
           -5443.409  902278           21
           -5443.409  609185           181
           -5443.409  371246           101
           -5443.409  635245           121
           -5443.409  603842           61
           -5443.409  285380           1
           -5443.409  93468            3
           -5443.409  27071            15
           -5443.409  164305           128
           -5443.409  40340            188
           -5443.409  311214           64
           -5443.409  264081           186
           -5443.409  814975           129
           -5443.409  509733           130
           -5443.409  626891           32
           -5443.409  991329           182
           -5443.409  131856           90
           -5443.409  565819           65
           -5443.409  468036           131
           -5443.409  313407           132
           -5443.409  467339           66
           -5443.409  321390           133
           -5443.409  903369           134
           -5443.409  462953           7
           -5443.409  749453           33
           -5443.409  789985           67
           -5443.409  437181           135
           -5443.409  783165           170
           -5443.409  303634           169
           -5443.409  636396           168
           -5443.409  232559           136
           -5443.409  297518           166
           -5443.409  263268           165
           -5443.409  215353           164
           -5443.409  405079           68
           -5443.409  76974            16
           -5443.409  685657           69
           -5443.409  341041           34
           -5443.409  987090           70
           -5443.409  192071           142
           -5443.409  939021           8
           -5443.409  68985            17
           -5443.409  830392           35
           -5443.409  475420           71
           -5443.409  22089            143
           -5443.409  856536           144
           -5443.409  783110           72
           -5443.409  695155           150
           -5443.409  788796           145
           -5443.409  369602           146
           -5443.409  260601           36
           -5443.409  863094           147
           -5443.409  51375            148
           -5443.409  417035           149
           -5443.409  851945           18
           -5443.409  966014           37
           -5443.409  246261           38
           -5443.409  608496           4
           -5443.409  645664           39
           -5443.409  913639           162
           -5443.409  915642           40
           -5443.409  484501           163
           -5443.409  284109           82
           -5443.409  unperturbed      0
           -5443.409  268217           83
           -5443.409  654136           167
           -5443.409  782200           84
           -5443.409  352277           42
           -5443.409  569833           85
           -5443.409  170954           86
           -5443.409  963053           43
           -5443.409  544048           87
           -5443.409  373505           88
           -5443.409  436460           89
           -5443.409  407168           44
           -5443.409  120506           45
           -5443.409  579995           183
           -5443.409  281558           184
           -5443.409  329127           185
           -5443.409  318230           46
           -5443.409  793035           187
           -5443.409  458181           189
           -5443.409  848163           47
           -5443.409  967237           48
           -5443.409  202790           198
           -5443.409  568859           49
           -5443.409  761633           50
           -5443.409  751153           110
           -5443.409  190339           102
           -5443.409  292884           103
           -5443.409  70118            104
           -5443.409  165853           105
           -5443.409  464179           106
           -5443.409  25127            107
           -5443.409  100874           108
           -5443.409  466971           109



THE MODEL ESTIMATION TERMINATED NORMALLY



MODEL FIT INFORMATION

Number of Free Parameters                        6

Loglikelihood

          H0 Value                       -5443.409
          H0 Scaling Correction Factor      1.0000
            for MLR

Information Criteria

          Akaike (AIC)                   10898.818
          Bayesian (BIC)                 10932.504
          Sample-Size Adjusted BIC       10913.442
            (n* = (n + 2) / 24)

Chi-Square Test of Model Fit for the Binary and Ordered Categorical
(Ordinal) Outcomes

          Pearson Chi-Square

          Value                           1190.826
          Degrees of Freedom                    57
          P-Value                           0.0000

          Likelihood Ratio Chi-Square

          Value                            488.917
          Degrees of Freedom                    57
          P-Value                           0.0000

Chi-Square Test for MCAR under the Unrestricted Latent Class Indicator Model

          Pearson Chi-Square

          Value                             42.095
          Degrees of Freedom                    45
          P-Value                           0.5958

          Likelihood Ratio Chi-Square

          Value                             57.954
          Degrees of Freedom                    45
          P-Value                           0.0931



FINAL CLASS COUNTS AND PROPORTIONS FOR THE LATENT CLASSES
BASED ON THE ESTIMATED MODEL

    Latent
   Classes

       1       2027.00000          1.00000


FINAL CLASS COUNTS AND PROPORTIONS FOR THE LATENT CLASSES
BASED ON ESTIMATED POSTERIOR PROBABILITIES

    Latent
   Classes

       1       2027.00000          1.00000


FINAL CLASS COUNTS AND PROPORTIONS FOR THE LATENT CLASSES
BASED ON THEIR MOST LIKELY LATENT CLASS MEMBERSHIP

Class Counts and Proportions

    Latent
   Classes

       1             2027          1.00000


Average Latent Class Probabilities for Most Likely Latent Class Membership (Row)
by Latent Class (Column)

           1

    1   1.000


Classification Probabilities for the Most Likely Latent Class Membership (Column)
by Latent Class (Row)

           1

    1   1.000


Logits for the Classification Probabilities for the Most Likely Latent Class Membership (Column)
by Latent Class (Row)

              1

    1      0.000


MODEL RESULTS

                                                    Two-Tailed
                    Estimate       S.E.  Est./S.E.    P-Value

Latent Class 1

 Thresholds
    REPORT_D$1         3.115      0.111     28.100      0.000
    REPORT_R$1         2.164      0.074     29.421      0.000
    REPORT_S$1         1.586      0.060     26.637      0.000
    COUNSELO$1         0.162      0.045      3.618      0.000
    PSYCH_FT$1         0.103      0.045      2.304      0.021
    LAW_FTE$1          1.941      0.067     28.762      0.000


QUALITY OF NUMERICAL RESULTS

     Condition Number for the Information Matrix              0.106E+00
       (ratio of smallest to largest eigenvalue)


RESULTS IN PROBABILITY SCALE

                                                    Two-Tailed
                    Estimate       S.E.  Est./S.E.    P-Value

Latent Class 1

 REPORT_DIS
    Category 1         0.957      0.005    212.271      0.000
    Category 2         0.043      0.005      9.422      0.000
 REPORT_RAC
    Category 1         0.897      0.007    131.975      0.000
    Category 2         0.103      0.007     15.154      0.000
 REPORT_SEX
    Category 1         0.830      0.008     98.817      0.000
    Category 2         0.170      0.008     20.240      0.000
 COUNSELORS
    Category 1         0.540      0.011     48.503      0.000
    Category 2         0.460      0.011     41.234      0.000
 PSYCH_FTE
    Category 1         0.526      0.011     47.055      0.000
    Category 2         0.474      0.011     42.439      0.000
 LAW_FTE
    Category 1         0.874      0.007    118.052      0.000
    Category 2         0.125      0.007     16.942      0.000


RESIDUAL OUTPUT


     RESIDUAL OUTPUT IS NOT AVAILABLE FOR THIS MODEL.  ADDITIONAL OUTPUT FOR
     CATEGORICAL, COUNT, AND NOMINAL VARIABLES MAY BE AVAILABLE USING TECH10.


PLOT INFORMATION

The following plots are available:

  Histograms (sample values)
  Scatterplots (sample values)
  Sample proportions and estimated probabilities

     Beginning Time:  13:22:21
        Ending Time:  13:22:24
       Elapsed Time:  00:00:03



MUTHEN & MUTHEN
3463 Stoner Ave.
Los Angeles, CA  90066

Tel: (310) 391-9971
Fax: (310) 391-8971
Web: www.StatModel.com
Support: Support@StatModel.com

Copyright (c) 1998-2022 Muthen & Muthen
