Mplus VERSION 8.11
MUTHEN & MUTHEN
10/31/2024   5:37 PM

INPUT INSTRUCTIONS

  TITLE:
  LPA - Calculated k-Class 95% CI
  DATA:
  FILE = "C:/Users/dnajiarch/Box/IES_IMMERSE/youtube_materials/lpa_enum/mplus/
  class.dat";
  VARIABLE:
  NAMES = broad_interest enjoyment instrumental_mot self_efficacy;
   MISSING=.;
   usevar =  broad_interest-self_efficacy;
     classes = c1(4);
  ANALYSIS:
  estimator = ml;
      type = mixture;
      starts = 0;
      processors = 10;
      optseed = 468036; ! This seed is taken from chosen model output
      bootstrap = 1000;
  MODEL:

      ! This is copied and pasted from the chosen model input
    %c1#1%
    broad_interest (vbroad_interest);
    enjoyment (venjoyment);
    instrumental_mot (vinstrumental_mot);
    self_efficacy (vself_efficacy);

    broad_interest WITH enjoyment (broad_interestWenjoyment);
    broad_interest WITH instrumental_mot (broad_interestWinstrumental_mot);
    broad_interest WITH self_efficacy (broad_interestWself_efficacy);
    enjoyment WITH instrumental_mot (enjoymentWinstrumental_mot);
    enjoyment WITH self_efficacy (enjoymentWself_efficacy);
    instrumental_mot WITH self_efficacy (instrumental_motWself_efficacy);

    %c1#2%
    broad_interest (vbroad_interest);
    enjoyment (venjoyment);
    instrumental_mot (vinstrumental_mot);
    self_efficacy (vself_efficacy);

    broad_interest WITH enjoyment (broad_interestWenjoyment);
    broad_interest WITH instrumental_mot (broad_interestWinstrumental_mot);
    broad_interest WITH self_efficacy (broad_interestWself_efficacy);
    enjoyment WITH instrumental_mot (enjoymentWinstrumental_mot);
    enjoyment WITH self_efficacy (enjoymentWself_efficacy);
    instrumental_mot WITH self_efficacy (instrumental_motWself_efficacy);

    %c1#3%
    broad_interest (vbroad_interest);
    enjoyment (venjoyment);
    instrumental_mot (vinstrumental_mot);
    self_efficacy (vself_efficacy);

    broad_interest WITH enjoyment (broad_interestWenjoyment);
    broad_interest WITH instrumental_mot (broad_interestWinstrumental_mot);
    broad_interest WITH self_efficacy (broad_interestWself_efficacy);
    enjoyment WITH instrumental_mot (enjoymentWinstrumental_mot);
    enjoyment WITH self_efficacy (enjoymentWself_efficacy);
    instrumental_mot WITH self_efficacy (instrumental_motWself_efficacy);

    %c1#4%
    broad_interest (vbroad_interest);
    enjoyment (venjoyment);
    instrumental_mot (vinstrumental_mot);
    self_efficacy (vself_efficacy);

    broad_interest WITH enjoyment (broad_interestWenjoyment);
    broad_interest WITH instrumental_mot (broad_interestWinstrumental_mot);
    broad_interest WITH self_efficacy (broad_interestWself_efficacy);
    enjoyment WITH instrumental_mot (enjoymentWinstrumental_mot);
    enjoyment WITH self_efficacy (enjoymentWself_efficacy);
    instrumental_mot WITH self_efficacy (instrumental_motWself_efficacy);


    !CHANGE THIS SECTION TO YOUR CHOSEN k-CLASS MODEL

    %OVERALL%
    [C1#1](c1);
    [C1#2](c2);
    [C1#3](c3);

    Model Constraint:
    New(p1 p2 p3 p4);

    p1 = exp(c1)/(1+exp(c1)+exp(c2)+exp(c3));
    p2 = exp(c2)/(1+exp(c1)+exp(c2)+exp(c3));
    p3 = exp(c3)/(1+exp(c1)+exp(c2)+exp(c3));
    p4 = 1/(1+exp(c1)+exp(c2)+exp(c3));
  OUTPUT:
  cinterval(bcbootstrap)



*** WARNING in VARIABLE command
  Note that only the first 8 characters of variable names are used in the output.
  Shorten variable names to avoid any confusion.
*** WARNING in MODEL command
  All variables are uncorrelated with all other variables within class.
  Check that this is what is intended.
*** WARNING
  Data set contains cases with missing on all variables.
  These cases were not included in the analysis.
  Number of cases with missing on all variables:  12
   3 WARNING(S) FOUND IN THE INPUT INSTRUCTIONS




LPA - Calculated k-Class 95% CI

SUMMARY OF ANALYSIS

Number of groups                                                 1
Number of observations                                         488

Number of dependent variables                                    4
Number of independent variables                                  0
Number of continuous latent variables                            0
Number of categorical latent variables                           1

Observed dependent variables

  Continuous
   BROAD_INTE  ENJOYMENT   INSTRUMENT  SELF_EFFIC

Categorical latent variables
   C1


Estimator                                                       ML
Information matrix                                        OBSERVED
Optimization Specifications for the Quasi-Newton Algorithm for
Continuous Outcomes
  Maximum number of iterations                                 100
  Convergence criterion                                  0.100D-05
Optimization Specifications for the EM Algorithm
  Maximum number of iterations                                 500
  Convergence criteria
    Loglikelihood change                                 0.100D-06
    Relative loglikelihood change                        0.100D-06
    Derivative                                           0.100D-05
Optimization Specifications for the M step of the EM Algorithm for
Categorical Latent variables
  Number of M step iterations                                    1
  M step convergence criterion                           0.100D-05
  Basis for M step termination                           ITERATION
Optimization Specifications for the M step of the EM Algorithm for
Censored, Binary or Ordered Categorical (Ordinal), Unordered
Categorical (Nominal) and Count Outcomes
  Number of M step iterations                                    1
  M step convergence criterion                           0.100D-05
  Basis for M step termination                           ITERATION
  Maximum value for logit thresholds                            15
  Minimum value for logit thresholds                           -15
  Minimum expected cell size for chi-square              0.100D-01
Maximum number of iterations for H1                           2000
Convergence criterion for H1                             0.100D-03
Number of bootstrap draws
    Requested                                                 1000
    Completed                                                 1000
Optimization algorithm                                         EMA
Random Starts Specifications
  Random seed for analysis                                  468036

Input data file(s)
  C:/Users/dnajiarch/Box/IES_IMMERSE/youtube_materials/lpa_enum/mplus/class.dat
Input data format  FREE


SUMMARY OF DATA

     Number of missing data patterns             8
     Number of y missing data patterns           8
     Number of u missing data patterns           0


COVARIANCE COVERAGE OF DATA

Minimum covariance coverage value   0.100


     PROPORTION OF DATA PRESENT FOR Y


           Covariance Coverage
              BROAD_IN      ENJOYMEN      INSTRUME      SELF_EFF
              ________      ________      ________      ________
 BROAD_IN       0.977
 ENJOYMEN       0.977         0.996
 INSTRUME       0.971         0.977         0.982
 SELF_EFF       0.969         0.975         0.973         0.977



UNIVARIATE SAMPLE STATISTICS


     UNIVARIATE HIGHER-ORDER MOMENT DESCRIPTIVE STATISTICS

         Variable/         Mean/     Skewness/   Minimum/ % with                Percentiles
        Sample Size      Variance    Kurtosis    Maximum  Min/Max      20%/60%    40%/80%    Median

     BROAD_INTEREST        2.666      -0.140       1.000    4.82%       2.000      2.600      2.800
             477.000       0.595      -0.053       5.000    0.21%       3.000      3.200
     ENJOYMENT             2.820      -0.454       1.000    3.70%       2.400      2.800      3.000
             486.000       0.514       0.248       4.000   10.49%       3.000      3.400
     INSTRUMENTAL_MO       2.129       0.455       1.000   14.82%       1.500      2.000      2.000
             479.000       0.561       0.120       4.000    4.38%       2.000      2.750
     SELF_EFFICACY         2.125       0.398       1.000    6.29%       1.625      2.000      2.000
             477.000       0.414       0.138       4.000    1.26%       2.250      2.625


THE MODEL ESTIMATION TERMINATED NORMALLY



MODEL FIT INFORMATION

Number of Free Parameters                       29

Loglikelihood

          H0 Value                       -1840.854

Information Criteria

          Akaike (AIC)                    3739.708
          Bayesian (BIC)                  3861.227
          Sample-Size Adjusted BIC        3769.182
            (n* = (n + 2) / 24)



FINAL CLASS COUNTS AND PROPORTIONS FOR THE LATENT CLASSES
BASED ON THE ESTIMATED MODEL

    Latent
   Classes

       1        122.72789          0.25149
       2        231.88350          0.47517
       3        101.91609          0.20884
       4         31.47252          0.06449


FINAL CLASS COUNTS AND PROPORTIONS FOR THE LATENT CLASSES
BASED ON ESTIMATED POSTERIOR PROBABILITIES

    Latent
   Classes

       1        122.72789          0.25149
       2        231.88350          0.47517
       3        101.91609          0.20884
       4         31.47252          0.06449


FINAL CLASS COUNTS AND PROPORTIONS FOR THE LATENT CLASSES
BASED ON THEIR MOST LIKELY LATENT CLASS MEMBERSHIP

Class Counts and Proportions

    Latent
   Classes

       1              126          0.25820
       2              230          0.47131
       3              101          0.20697
       4               31          0.06352


CLASSIFICATION QUALITY

     Entropy                         0.940


Average Latent Class Probabilities for Most Likely Latent Class Membership (Row)
by Latent Class (Column)

           1        2        3        4

    1   0.946    0.054    0.000    0.000
    2   0.015    0.971    0.012    0.002
    3   0.000    0.017    0.983    0.000
    4   0.004    0.000    0.000    0.996


Classification Probabilities for the Most Likely Latent Class Membership (Column)
by Latent Class (Row)

           1        2        3        4

    1   0.971    0.028    0.000    0.001
    2   0.029    0.963    0.008    0.000
    3   0.000    0.026    0.974    0.000
    4   0.001    0.017    0.000    0.981


Logits for the Classification Probabilities for the Most Likely Latent Class Membership (Column)
by Latent Class (Row)

              1        2        3        4

    1      6.961    3.408   -6.825    0.000
    2     10.281   13.778    8.936    0.000
    3      0.000   10.176   13.789    0.000
    4     -6.787   -4.027  -13.797    0.000


MODEL RESULTS

                                                    Two-Tailed
                    Estimate       S.E.  Est./S.E.    P-Value

Latent Class 1

 BROAD_IN WITH
    ENJOYMENT          0.250      0.029      8.728      0.000
    INSTRUMENT        -0.020      0.014     -1.431      0.153
    SELF_EFFIC        -0.085      0.025     -3.425      0.001

 ENJOYMEN WITH
    INSTRUMENT        -0.031      0.008     -3.991      0.000
    SELF_EFFIC        -0.118      0.022     -5.488      0.000

 INSTRUME WITH
    SELF_EFFIC         0.000      0.007     -0.021      0.983

 Means
    BROAD_INTE         2.492      0.078     31.892      0.000
    ENJOYMENT          2.615      0.062     42.115      0.000
    INSTRUMENT         2.761      0.026    105.788      0.000
    SELF_EFFIC         2.283      0.063     36.111      0.000

 Variances
    BROAD_INTE         0.579      0.039     14.960      0.000
    ENJOYMENT          0.476      0.033     14.237      0.000
    INSTRUMENT         0.035      0.003     11.431      0.000
    SELF_EFFIC         0.395      0.025     15.705      0.000

Latent Class 2

 BROAD_IN WITH
    ENJOYMENT          0.250      0.029      8.728      0.000
    INSTRUMENT        -0.020      0.014     -1.431      0.153
    SELF_EFFIC        -0.085      0.025     -3.425      0.001

 ENJOYMEN WITH
    INSTRUMENT        -0.031      0.008     -3.991      0.000
    SELF_EFFIC        -0.118      0.022     -5.488      0.000

 INSTRUME WITH
    SELF_EFFIC         0.000      0.007     -0.021      0.983

 Means
    BROAD_INTE         2.746      0.046     59.428      0.000
    ENJOYMENT          2.854      0.041     69.965      0.000
    INSTRUMENT         2.012      0.015    135.801      0.000
    SELF_EFFIC         2.119      0.042     50.167      0.000

 Variances
    BROAD_INTE         0.579      0.039     14.960      0.000
    ENJOYMENT          0.476      0.033     14.237      0.000
    INSTRUMENT         0.035      0.003     11.431      0.000
    SELF_EFFIC         0.395      0.025     15.705      0.000

Latent Class 3

 BROAD_IN WITH
    ENJOYMENT          0.250      0.029      8.728      0.000
    INSTRUMENT        -0.020      0.014     -1.431      0.153
    SELF_EFFIC        -0.085      0.025     -3.425      0.001

 ENJOYMEN WITH
    INSTRUMENT        -0.031      0.008     -3.991      0.000
    SELF_EFFIC        -0.118      0.022     -5.488      0.000

 INSTRUME WITH
    SELF_EFFIC         0.000      0.007     -0.021      0.983

 Means
    BROAD_INTE         2.764      0.089     31.131      0.000
    ENJOYMENT          3.113      0.083     37.537      0.000
    INSTRUMENT         1.096      0.017     65.163      0.000
    SELF_EFFIC         1.893      0.065     28.915      0.000

 Variances
    BROAD_INTE         0.579      0.039     14.960      0.000
    ENJOYMENT          0.476      0.033     14.237      0.000
    INSTRUMENT         0.035      0.003     11.431      0.000
    SELF_EFFIC         0.395      0.025     15.705      0.000

Latent Class 4

 BROAD_IN WITH
    ENJOYMENT          0.250      0.029      8.728      0.000
    INSTRUMENT        -0.020      0.014     -1.431      0.153
    SELF_EFFIC        -0.085      0.025     -3.425      0.001

 ENJOYMEN WITH
    INSTRUMENT        -0.031      0.008     -3.991      0.000
    SELF_EFFIC        -0.118      0.022     -5.488      0.000

 INSTRUME WITH
    SELF_EFFIC         0.000      0.007     -0.021      0.983

 Means
    BROAD_INTE         2.428      0.201     12.066      0.000
    ENJOYMENT          2.439      0.178     13.726      0.000
    INSTRUMENT         3.869      0.037    104.851      0.000
    SELF_EFFIC         2.300      0.143     16.084      0.000

 Variances
    BROAD_INTE         0.579      0.039     14.960      0.000
    ENJOYMENT          0.476      0.033     14.237      0.000
    INSTRUMENT         0.035      0.003     11.431      0.000
    SELF_EFFIC         0.395      0.025     15.705      0.000

Categorical Latent Variables

 Means
    C1#1               1.361      0.202      6.728      0.000
    C1#2               1.997      0.189     10.546      0.000
    C1#3               1.175      0.198      5.931      0.000

New/Additional Parameters
    P1                 0.251      0.021     11.804      0.000
    P2                 0.475      0.024     20.139      0.000
    P3                 0.209      0.018     11.680      0.000
    P4                 0.064      0.011      6.048      0.000


CONFIDENCE INTERVALS OF MODEL RESULTS

                  Lower .5%  Lower 2.5%    Lower 5%    Estimate    Upper 5%  Upper 2.5%   Upper .5%

Latent Class 1

 BROAD_IN WITH
    ENJOYMENT        0.184       0.199       0.208       0.250       0.301       0.312       0.338
    INSTRUMENT      -0.053      -0.044      -0.041      -0.020       0.006       0.011       0.019
    SELF_EFFIC      -0.155      -0.136      -0.130      -0.085      -0.048      -0.039      -0.023

 ENJOYMEN WITH
    INSTRUMENT      -0.052      -0.046      -0.043      -0.031      -0.018      -0.015      -0.011
    SELF_EFFIC      -0.181      -0.162      -0.157      -0.118      -0.088      -0.079      -0.069

 INSTRUME WITH
    SELF_EFFIC      -0.019      -0.014      -0.012       0.000       0.012       0.015       0.022

 Means
    BROAD_INTE       2.288       2.344       2.364       2.492       2.616       2.644       2.697
    ENJOYMENT        2.459       2.496       2.515       2.615       2.716       2.738       2.786
    INSTRUMENT       2.700       2.714       2.720       2.761       2.809       2.816       2.831
    SELF_EFFIC       2.092       2.157       2.181       2.283       2.384       2.403       2.443

 Variances
    BROAD_INTE       0.486       0.509       0.522       0.579       0.654       0.665       0.682
    ENJOYMENT        0.397       0.415       0.427       0.476       0.538       0.549       0.565
    INSTRUMENT       0.029       0.030       0.031       0.035       0.041       0.043       0.045
    SELF_EFFIC       0.339       0.354       0.360       0.395       0.446       0.454       0.466

Latent Class 2

 BROAD_IN WITH
    ENJOYMENT        0.184       0.199       0.208       0.250       0.301       0.312       0.338
    INSTRUMENT      -0.053      -0.044      -0.041      -0.020       0.006       0.011       0.019
    SELF_EFFIC      -0.155      -0.136      -0.130      -0.085      -0.048      -0.039      -0.023

 ENJOYMEN WITH
    INSTRUMENT      -0.052      -0.046      -0.043      -0.031      -0.018      -0.015      -0.011
    SELF_EFFIC      -0.181      -0.162      -0.157      -0.118      -0.088      -0.079      -0.069

 INSTRUME WITH
    SELF_EFFIC      -0.019      -0.014      -0.012       0.000       0.012       0.015       0.022

 Means
    BROAD_INTE       2.628       2.654       2.669       2.746       2.821       2.833       2.859
    ENJOYMENT        2.750       2.773       2.789       2.854       2.921       2.932       2.947
    INSTRUMENT       1.977       1.985       1.988       2.012       2.037       2.042       2.053
    SELF_EFFIC       2.011       2.033       2.048       2.119       2.186       2.204       2.223

 Variances
    BROAD_INTE       0.486       0.509       0.522       0.579       0.654       0.665       0.682
    ENJOYMENT        0.397       0.415       0.427       0.476       0.538       0.549       0.565
    INSTRUMENT       0.029       0.030       0.031       0.035       0.041       0.043       0.045
    SELF_EFFIC       0.339       0.354       0.360       0.395       0.446       0.454       0.466

Latent Class 3

 BROAD_IN WITH
    ENJOYMENT        0.184       0.199       0.208       0.250       0.301       0.312       0.338
    INSTRUMENT      -0.053      -0.044      -0.041      -0.020       0.006       0.011       0.019
    SELF_EFFIC      -0.155      -0.136      -0.130      -0.085      -0.048      -0.039      -0.023

 ENJOYMEN WITH
    INSTRUMENT      -0.052      -0.046      -0.043      -0.031      -0.018      -0.015      -0.011
    SELF_EFFIC      -0.181      -0.162      -0.157      -0.118      -0.088      -0.079      -0.069

 INSTRUME WITH
    SELF_EFFIC      -0.019      -0.014      -0.012       0.000       0.012       0.015       0.022

 Means
    BROAD_INTE       2.530       2.593       2.610       2.764       2.904       2.931       2.966
    ENJOYMENT        2.856       2.943       2.968       3.113       3.240       3.265       3.309
    INSTRUMENT       1.056       1.065       1.069       1.096       1.128       1.133       1.144
    SELF_EFFIC       1.719       1.767       1.788       1.893       2.001       2.013       2.056

 Variances
    BROAD_INTE       0.486       0.509       0.522       0.579       0.654       0.665       0.682
    ENJOYMENT        0.397       0.415       0.427       0.476       0.538       0.549       0.565
    INSTRUMENT       0.029       0.030       0.031       0.035       0.041       0.043       0.045
    SELF_EFFIC       0.339       0.354       0.360       0.395       0.446       0.454       0.466

Latent Class 4

 BROAD_IN WITH
    ENJOYMENT        0.184       0.199       0.208       0.250       0.301       0.312       0.338
    INSTRUMENT      -0.053      -0.044      -0.041      -0.020       0.006       0.011       0.019
    SELF_EFFIC      -0.155      -0.136      -0.130      -0.085      -0.048      -0.039      -0.023

 ENJOYMEN WITH
    INSTRUMENT      -0.052      -0.046      -0.043      -0.031      -0.018      -0.015      -0.011
    SELF_EFFIC      -0.181      -0.162      -0.157      -0.118      -0.088      -0.079      -0.069

 INSTRUME WITH
    SELF_EFFIC      -0.019      -0.014      -0.012       0.000       0.012       0.015       0.022

 Means
    BROAD_INTE       2.006       2.082       2.128       2.428       2.813       2.867       3.030
    ENJOYMENT        2.000       2.107       2.168       2.439       2.753       2.817       2.920
    INSTRUMENT       3.763       3.785       3.803       3.869       3.925       3.932       3.949
    SELF_EFFIC       1.948       2.023       2.051       2.300       2.529       2.572       2.677

 Variances
    BROAD_INTE       0.486       0.509       0.522       0.579       0.654       0.665       0.682
    ENJOYMENT        0.397       0.415       0.427       0.476       0.538       0.549       0.565
    INSTRUMENT       0.029       0.030       0.031       0.035       0.041       0.043       0.045
    SELF_EFFIC       0.339       0.354       0.360       0.395       0.446       0.454       0.466

Categorical Latent Variables

 Means
    C1#1             0.892       0.994       1.046       1.361       1.722       1.789       1.909
    C1#2             1.576       1.638       1.676       1.997       2.285       2.338       2.526
    C1#3             0.721       0.804       0.847       1.175       1.504       1.563       1.736

New/Additional Parameters
    P1               0.201       0.212       0.218       0.251       0.288       0.294       0.308
    P2               0.417       0.428       0.437       0.475       0.516       0.521       0.538
    P3               0.162       0.173       0.179       0.209       0.237       0.244       0.254
    P4               0.039       0.046       0.048       0.064       0.084       0.087       0.091


     Beginning Time:  17:37:29
        Ending Time:  17:37:48
       Elapsed Time:  00:00:19



MUTHEN & MUTHEN
3463 Stoner Ave.
Los Angeles, CA  90066

Tel: (310) 391-9971
Fax: (310) 391-8971
Web: www.StatModel.com
Support: Support@StatModel.com

Copyright (c) 1998-2024 Muthen & Muthen
