Mplus VERSION 8.11
MUTHEN & MUTHEN
10/31/2024   4:53 PM

INPUT INSTRUCTIONS

  TITLE:
  Profile 2
  DATA:
  FILE = "C:/Users/dnajiarch/Box/IES_IMMERSE/youtube_materials/lpa_enum/
  enum_lpa/lpa_pisa";
  VARIABLE:
  NAMES = broad_interest enjoyment instrumental_mot self_efficacy;
   MISSING=.;
   usevar = broad_interest-self_efficacy;
  classes = c(2);
  ANALYSIS:
  estimator = mlr;
      type = mixture;
      starts = 500 100;
  OUTPUT:
  sampstat svalues residual tech11 tech14;



*** WARNING in VARIABLE command
  Note that only the first 8 characters of variable names are used in the output.
  Shorten variable names to avoid any confusion.
*** WARNING in MODEL command
  All variables are uncorrelated with all other variables within class.
  Check that this is what is intended.
*** WARNING
  Data set contains cases with missing on all variables.
  These cases were not included in the analysis.
  Number of cases with missing on all variables:  12
   3 WARNING(S) FOUND IN THE INPUT INSTRUCTIONS




Profile 2

SUMMARY OF ANALYSIS

Number of groups                                                 1
Number of observations                                         488

Number of dependent variables                                    4
Number of independent variables                                  0
Number of continuous latent variables                            0
Number of categorical latent variables                           1

Observed dependent variables

  Continuous
   BROAD_INTE  ENJOYMENT   INSTRUMENT  SELF_EFFIC

Categorical latent variables
   C


Estimator                                                      MLR
Information matrix                                        OBSERVED
Optimization Specifications for the Quasi-Newton Algorithm for
Continuous Outcomes
  Maximum number of iterations                                 100
  Convergence criterion                                  0.100D-05
Optimization Specifications for the EM Algorithm
  Maximum number of iterations                                 500
  Convergence criteria
    Loglikelihood change                                 0.100D-06
    Relative loglikelihood change                        0.100D-06
    Derivative                                           0.100D-05
Optimization Specifications for the M step of the EM Algorithm for
Categorical Latent variables
  Number of M step iterations                                    1
  M step convergence criterion                           0.100D-05
  Basis for M step termination                           ITERATION
Optimization Specifications for the M step of the EM Algorithm for
Censored, Binary or Ordered Categorical (Ordinal), Unordered
Categorical (Nominal) and Count Outcomes
  Number of M step iterations                                    1
  M step convergence criterion                           0.100D-05
  Basis for M step termination                           ITERATION
  Maximum value for logit thresholds                            15
  Minimum value for logit thresholds                           -15
  Minimum expected cell size for chi-square              0.100D-01
Maximum number of iterations for H1                           2000
Convergence criterion for H1                             0.100D-03
Optimization algorithm                                         EMA
Random Starts Specifications
  Number of initial stage random starts                        500
  Number of final stage optimizations                          100
  Number of initial stage iterations                            10
  Initial stage convergence criterion                    0.100D+01
  Random starts scale                                    0.500D+01
  Random seed for generating random starts                       0

Input data file(s)
  C:/Users/dnajiarch/Box/IES_IMMERSE/youtube_materials/lpa_enum/enum_lpa/lpa_pis
Input data format  FREE


SUMMARY OF DATA

     Number of missing data patterns             8
     Number of y missing data patterns           8
     Number of u missing data patterns           0


COVARIANCE COVERAGE OF DATA

Minimum covariance coverage value   0.100


     PROPORTION OF DATA PRESENT FOR Y


           Covariance Coverage
              BROAD_IN      ENJOYMEN      INSTRUME      SELF_EFF
              ________      ________      ________      ________
 BROAD_IN       0.977
 ENJOYMEN       0.977         0.996
 INSTRUME       0.971         0.977         0.982
 SELF_EFF       0.969         0.975         0.973         0.977


SAMPLE STATISTICS


     ESTIMATED SAMPLE STATISTICS


           Means
              BROAD_IN      ENJOYMEN      INSTRUME      SELF_EFF
              ________      ________      ________      ________
                2.666         2.821         2.129         2.125


           Covariances
              BROAD_IN      ENJOYMEN      INSTRUME      SELF_EFF
              ________      ________      ________      ________
 BROAD_IN       0.595
 ENJOYMEN       0.272         0.514
 INSTRUME      -0.100        -0.171         0.560
 SELF_EFF      -0.099        -0.145         0.095         0.414


           Correlations
              BROAD_IN      ENJOYMEN      INSTRUME      SELF_EFF
              ________      ________      ________      ________
 BROAD_IN       1.000
 ENJOYMEN       0.492         1.000
 INSTRUME      -0.173        -0.319         1.000
 SELF_EFF      -0.199        -0.314         0.197         1.000


     MAXIMUM LOG-LIKELIHOOD VALUE FOR THE UNRESTRICTED (H1) MODEL IS -1968.348


UNIVARIATE SAMPLE STATISTICS


     UNIVARIATE HIGHER-ORDER MOMENT DESCRIPTIVE STATISTICS

         Variable/         Mean/     Skewness/   Minimum/ % with                Percentiles
        Sample Size      Variance    Kurtosis    Maximum  Min/Max      20%/60%    40%/80%    Median

     BROAD_INTEREST        2.666      -0.140       1.000    4.82%       2.000      2.600      2.800
             477.000       0.595      -0.053       5.000    0.21%       3.000      3.200
     ENJOYMENT             2.820      -0.454       1.000    3.70%       2.400      2.800      3.000
             486.000       0.514       0.248       4.000   10.49%       3.000      3.400
     INSTRUMENTAL_MO       2.129       0.455       1.000   14.82%       1.500      2.000      2.000
             479.000       0.561       0.120       4.000    4.38%       2.000      2.750
     SELF_EFFICACY         2.125       0.398       1.000    6.29%       1.625      2.000      2.000
             477.000       0.414       0.138       4.000    1.26%       2.250      2.625

RANDOM STARTS RESULTS RANKED FROM THE BEST TO THE WORST LOGLIKELIHOOD VALUES

Final stage loglikelihood values at local maxima, seeds, and initial stage start numbers:

           -1996.513  314084           81
           -1996.513  340112           126
           -1996.513  202790           198
           -1996.513  321390           133
           -1996.513  405079           68
           -1996.513  749453           33
           -1996.513  626087           314
           -1996.513  341041           34
           -1996.513  188498           258
           -1996.513  375590           438
           -1996.513  399380           436
           -1996.513  608849           224
           -1996.513  518828           432
           -1996.513  625191           350
           -1996.513  195873           6
           -1996.513  352277           42
           -1996.513  407168           44
           -1996.513  830570           369
           -1996.513  55115            408
           -1996.513  178475           231
           -1996.513  440841           118
           -1996.513  399848           220
           -1996.513  455617           242
           -1996.513  688839           273
           -1996.513  863094           147
           -1996.513  840031           276
           -1996.513  50887            389
           -1996.513  746978           410
           -1996.513  366706           29
           -1996.513  856536           144
           -1996.513  441191           361
           -1996.513  347515           24
           -1996.513  903369           134
           -1996.513  217744           326
           -1996.513  849670           347
           -1996.513  728038           177
           -1996.513  156536           245
           -1996.513  89970            223
           -1996.513  978781           497
           -1996.513  476498           179
           -1996.513  193847           354
           -1996.513  695155           150
           -1996.513  100874           108
           -1996.513  499150           216
           -1996.513  286735           175
           -1996.513  715561           125
           -1996.513  268217           83
           -1996.513  259507           53
           -1996.513  694303           282
           -1996.513  344422           296
           -1996.513  1548             384
           -1996.513  366533           484
           -1996.513  848969           173
           -1996.513  789985           67
           -1996.513  584397           428
           -1996.513  622860           259
           -1996.513  387701           275
           -1996.513  7959             256
           -1996.513  65651            214
           -1996.513  685657           69
           -1996.513  535804           111
           -1996.513  579995           183
           -1996.513  603842           61
           -1996.513  760878           249
           -1996.513  34346            330
           -1996.513  285380           1
           -1996.513  985387           381
           -1996.513  93468            3
           -1996.513  871722           355
           -1996.513  372176           23
           -1996.513  92689            304
           -1996.513  404510           442
           -1996.513  794236           127
           -1996.513  153053           378
           -1996.513  264935           281
           -1996.513  592219           119
           -1996.513  970689           266
           -1996.513  391179           78
           -1996.513  376411           473
           -1996.513  802256           477
           -1996.513  576596           99
           -1996.513  580405           286
           -1996.513  635245           121
           -1996.513  851945           18
           -1996.513  462228           298
           -1996.513  85114            385
           -1996.513  224950           455
           -1996.513  700349           401
           -1996.513  21132            351
           -1996.513  315029           471
           -1996.513  862607           468
           -1996.513  717754           180
           -1996.513  965994           396
           -1996.513  903420           5
           -1996.513  963053           43
           -1996.513  529496           343
           -1996.513  418686           338
           -1996.513  422103           62
           -1996.513  793035           187
           -1996.513  414284           158



THE BEST LOGLIKELIHOOD VALUE HAS BEEN REPLICATED.  RERUN WITH AT LEAST TWICE THE
RANDOM STARTS TO CHECK THAT THE BEST LOGLIKELIHOOD IS STILL OBTAINED AND REPLICATED.


THE MODEL ESTIMATION TERMINATED NORMALLY



MODEL FIT INFORMATION

Number of Free Parameters                       13

Loglikelihood

          H0 Value                       -1996.513
          H0 Scaling Correction Factor      1.1969
            for MLR

Information Criteria

          Akaike (AIC)                    4019.026
          Bayesian (BIC)                  4073.501
          Sample-Size Adjusted BIC        4032.239
            (n* = (n + 2) / 24)



FINAL CLASS COUNTS AND PROPORTIONS FOR THE LATENT CLASSES
BASED ON THE ESTIMATED MODEL

    Latent
   Classes

       1        122.00135          0.25000
       2        365.99865          0.75000


FINAL CLASS COUNTS AND PROPORTIONS FOR THE LATENT CLASSES
BASED ON ESTIMATED POSTERIOR PROBABILITIES

    Latent
   Classes

       1        122.00135          0.25000
       2        365.99865          0.75000


FINAL CLASS COUNTS AND PROPORTIONS FOR THE LATENT CLASSES
BASED ON THEIR MOST LIKELY LATENT CLASS MEMBERSHIP

Class Counts and Proportions

    Latent
   Classes

       1              112          0.22951
       2              376          0.77049


CLASSIFICATION QUALITY

     Entropy                         0.711


Average Latent Class Probabilities for Most Likely Latent Class Membership (Row)
by Latent Class (Column)

           1        2

    1   0.865    0.135
    2   0.067    0.933


Classification Probabilities for the Most Likely Latent Class Membership (Column)
by Latent Class (Row)

           1        2

    1   0.794    0.206
    2   0.041    0.959


Logits for the Classification Probabilities for the Most Likely Latent Class Membership (Column)
by Latent Class (Row)

              1        2

    1      1.352    0.000
    2     -3.147    0.000


MODEL RESULTS

                                                    Two-Tailed
                    Estimate       S.E.  Est./S.E.    P-Value

Latent Class 1

 Means
    BROAD_INTE         1.930      0.127     15.232      0.000
    ENJOYMENT          2.005      0.123     16.303      0.000
    INSTRUMENT         2.535      0.095     26.791      0.000
    SELF_EFFIC         2.445      0.081     30.322      0.000

 Variances
    BROAD_INTE         0.415      0.049      8.553      0.000
    ENJOYMENT          0.292      0.020     14.695      0.000
    INSTRUMENT         0.506      0.038     13.157      0.000
    SELF_EFFIC         0.380      0.025     15.404      0.000

Latent Class 2

 Means
    BROAD_INTE         2.911      0.052     56.299      0.000
    ENJOYMENT          3.092      0.045     69.481      0.000
    INSTRUMENT         1.993      0.047     42.664      0.000
    SELF_EFFIC         2.018      0.040     50.331      0.000

 Variances
    BROAD_INTE         0.415      0.049      8.553      0.000
    ENJOYMENT          0.292      0.020     14.695      0.000
    INSTRUMENT         0.506      0.038     13.157      0.000
    SELF_EFFIC         0.380      0.025     15.404      0.000

Categorical Latent Variables

 Means
    C#1               -1.099      0.251     -4.380      0.000


QUALITY OF NUMERICAL RESULTS

     Condition Number for the Information Matrix              0.897E-02
       (ratio of smallest to largest eigenvalue)


MODEL COMMAND WITH FINAL ESTIMATES USED AS STARTING VALUES

     %OVERALL%

     [ c#1*-1.09860 ];

     %C#1%

     [ broad_interest*1.92990 ];
     [ enjoyment*2.00530 ];
     [ instrumental_mot*2.53515 ];
     [ self_efficacy*2.44535 ];

     broad_interest*0.41501 (5);
     enjoyment*0.29202 (6);
     instrumental_mot*0.50567 (7);
     self_efficacy*0.37979 (8);

     %C#2%

     [ broad_interest*2.91088 ];
     [ enjoyment*3.09240 ];
     [ instrumental_mot*1.99251 ];
     [ self_efficacy*2.01814 ];

     broad_interest*0.41501 (5);
     enjoyment*0.29202 (6);
     instrumental_mot*0.50567 (7);
     self_efficacy*0.37979 (8);



RESIDUAL OUTPUT


     ESTIMATED MODEL AND RESIDUALS (OBSERVED - ESTIMATED) FOR CLASS 1


           Model Estimated Means
              BROAD_IN      ENJOYMEN      INSTRUME      SELF_EFF
              ________      ________      ________      ________
                1.930         2.005         2.535         2.445


           Residuals for Means
              BROAD_IN      ENJOYMEN      INSTRUME      SELF_EFF
              ________      ________      ________      ________
                0.000         0.000         0.000         0.000


           Model Estimated Covariances
              BROAD_IN      ENJOYMEN      INSTRUME      SELF_EFF
              ________      ________      ________      ________
 BROAD_IN       0.415
 ENJOYMEN       0.000         0.292
 INSTRUME       0.000         0.000         0.506
 SELF_EFF       0.000         0.000         0.000         0.380


           Residuals for Covariances
              BROAD_IN      ENJOYMEN      INSTRUME      SELF_EFF
              ________      ________      ________      ________
 BROAD_IN       0.043
 ENJOYMEN       0.052         0.062
 INSTRUME      -0.025        -0.059         0.067
 SELF_EFF       0.007        -0.003         0.080         0.086


     ESTIMATED MODEL AND RESIDUALS (OBSERVED - ESTIMATED) FOR CLASS 2


           Model Estimated Means
              BROAD_IN      ENJOYMEN      INSTRUME      SELF_EFF
              ________      ________      ________      ________
                2.911         3.092         1.993         2.018


           Residuals for Means
              BROAD_IN      ENJOYMEN      INSTRUME      SELF_EFF
              ________      ________      ________      ________
                0.000         0.000         0.000         0.000


           Model Estimated Covariances
              BROAD_IN      ENJOYMEN      INSTRUME      SELF_EFF
              ________      ________      ________      ________
 BROAD_IN       0.415
 ENJOYMEN       0.000         0.292
 INSTRUME       0.000         0.000         0.506
 SELF_EFF       0.000         0.000         0.000         0.380


           Residuals for Covariances
              BROAD_IN      ENJOYMEN      INSTRUME      SELF_EFF
              ________      ________      ________      ________
 BROAD_IN      -0.014
 ENJOYMEN       0.085        -0.021
 INSTRUME       0.032        -0.052        -0.023
 SELF_EFF      -0.014        -0.069         0.057        -0.029


TECHNICAL 11 OUTPUT

     Random Starts Specifications for the k-1 Class Analysis Model
        Number of initial stage random starts                 500
        Number of final stage optimizations                   100



     VUONG-LO-MENDELL-RUBIN LIKELIHOOD RATIO TEST FOR 1 (H0) VERSUS 2 CLASSES

          H0 Loglikelihood Value                        -2088.659
          2 Times the Loglikelihood Difference            184.291
          Difference in the Number of Parameters                5
          Mean                                             13.183
          Standard Deviation                               13.249
          P-Value                                          0.0000

     LO-MENDELL-RUBIN ADJUSTED LRT TEST

          Value                                           178.523
          P-Value                                          0.0000


TECHNICAL 14 OUTPUT

     Random Starts Specifications for the k-1 Class Analysis Model
        Number of initial stage random starts                 500
        Number of final stage optimizations                   100

     Random Starts Specification for the k-1 Class Model for Generated Data
        Number of initial stage random starts                   0
        Number of final stage optimizations for the
           initial stage random starts                          0
     Random Starts Specification for the k Class Model for Generated Data
        Number of initial stage random starts                  40
        Number of final stage optimizations                     8
     Number of bootstrap draws requested                   Varies


     PARAMETRIC BOOTSTRAPPED LIKELIHOOD RATIO TEST FOR 1 (H0) VERSUS 2 CLASSES

          H0 Loglikelihood Value                        -2088.659
          2 Times the Loglikelihood Difference            184.291
          Difference in the Number of Parameters                5
          Approximate P-Value                              0.0000
          Successful Bootstrap Draws                            5

     WARNING:  OF THE 5 BOOTSTRAP DRAWS, 3 DRAWS HAD BOTH A SMALLER LRT VALUE THAN THE
     OBSERVED LRT VALUE AND NOT A REPLICATED BEST LOGLIKELIHOOD VALUE FOR THE 2-CLASS MODEL.
     THIS MEANS THAT THE P-VALUE MAY NOT BE TRUSTWORTHY DUE TO LOCAL MAXIMA.
     INCREASE THE NUMBER OF RANDOM STARTS USING THE LRTSTARTS OPTION.



     Beginning Time:  16:53:24
        Ending Time:  16:53:29
       Elapsed Time:  00:00:05



MUTHEN & MUTHEN
3463 Stoner Ave.
Los Angeles, CA  90066

Tel: (310) 391-9971
Fax: (310) 391-8971
Web: www.StatModel.com
Support: Support@StatModel.com

Copyright (c) 1998-2024 Muthen & Muthen
