Mplus VERSION 8.11
MUTHEN & MUTHEN
10/31/2024   5:01 PM

INPUT INSTRUCTIONS

  TITLE:
  Profile 3 - Model 2
  DATA:
  FILE = "C:/Users/dnajiarch/Box/IES_IMMERSE/youtube_materials/lpa_enum/
  enum_lpa/lpa_pisa";
  VARIABLE:
  NAMES = broad_interest enjoyment instrumental_mot self_efficacy;
   MISSING=.;
   usevar = broad_interest-self_efficacy;
  classes = c(3);
  ANALYSIS:
  estimator = mlr;
      type = mixture;
      starts = 500 100;
  MODEL:
  %c#1%
  broad_interest-self_efficacy;      ! variances are freely estimated
  %c#2%
  broad_interest-self_efficacy;      ! variances are freely estimated
  %c#3%
  broad_interest-self_efficacy;      ! variances are freely estimated
  OUTPUT:
  sampstat svalues residual tech11 tech14;



*** WARNING in VARIABLE command
  Note that only the first 8 characters of variable names are used in the output.
  Shorten variable names to avoid any confusion.
*** WARNING in MODEL command
  All variables are uncorrelated with all other variables within class.
  Check that this is what is intended.
*** WARNING
  Data set contains cases with missing on all variables.
  These cases were not included in the analysis.
  Number of cases with missing on all variables:  12
   3 WARNING(S) FOUND IN THE INPUT INSTRUCTIONS




Profile 3 - Model 2

SUMMARY OF ANALYSIS

Number of groups                                                 1
Number of observations                                         488

Number of dependent variables                                    4
Number of independent variables                                  0
Number of continuous latent variables                            0
Number of categorical latent variables                           1

Observed dependent variables

  Continuous
   BROAD_INTE  ENJOYMENT   INSTRUMENT  SELF_EFFIC

Categorical latent variables
   C


Estimator                                                      MLR
Information matrix                                        OBSERVED
Optimization Specifications for the Quasi-Newton Algorithm for
Continuous Outcomes
  Maximum number of iterations                                 100
  Convergence criterion                                  0.100D-05
Optimization Specifications for the EM Algorithm
  Maximum number of iterations                                 500
  Convergence criteria
    Loglikelihood change                                 0.100D-06
    Relative loglikelihood change                        0.100D-06
    Derivative                                           0.100D-05
Optimization Specifications for the M step of the EM Algorithm for
Categorical Latent variables
  Number of M step iterations                                    1
  M step convergence criterion                           0.100D-05
  Basis for M step termination                           ITERATION
Optimization Specifications for the M step of the EM Algorithm for
Censored, Binary or Ordered Categorical (Ordinal), Unordered
Categorical (Nominal) and Count Outcomes
  Number of M step iterations                                    1
  M step convergence criterion                           0.100D-05
  Basis for M step termination                           ITERATION
  Maximum value for logit thresholds                            15
  Minimum value for logit thresholds                           -15
  Minimum expected cell size for chi-square              0.100D-01
Maximum number of iterations for H1                           2000
Convergence criterion for H1                             0.100D-03
Optimization algorithm                                         EMA
Random Starts Specifications
  Number of initial stage random starts                        500
  Number of final stage optimizations                          100
  Number of initial stage iterations                            10
  Initial stage convergence criterion                    0.100D+01
  Random starts scale                                    0.500D+01
  Random seed for generating random starts                       0

Input data file(s)
  C:/Users/dnajiarch/Box/IES_IMMERSE/youtube_materials/lpa_enum/enum_lpa/lpa_pis
Input data format  FREE


SUMMARY OF DATA

     Number of missing data patterns             8
     Number of y missing data patterns           8
     Number of u missing data patterns           0


COVARIANCE COVERAGE OF DATA

Minimum covariance coverage value   0.100


     PROPORTION OF DATA PRESENT FOR Y


           Covariance Coverage
              BROAD_IN      ENJOYMEN      INSTRUME      SELF_EFF
              ________      ________      ________      ________
 BROAD_IN       0.977
 ENJOYMEN       0.977         0.996
 INSTRUME       0.971         0.977         0.982
 SELF_EFF       0.969         0.975         0.973         0.977


SAMPLE STATISTICS


     ESTIMATED SAMPLE STATISTICS


           Means
              BROAD_IN      ENJOYMEN      INSTRUME      SELF_EFF
              ________      ________      ________      ________
                2.666         2.821         2.129         2.125


           Covariances
              BROAD_IN      ENJOYMEN      INSTRUME      SELF_EFF
              ________      ________      ________      ________
 BROAD_IN       0.595
 ENJOYMEN       0.272         0.514
 INSTRUME      -0.100        -0.171         0.560
 SELF_EFF      -0.099        -0.145         0.095         0.414


           Correlations
              BROAD_IN      ENJOYMEN      INSTRUME      SELF_EFF
              ________      ________      ________      ________
 BROAD_IN       1.000
 ENJOYMEN       0.492         1.000
 INSTRUME      -0.173        -0.319         1.000
 SELF_EFF      -0.199        -0.314         0.197         1.000


     MAXIMUM LOG-LIKELIHOOD VALUE FOR THE UNRESTRICTED (H1) MODEL IS -1968.348


UNIVARIATE SAMPLE STATISTICS


     UNIVARIATE HIGHER-ORDER MOMENT DESCRIPTIVE STATISTICS

         Variable/         Mean/     Skewness/   Minimum/ % with                Percentiles
        Sample Size      Variance    Kurtosis    Maximum  Min/Max      20%/60%    40%/80%    Median

     BROAD_INTEREST        2.666      -0.140       1.000    4.82%       2.000      2.600      2.800
             477.000       0.595      -0.053       5.000    0.21%       3.000      3.200
     ENJOYMENT             2.820      -0.454       1.000    3.70%       2.400      2.800      3.000
             486.000       0.514       0.248       4.000   10.49%       3.000      3.400
     INSTRUMENTAL_MO       2.129       0.455       1.000   14.82%       1.500      2.000      2.000
             479.000       0.561       0.120       4.000    4.38%       2.000      2.750
     SELF_EFFICACY         2.125       0.398       1.000    6.29%       1.625      2.000      2.000
             477.000       0.414       0.138       4.000    1.26%       2.250      2.625

RANDOM STARTS RESULTS RANKED FROM THE BEST TO THE WORST LOGLIKELIHOOD VALUES

175 perturbed starting value run(s) did not converge in the initial stage
optimizations.

Final stage loglikelihood values at local maxima, seeds, and initial stage start numbers:

           -1877.965  479273           156
           -1877.965  512836           289
           -1877.965  830392           35
           -1877.965  73576            213
           -1877.965  797594           234
           -1877.965  629320           222
           -1877.965  846194           93
           -1877.965  573096           20
           -1877.965  369602           146
           -1877.965  748692           204
           -1877.965  387701           275
           -1877.965  576726           280
           -1877.965  76974            16
           -1877.965  319575           499
           -1877.965  354395           486
           -1877.965  648555           113
           -1877.965  475420           71
           -1880.679  913639           162
           -1880.679  23012            352
           -1880.679  471438           252
           -1881.339  978061           488

79 perturbed starting value run(s) did not converge or were rejected in the third stage.



THE BEST LOGLIKELIHOOD VALUE HAS BEEN REPLICATED.  RERUN WITH AT LEAST TWICE THE
RANDOM STARTS TO CHECK THAT THE BEST LOGLIKELIHOOD IS STILL OBTAINED AND REPLICATED.


THE MODEL ESTIMATION TERMINATED NORMALLY



MODEL FIT INFORMATION

Number of Free Parameters                       26

Loglikelihood

          H0 Value                       -1877.965
          H0 Scaling Correction Factor      1.2609
            for MLR

Information Criteria

          Akaike (AIC)                    3807.929
          Bayesian (BIC)                  3916.877
          Sample-Size Adjusted BIC        3834.354
            (n* = (n + 2) / 24)



FINAL CLASS COUNTS AND PROPORTIONS FOR THE LATENT CLASSES
BASED ON THE ESTIMATED MODEL

    Latent
   Classes

       1        169.73505          0.34782
       2         92.58152          0.18972
       3        225.68343          0.46247


FINAL CLASS COUNTS AND PROPORTIONS FOR THE LATENT CLASSES
BASED ON ESTIMATED POSTERIOR PROBABILITIES

    Latent
   Classes

       1        169.73505          0.34782
       2         92.58152          0.18972
       3        225.68343          0.46247


FINAL CLASS COUNTS AND PROPORTIONS FOR THE LATENT CLASSES
BASED ON THEIR MOST LIKELY LATENT CLASS MEMBERSHIP

Class Counts and Proportions

    Latent
   Classes

       1              193          0.39549
       2               96          0.19672
       3              199          0.40779


CLASSIFICATION QUALITY

     Entropy                         0.806


Average Latent Class Probabilities for Most Likely Latent Class Membership (Row)
by Latent Class (Column)

           1        2        3

    1   0.848    0.009    0.143
    2   0.006    0.927    0.067
    3   0.028    0.009    0.963


Classification Probabilities for the Most Likely Latent Class Membership (Column)
by Latent Class (Row)

           1        2        3

    1   0.964    0.003    0.032
    2   0.019    0.961    0.020
    3   0.122    0.029    0.849


Logits for the Classification Probabilities for the Most Likely Latent Class Membership (Column)
by Latent Class (Row)

              1        2        3

    1      3.394   -2.305    0.000
    2     -0.047    3.881    0.000
    3     -1.939   -3.391    0.000


MODEL RESULTS

                                                    Two-Tailed
                    Estimate       S.E.  Est./S.E.    P-Value

Latent Class 1

 Means
    BROAD_INTE         2.912      0.049     59.366      0.000
    ENJOYMENT          2.968      0.012    238.242      0.000
    INSTRUMENT         2.042      0.082     24.923      0.000
    SELF_EFFIC         2.072      0.057     36.269      0.000

 Variances
    BROAD_INTE         0.262      0.056      4.671      0.000
    ENJOYMENT          0.010      0.003      3.283      0.001
    INSTRUMENT         0.358      0.119      3.008      0.003
    SELF_EFFIC         0.298      0.038      7.771      0.000

Latent Class 2

 Means
    BROAD_INTE         3.205      0.086     37.165      0.000
    ENJOYMENT          3.808      0.048     80.133      0.000
    INSTRUMENT         1.735      0.092     18.769      0.000
    SELF_EFFIC         1.724      0.067     25.718      0.000

 Variances
    BROAD_INTE         0.405      0.104      3.887      0.000
    ENJOYMENT          0.060      0.016      3.701      0.000
    INSTRUMENT         0.636      0.134      4.738      0.000
    SELF_EFFIC         0.309      0.048      6.484      0.000

Latent Class 3

 Means
    BROAD_INTE         2.257      0.082     27.478      0.000
    ENJOYMENT          2.305      0.072     32.038      0.000
    INSTRUMENT         2.357      0.068     34.505      0.000
    SELF_EFFIC         2.330      0.049     47.308      0.000

 Variances
    BROAD_INTE         0.594      0.083      7.189      0.000
    ENJOYMENT          0.397      0.044      9.011      0.000
    INSTRUMENT         0.560      0.069      8.137      0.000
    SELF_EFFIC         0.435      0.045      9.689      0.000

Categorical Latent Variables

 Means
    C#1               -0.285      0.188     -1.517      0.129
    C#2               -0.891      0.183     -4.877      0.000


QUALITY OF NUMERICAL RESULTS

     Condition Number for the Information Matrix              0.970E-03
       (ratio of smallest to largest eigenvalue)


MODEL COMMAND WITH FINAL ESTIMATES USED AS STARTING VALUES

     %OVERALL%

     [ c#1*-0.28489 ];
     [ c#2*-0.89104 ];

     %C#1%

     [ broad_interest*2.91224 ];
     [ enjoyment*2.96823 ];
     [ instrumental_mot*2.04239 ];
     [ self_efficacy*2.07217 ];

     broad_interest*0.26235;
     enjoyment*0.00999;
     instrumental_mot*0.35815;
     self_efficacy*0.29796;

     %C#2%

     [ broad_interest*3.20495 ];
     [ enjoyment*3.80845 ];
     [ instrumental_mot*1.73518 ];
     [ self_efficacy*1.72424 ];

     broad_interest*0.40524;
     enjoyment*0.05996;
     instrumental_mot*0.63625;
     self_efficacy*0.30893;

     %C#3%

     [ broad_interest*2.25668 ];
     [ enjoyment*2.30508 ];
     [ instrumental_mot*2.35737 ];
     [ self_efficacy*2.33012 ];

     broad_interest*0.59394;
     enjoyment*0.39739;
     instrumental_mot*0.55980;
     self_efficacy*0.43474;



RESIDUAL OUTPUT


     ESTIMATED MODEL AND RESIDUALS (OBSERVED - ESTIMATED) FOR CLASS 1


           Model Estimated Means
              BROAD_IN      ENJOYMEN      INSTRUME      SELF_EFF
              ________      ________      ________      ________
                2.912         2.968         2.042         2.072


           Residuals for Means
              BROAD_IN      ENJOYMEN      INSTRUME      SELF_EFF
              ________      ________      ________      ________
                0.000         0.000         0.000         0.000


           Model Estimated Covariances
              BROAD_IN      ENJOYMEN      INSTRUME      SELF_EFF
              ________      ________      ________      ________
 BROAD_IN       0.262
 ENJOYMEN       0.000         0.010
 INSTRUME       0.000         0.000         0.358
 SELF_EFF       0.000         0.000         0.000         0.298


           Residuals for Covariances
              BROAD_IN      ENJOYMEN      INSTRUME      SELF_EFF
              ________      ________      ________      ________
 BROAD_IN       0.000
 ENJOYMEN       0.003         0.000
 INSTRUME       0.020         0.002         0.000
 SELF_EFF      -0.005        -0.003         0.040         0.000


     ESTIMATED MODEL AND RESIDUALS (OBSERVED - ESTIMATED) FOR CLASS 2


           Model Estimated Means
              BROAD_IN      ENJOYMEN      INSTRUME      SELF_EFF
              ________      ________      ________      ________
                3.205         3.808         1.735         1.724


           Residuals for Means
              BROAD_IN      ENJOYMEN      INSTRUME      SELF_EFF
              ________      ________      ________      ________
                0.000         0.000         0.000         0.000


           Model Estimated Covariances
              BROAD_IN      ENJOYMEN      INSTRUME      SELF_EFF
              ________      ________      ________      ________
 BROAD_IN       0.405
 ENJOYMEN       0.000         0.060
 INSTRUME       0.000         0.000         0.636
 SELF_EFF       0.000         0.000         0.000         0.309


           Residuals for Covariances
              BROAD_IN      ENJOYMEN      INSTRUME      SELF_EFF
              ________      ________      ________      ________
 BROAD_IN       0.000
 ENJOYMEN       0.021         0.000
 INSTRUME       0.091         0.024         0.000
 SELF_EFF      -0.025         0.002        -0.007         0.000


     ESTIMATED MODEL AND RESIDUALS (OBSERVED - ESTIMATED) FOR CLASS 3


           Model Estimated Means
              BROAD_IN      ENJOYMEN      INSTRUME      SELF_EFF
              ________      ________      ________      ________
                2.257         2.305         2.357         2.330


           Residuals for Means
              BROAD_IN      ENJOYMEN      INSTRUME      SELF_EFF
              ________      ________      ________      ________
                0.000         0.000         0.000         0.000


           Model Estimated Covariances
              BROAD_IN      ENJOYMEN      INSTRUME      SELF_EFF
              ________      ________      ________      ________
 BROAD_IN       0.594
 ENJOYMEN       0.000         0.397
 INSTRUME       0.000         0.000         0.560
 SELF_EFF       0.000         0.000         0.000         0.435


           Residuals for Covariances
              BROAD_IN      ENJOYMEN      INSTRUME      SELF_EFF
              ________      ________      ________      ________
 BROAD_IN       0.000
 ENJOYMEN       0.126         0.000
 INSTRUME      -0.040        -0.098         0.000
 SELF_EFF       0.008        -0.034         0.085         0.000


TECHNICAL 11 OUTPUT

     Random Starts Specifications for the k-1 Class Analysis Model
        Number of initial stage random starts                 500
        Number of final stage optimizations                   100



     VUONG-LO-MENDELL-RUBIN LIKELIHOOD RATIO TEST FOR 2 (H0) VERSUS 3 CLASSES

          H0 Loglikelihood Value                        -1988.990
          2 Times the Loglikelihood Difference            222.052
          Difference in the Number of Parameters                9
          Mean                                             31.579
          Standard Deviation                               29.105
          P-Value                                          0.0002

     LO-MENDELL-RUBIN ADJUSTED LRT TEST

          Value                                           218.136
          P-Value                                          0.0003


TECHNICAL 14 OUTPUT

     Random Starts Specifications for the k-1 Class Analysis Model
        Number of initial stage random starts                 500
        Number of final stage optimizations                   100

     Random Starts Specification for the k-1 Class Model for Generated Data
        Number of initial stage random starts                   0
        Number of final stage optimizations for the
           initial stage random starts                          0
     Random Starts Specification for the k Class Model for Generated Data
        Number of initial stage random starts                  40
        Number of final stage optimizations                     8
     Number of bootstrap draws requested                   Varies


     PARAMETRIC BOOTSTRAPPED LIKELIHOOD RATIO TEST FOR 2 (H0) VERSUS 3 CLASSES

          H0 Loglikelihood Value                        -1988.990
          2 Times the Loglikelihood Difference            222.052
          Difference in the Number of Parameters                9
          Approximate P-Value                              0.0000
          Successful Bootstrap Draws                           10


     Beginning Time:  17:01:20
        Ending Time:  17:01:48
       Elapsed Time:  00:00:28



MUTHEN & MUTHEN
3463 Stoner Ave.
Los Angeles, CA  90066

Tel: (310) 391-9971
Fax: (310) 391-8971
Web: www.StatModel.com
Support: Support@StatModel.com

Copyright (c) 1998-2024 Muthen & Muthen
