Mplus VERSION 8.11
MUTHEN & MUTHEN
10/31/2024   5:01 PM

INPUT INSTRUCTIONS

  TITLE:
  Profile 4 - Model 2
  DATA:
  FILE = "C:/Users/dnajiarch/Box/IES_IMMERSE/youtube_materials/lpa_enum/
  enum_lpa/lpa_pisa";
  VARIABLE:
  NAMES = broad_interest enjoyment instrumental_mot self_efficacy;
   MISSING=.;
   usevar = broad_interest-self_efficacy;
  classes = c(4);
  ANALYSIS:
  estimator = mlr;
      type = mixture;
      starts = 500 100;
  MODEL:
  %c#1%
  broad_interest-self_efficacy;      ! variances are freely estimated
  %c#2%
  broad_interest-self_efficacy;      ! variances are freely estimated
  %c#3%
  broad_interest-self_efficacy;      ! variances are freely estimated
  %c#4%
  broad_interest-self_efficacy;      ! variances are freely estimated
  OUTPUT:
  sampstat svalues residual tech11 tech14;



*** WARNING in VARIABLE command
  Note that only the first 8 characters of variable names are used in the output.
  Shorten variable names to avoid any confusion.
*** WARNING in MODEL command
  All variables are uncorrelated with all other variables within class.
  Check that this is what is intended.
*** WARNING
  Data set contains cases with missing on all variables.
  These cases were not included in the analysis.
  Number of cases with missing on all variables:  12
   3 WARNING(S) FOUND IN THE INPUT INSTRUCTIONS




Profile 4 - Model 2

SUMMARY OF ANALYSIS

Number of groups                                                 1
Number of observations                                         488

Number of dependent variables                                    4
Number of independent variables                                  0
Number of continuous latent variables                            0
Number of categorical latent variables                           1

Observed dependent variables

  Continuous
   BROAD_INTE  ENJOYMENT   INSTRUMENT  SELF_EFFIC

Categorical latent variables
   C


Estimator                                                      MLR
Information matrix                                        OBSERVED
Optimization Specifications for the Quasi-Newton Algorithm for
Continuous Outcomes
  Maximum number of iterations                                 100
  Convergence criterion                                  0.100D-05
Optimization Specifications for the EM Algorithm
  Maximum number of iterations                                 500
  Convergence criteria
    Loglikelihood change                                 0.100D-06
    Relative loglikelihood change                        0.100D-06
    Derivative                                           0.100D-05
Optimization Specifications for the M step of the EM Algorithm for
Categorical Latent variables
  Number of M step iterations                                    1
  M step convergence criterion                           0.100D-05
  Basis for M step termination                           ITERATION
Optimization Specifications for the M step of the EM Algorithm for
Censored, Binary or Ordered Categorical (Ordinal), Unordered
Categorical (Nominal) and Count Outcomes
  Number of M step iterations                                    1
  M step convergence criterion                           0.100D-05
  Basis for M step termination                           ITERATION
  Maximum value for logit thresholds                            15
  Minimum value for logit thresholds                           -15
  Minimum expected cell size for chi-square              0.100D-01
Maximum number of iterations for H1                           2000
Convergence criterion for H1                             0.100D-03
Optimization algorithm                                         EMA
Random Starts Specifications
  Number of initial stage random starts                        500
  Number of final stage optimizations                          100
  Number of initial stage iterations                            10
  Initial stage convergence criterion                    0.100D+01
  Random starts scale                                    0.500D+01
  Random seed for generating random starts                       0

Input data file(s)
  C:/Users/dnajiarch/Box/IES_IMMERSE/youtube_materials/lpa_enum/enum_lpa/lpa_pis
Input data format  FREE


SUMMARY OF DATA

     Number of missing data patterns             8
     Number of y missing data patterns           8
     Number of u missing data patterns           0


COVARIANCE COVERAGE OF DATA

Minimum covariance coverage value   0.100


     PROPORTION OF DATA PRESENT FOR Y


           Covariance Coverage
              BROAD_IN      ENJOYMEN      INSTRUME      SELF_EFF
              ________      ________      ________      ________
 BROAD_IN       0.977
 ENJOYMEN       0.977         0.996
 INSTRUME       0.971         0.977         0.982
 SELF_EFF       0.969         0.975         0.973         0.977


SAMPLE STATISTICS


     ESTIMATED SAMPLE STATISTICS


           Means
              BROAD_IN      ENJOYMEN      INSTRUME      SELF_EFF
              ________      ________      ________      ________
                2.666         2.821         2.129         2.125


           Covariances
              BROAD_IN      ENJOYMEN      INSTRUME      SELF_EFF
              ________      ________      ________      ________
 BROAD_IN       0.595
 ENJOYMEN       0.272         0.514
 INSTRUME      -0.100        -0.171         0.560
 SELF_EFF      -0.099        -0.145         0.095         0.414


           Correlations
              BROAD_IN      ENJOYMEN      INSTRUME      SELF_EFF
              ________      ________      ________      ________
 BROAD_IN       1.000
 ENJOYMEN       0.492         1.000
 INSTRUME      -0.173        -0.319         1.000
 SELF_EFF      -0.199        -0.314         0.197         1.000


     MAXIMUM LOG-LIKELIHOOD VALUE FOR THE UNRESTRICTED (H1) MODEL IS -1968.348


UNIVARIATE SAMPLE STATISTICS


     UNIVARIATE HIGHER-ORDER MOMENT DESCRIPTIVE STATISTICS

         Variable/         Mean/     Skewness/   Minimum/ % with                Percentiles
        Sample Size      Variance    Kurtosis    Maximum  Min/Max      20%/60%    40%/80%    Median

     BROAD_INTEREST        2.666      -0.140       1.000    4.82%       2.000      2.600      2.800
             477.000       0.595      -0.053       5.000    0.21%       3.000      3.200
     ENJOYMENT             2.820      -0.454       1.000    3.70%       2.400      2.800      3.000
             486.000       0.514       0.248       4.000   10.49%       3.000      3.400
     INSTRUMENTAL_MO       2.129       0.455       1.000   14.82%       1.500      2.000      2.000
             479.000       0.561       0.120       4.000    4.38%       2.000      2.750
     SELF_EFFICACY         2.125       0.398       1.000    6.29%       1.625      2.000      2.000
             477.000       0.414       0.138       4.000    1.26%       2.250      2.625

RANDOM STARTS RESULTS RANKED FROM THE BEST TO THE WORST LOGLIKELIHOOD VALUES

271 perturbed starting value run(s) did not converge in the initial stage
optimizations.

Final stage loglikelihood values at local maxima, seeds, and initial stage start numbers:

           -1851.345  220454           288
           -1855.159  569833           85
           -1855.159  371246           101
           -1861.948  471438           252
           -1868.973  988761           475

95 perturbed starting value run(s) did not converge or were rejected in the third stage.



     WARNING:  THE BEST LOGLIKELIHOOD VALUE WAS NOT REPLICATED.  THE
     SOLUTION MAY NOT BE TRUSTWORTHY DUE TO LOCAL MAXIMA.  INCREASE THE
     NUMBER OF RANDOM STARTS.


THE MODEL ESTIMATION TERMINATED NORMALLY



MODEL FIT INFORMATION

Number of Free Parameters                       35

Loglikelihood

          H0 Value                       -1851.345
          H0 Scaling Correction Factor      1.3522
            for MLR

Information Criteria

          Akaike (AIC)                    3772.689
          Bayesian (BIC)                  3919.350
          Sample-Size Adjusted BIC        3808.261
            (n* = (n + 2) / 24)



FINAL CLASS COUNTS AND PROPORTIONS FOR THE LATENT CLASSES
BASED ON THE ESTIMATED MODEL

    Latent
   Classes

       1        229.03583          0.46934
       2         74.50983          0.15268
       3         27.82493          0.05702
       4        156.62942          0.32096


FINAL CLASS COUNTS AND PROPORTIONS FOR THE LATENT CLASSES
BASED ON ESTIMATED POSTERIOR PROBABILITIES

    Latent
   Classes

       1        229.03583          0.46934
       2         74.50983          0.15268
       3         27.82493          0.05702
       4        156.62942          0.32096


FINAL CLASS COUNTS AND PROPORTIONS FOR THE LATENT CLASSES
BASED ON THEIR MOST LIKELY LATENT CLASS MEMBERSHIP

Class Counts and Proportions

    Latent
   Classes

       1              206          0.42213
       2               77          0.15779
       3               31          0.06352
       4              174          0.35656


CLASSIFICATION QUALITY

     Entropy                         0.822


Average Latent Class Probabilities for Most Likely Latent Class Membership (Row)
by Latent Class (Column)

           1        2        3        4

    1   0.945    0.012    0.004    0.038
    2   0.088    0.891    0.017    0.004
    3   0.047    0.092    0.798    0.063
    4   0.150    0.003    0.005    0.842


Classification Probabilities for the Most Likely Latent Class Membership (Column)
by Latent Class (Row)

           1        2        3        4

    1   0.850    0.030    0.006    0.114
    2   0.034    0.921    0.038    0.007
    3   0.032    0.047    0.889    0.032
    4   0.050    0.002    0.012    0.935


Logits for the Classification Probabilities for the Most Likely Latent Class Membership (Column)
by Latent Class (Row)

              1        2        3        4

    1      2.011   -1.344   -2.880    0.000
    2      1.526    4.835    1.656    0.000
    3      0.013    0.404    3.334    0.000
    4     -2.921   -6.264   -4.318    0.000


MODEL RESULTS

                                                    Two-Tailed
                    Estimate       S.E.  Est./S.E.    P-Value

Latent Class 1

 Means
    BROAD_INTE         2.286      0.134     17.011      0.000
    ENJOYMENT          2.332      0.154     15.185      0.000
    INSTRUMENT         2.360      0.084     27.962      0.000
    SELF_EFFIC         2.361      0.055     42.638      0.000

 Variances
    BROAD_INTE         0.621      0.094      6.620      0.000
    ENJOYMENT          0.421      0.076      5.534      0.000
    INSTRUMENT         0.551      0.073      7.601      0.000
    SELF_EFFIC         0.400      0.043      9.265      0.000

Latent Class 2

 Means
    BROAD_INTE         3.218      0.150     21.389      0.000
    ENJOYMENT          3.843      0.094     40.759      0.000
    INSTRUMENT         1.780      0.111     16.014      0.000
    SELF_EFFIC         1.833      0.089     20.694      0.000

 Variances
    BROAD_INTE         0.335      0.182      1.848      0.065
    ENJOYMENT          0.046      0.031      1.502      0.133
    INSTRUMENT         0.704      0.153      4.602      0.000
    SELF_EFFIC         0.269      0.054      4.938      0.000

Latent Class 3

 Means
    BROAD_INTE         3.043      0.236     12.907      0.000
    ENJOYMENT          3.276      0.172     19.014      0.000
    INSTRUMENT         1.529      0.119     12.896      0.000
    SELF_EFFIC         1.033      0.018     57.170      0.000

 Variances
    BROAD_INTE         0.715      0.235      3.036      0.002
    ENJOYMENT          0.283      0.088      3.206      0.001
    INSTRUMENT         0.217      0.041      5.367      0.000
    SELF_EFFIC         0.003      0.001      2.797      0.005

Latent Class 4

 Means
    BROAD_INTE         2.889      0.052     55.126      0.000
    ENJOYMENT          2.969      0.018    168.838      0.000
    INSTRUMENT         2.066      0.086     24.010      0.000
    SELF_EFFIC         2.114      0.074     28.641      0.000

 Variances
    BROAD_INTE         0.233      0.071      3.266      0.001
    ENJOYMENT          0.009      0.004      2.128      0.033
    INSTRUMENT         0.362      0.131      2.751      0.006
    SELF_EFFIC         0.244      0.051      4.812      0.000

Categorical Latent Variables

 Means
    C#1                0.380      0.367      1.035      0.301
    C#2               -0.743      0.188     -3.945      0.000
    C#3               -1.728      0.293     -5.899      0.000


QUALITY OF NUMERICAL RESULTS

     Condition Number for the Information Matrix              0.136E-05
       (ratio of smallest to largest eigenvalue)


MODEL COMMAND WITH FINAL ESTIMATES USED AS STARTING VALUES

     %OVERALL%

     [ c#1*0.38000 ];
     [ c#2*-0.74295 ];
     [ c#3*-1.72795 ];

     %C#1%

     [ broad_interest*2.28576 ];
     [ enjoyment*2.33159 ];
     [ instrumental_mot*2.36025 ];
     [ self_efficacy*2.36052 ];

     broad_interest*0.62073;
     enjoyment*0.42080;
     instrumental_mot*0.55132;
     self_efficacy*0.40047;

     %C#2%

     [ broad_interest*3.21806 ];
     [ enjoyment*3.84285 ];
     [ instrumental_mot*1.77961 ];
     [ self_efficacy*1.83327 ];

     broad_interest*0.33550;
     enjoyment*0.04590;
     instrumental_mot*0.70383;
     self_efficacy*0.26858;

     %C#3%

     [ broad_interest*3.04339 ];
     [ enjoyment*3.27565 ];
     [ instrumental_mot*1.52907 ];
     [ self_efficacy*1.03312 ];

     broad_interest*0.71465;
     enjoyment*0.28261;
     instrumental_mot*0.21742;
     self_efficacy*0.00305;

     %C#4%

     [ broad_interest*2.88862 ];
     [ enjoyment*2.96925 ];
     [ instrumental_mot*2.06576 ];
     [ self_efficacy*2.11384 ];

     broad_interest*0.23302;
     enjoyment*0.00914;
     instrumental_mot*0.36160;
     self_efficacy*0.24384;



RESIDUAL OUTPUT


     ESTIMATED MODEL AND RESIDUALS (OBSERVED - ESTIMATED) FOR CLASS 1


           Model Estimated Means
              BROAD_IN      ENJOYMEN      INSTRUME      SELF_EFF
              ________      ________      ________      ________
                2.286         2.332         2.360         2.361


           Residuals for Means
              BROAD_IN      ENJOYMEN      INSTRUME      SELF_EFF
              ________      ________      ________      ________
                0.000         0.000         0.000         0.000


           Model Estimated Covariances
              BROAD_IN      ENJOYMEN      INSTRUME      SELF_EFF
              ________      ________      ________      ________
 BROAD_IN       0.621
 ENJOYMEN       0.000         0.421
 INSTRUME       0.000         0.000         0.551
 SELF_EFF       0.000         0.000         0.000         0.400


           Residuals for Covariances
              BROAD_IN      ENJOYMEN      INSTRUME      SELF_EFF
              ________      ________      ________      ________
 BROAD_IN       0.000
 ENJOYMEN       0.144         0.000
 INSTRUME      -0.046        -0.105         0.000
 SELF_EFF       0.011        -0.027         0.060         0.000


     ESTIMATED MODEL AND RESIDUALS (OBSERVED - ESTIMATED) FOR CLASS 2


           Model Estimated Means
              BROAD_IN      ENJOYMEN      INSTRUME      SELF_EFF
              ________      ________      ________      ________
                3.218         3.843         1.780         1.833


           Residuals for Means
              BROAD_IN      ENJOYMEN      INSTRUME      SELF_EFF
              ________      ________      ________      ________
                0.000         0.000         0.000         0.000


           Model Estimated Covariances
              BROAD_IN      ENJOYMEN      INSTRUME      SELF_EFF
              ________      ________      ________      ________
 BROAD_IN       0.335
 ENJOYMEN       0.000         0.046
 INSTRUME       0.000         0.000         0.704
 SELF_EFF       0.000         0.000         0.000         0.269


           Residuals for Covariances
              BROAD_IN      ENJOYMEN      INSTRUME      SELF_EFF
              ________      ________      ________      ________
 BROAD_IN       0.000
 ENJOYMEN       0.012         0.000
 INSTRUME       0.123         0.019         0.000
 SELF_EFF      -0.010        -0.007        -0.048         0.000


     ESTIMATED MODEL AND RESIDUALS (OBSERVED - ESTIMATED) FOR CLASS 3


           Model Estimated Means
              BROAD_IN      ENJOYMEN      INSTRUME      SELF_EFF
              ________      ________      ________      ________
                3.043         3.276         1.529         1.033


           Residuals for Means
              BROAD_IN      ENJOYMEN      INSTRUME      SELF_EFF
              ________      ________      ________      ________
                0.000         0.000         0.000         0.000


           Model Estimated Covariances
              BROAD_IN      ENJOYMEN      INSTRUME      SELF_EFF
              ________      ________      ________      ________
 BROAD_IN       0.715
 ENJOYMEN       0.000         0.283
 INSTRUME       0.000         0.000         0.217
 SELF_EFF       0.000         0.000         0.000         0.003


           Residuals for Covariances
              BROAD_IN      ENJOYMEN      INSTRUME      SELF_EFF
              ________      ________      ________      ________
 BROAD_IN       0.000
 ENJOYMEN       0.189         0.000
 INSTRUME      -0.017        -0.018         0.000
 SELF_EFF      -0.001         0.003         0.001         0.000


     ESTIMATED MODEL AND RESIDUALS (OBSERVED - ESTIMATED) FOR CLASS 4


           Model Estimated Means
              BROAD_IN      ENJOYMEN      INSTRUME      SELF_EFF
              ________      ________      ________      ________
                2.889         2.969         2.066         2.114


           Residuals for Means
              BROAD_IN      ENJOYMEN      INSTRUME      SELF_EFF
              ________      ________      ________      ________
                0.000         0.000         0.000         0.000


           Model Estimated Covariances
              BROAD_IN      ENJOYMEN      INSTRUME      SELF_EFF
              ________      ________      ________      ________
 BROAD_IN       0.233
 ENJOYMEN       0.000         0.009
 INSTRUME       0.000         0.000         0.362
 SELF_EFF       0.000         0.000         0.000         0.244


           Residuals for Covariances
              BROAD_IN      ENJOYMEN      INSTRUME      SELF_EFF
              ________      ________      ________      ________
 BROAD_IN       0.000
 ENJOYMEN       0.004         0.000
 INSTRUME       0.023         0.003         0.000
 SELF_EFF       0.006         0.000         0.019         0.000


TECHNICAL 11 OUTPUT

     Random Starts Specifications for the k-1 Class Analysis Model
        Number of initial stage random starts                 500
        Number of final stage optimizations                   100



     VUONG-LO-MENDELL-RUBIN LIKELIHOOD RATIO TEST FOR 3 (H0) VERSUS 4 CLASSES

          H0 Loglikelihood Value                        -1877.965
          2 Times the Loglikelihood Difference             53.240
          Difference in the Number of Parameters                9
          Mean                                             65.857
          Standard Deviation                               61.511
          P-Value                                          0.4544

     LO-MENDELL-RUBIN ADJUSTED LRT TEST

          Value                                            52.301
          P-Value                                          0.4626


TECHNICAL 14 OUTPUT

     Random Starts Specifications for the k-1 Class Analysis Model
        Number of initial stage random starts                 500
        Number of final stage optimizations                   100

     Random Starts Specification for the k-1 Class Model for Generated Data
        Number of initial stage random starts                   0
        Number of final stage optimizations for the
           initial stage random starts                          0
     Random Starts Specification for the k Class Model for Generated Data
        Number of initial stage random starts                  40
        Number of final stage optimizations                     8
     Number of bootstrap draws requested                   Varies


     PARAMETRIC BOOTSTRAPPED LIKELIHOOD RATIO TEST FOR 3 (H0) VERSUS 4 CLASSES

          H0 Loglikelihood Value                        -1877.965
          2 Times the Loglikelihood Difference             53.240
          Difference in the Number of Parameters                9
          Approximate P-Value                              0.0000
          Successful Bootstrap Draws                           20

     WARNING:  OF THE 20 BOOTSTRAP DRAWS, 16 DRAWS HAD BOTH A SMALLER LRT VALUE THAN THE
     OBSERVED LRT VALUE AND NOT A REPLICATED BEST LOGLIKELIHOOD VALUE FOR THE 4-CLASS MODEL.
     THIS MEANS THAT THE P-VALUE MAY NOT BE TRUSTWORTHY DUE TO LOCAL MAXIMA.
     INCREASE THE NUMBER OF RANDOM STARTS USING THE LRTSTARTS OPTION.



     Beginning Time:  17:01:48
        Ending Time:  17:02:29
       Elapsed Time:  00:00:41



MUTHEN & MUTHEN
3463 Stoner Ave.
Los Angeles, CA  90066

Tel: (310) 391-9971
Fax: (310) 391-8971
Web: www.StatModel.com
Support: Support@StatModel.com

Copyright (c) 1998-2024 Muthen & Muthen
